[ 2020-05-28T21:45:27+08:00 ] 127.0.0.1 127.0.0.1 GET /
[ log ] mybk.com/ [运行时间：0.252278s][吞吐率：3.96req/s] [内存消耗：1,405.65kb] [文件加载：41]
[ info ] [ LANG ] D:\wamp\work\mybk11\thinkphp\lang\zh-cn.php
[ info ] [ ROUTE ] array (
  'type' => 'module',
  'module' => 
  array (
    0 => '',
    1 => NULL,
    2 => NULL,
  ),
)
[ info ] [ HEADER ] array (
  'accept-language' => 'zh-CN,zh;q=0.8',
  'accept-encoding' => 'gzip, deflate, sdch',
  'accept' => 'text/html,application/xhtml+xml,application/xml;q=0.9,image/webp,*/*;q=0.8',
  'user-agent' => 'Mozilla/5.0 (Windows NT 10.0; WOW64) AppleWebKit/537.36 (KHTML, like Gecko) Chrome/55.0.2883.87 Safari/537.36',
  'upgrade-insecure-requests' => '1',
  'connection' => 'keep-alive',
  'host' => 'mybk.com',
  'content-length' => '',
  'content-type' => '',
)
[ info ] [ PARAM ] array (
)
[ info ] [ SESSION ] INIT array (
  'id' => '',
  'var_session_id' => '',
  'prefix' => 'think',
  'type' => '',
  'auto_start' => true,
)
[ info ] [ CACHE ] INIT File
[ info ] [ LOG ] INIT File

---------------------------------------------------------------
[ 2020-05-28T21:46:55+08:00 ] 127.0.0.1 127.0.0.1 GET /
[ log ] mybk.com/ [运行时间：1.228401s][吞吐率：0.81req/s] [内存消耗：2,584.05kb] [文件加载：56]
[ info ] [ LANG ] D:\wamp\work\mybk11\thinkphp\lang\zh-cn.php
[ info ] [ ROUTE ] array (
  'type' => 'module',
  'module' => 
  array (
    0 => '',
    1 => NULL,
    2 => NULL,
  ),
)
[ info ] [ HEADER ] array (
  'cookie' => 'PHPSESSID=1nkooelalblo0tc5flqa56ncs5; __guid=45437624.3697403117086727700.1590673527845.9521; monitor_count=1',
  'accept-language' => 'zh-CN,zh;q=0.8',
  'accept-encoding' => 'gzip, deflate, sdch',
  'accept' => 'text/html,application/xhtml+xml,application/xml;q=0.9,image/webp,*/*;q=0.8',
  'user-agent' => 'Mozilla/5.0 (Windows NT 10.0; WOW64) AppleWebKit/537.36 (KHTML, like Gecko) Chrome/55.0.2883.87 Safari/537.36',
  'upgrade-insecure-requests' => '1',
  'cache-control' => 'max-age=0',
  'connection' => 'keep-alive',
  'host' => 'mybk.com',
  'content-length' => '',
  'content-type' => '',
)
[ info ] [ PARAM ] array (
)
[ info ] [ SESSION ] INIT array (
  'id' => '',
  'var_session_id' => '',
  'prefix' => 'think',
  'type' => '',
  'auto_start' => true,
)
[ info ] [ CACHE ] INIT File
[ info ] [ DB ] INIT mysql
[ info ] [ RUN ] app\index\controller\Index->index[ D:\wamp\work\mybk11\application\index\controller\Index.php ]
[ info ] [ VIEW ] ./template/laozhang/index\index.html [ array (
  0 => 'settings',
  1 => 'categorys',
  2 => 'search_model_select',
  3 => 'seo',
  4 => 'links',
  5 => 'recommend_list',
  6 => 'new_list',
  7 => 'hot_list',
) ]
[ info ] [ LOG ] INIT File
[ error ] [2]Use of undefined constant image_url - assumed 'image_url' (this will throw an Error in a future version of PHP)[D:\wamp\work\mybk11\runtime\temp\dc249e5f79fe156c6fb33e70f1236387.php:128]
[ error ] [2]Use of undefined constant image_url - assumed 'image_url' (this will throw an Error in a future version of PHP)[D:\wamp\work\mybk11\runtime\temp\dc249e5f79fe156c6fb33e70f1236387.php:128]
[ error ] [2]Use of undefined constant image_url - assumed 'image_url' (this will throw an Error in a future version of PHP)[D:\wamp\work\mybk11\runtime\temp\dc249e5f79fe156c6fb33e70f1236387.php:129]
[ error ] [2]Use of undefined constant image_url - assumed 'image_url' (this will throw an Error in a future version of PHP)[D:\wamp\work\mybk11\runtime\temp\dc249e5f79fe156c6fb33e70f1236387.php:129]
[ error ] [2]Use of undefined constant image_url - assumed 'image_url' (this will throw an Error in a future version of PHP)[D:\wamp\work\mybk11\runtime\temp\dc249e5f79fe156c6fb33e70f1236387.php:128]
[ error ] [2]Use of undefined constant image_url - assumed 'image_url' (this will throw an Error in a future version of PHP)[D:\wamp\work\mybk11\runtime\temp\dc249e5f79fe156c6fb33e70f1236387.php:128]
[ error ] [2]Use of undefined constant image_url - assumed 'image_url' (this will throw an Error in a future version of PHP)[D:\wamp\work\mybk11\runtime\temp\dc249e5f79fe156c6fb33e70f1236387.php:129]
[ error ] [2]Use of undefined constant image_url - assumed 'image_url' (this will throw an Error in a future version of PHP)[D:\wamp\work\mybk11\runtime\temp\dc249e5f79fe156c6fb33e70f1236387.php:129]
[ error ] [2]Use of undefined constant image_url - assumed 'image_url' (this will throw an Error in a future version of PHP)[D:\wamp\work\mybk11\runtime\temp\dc249e5f79fe156c6fb33e70f1236387.php:128]
[ error ] [2]Use of undefined constant image_url - assumed 'image_url' (this will throw an Error in a future version of PHP)[D:\wamp\work\mybk11\runtime\temp\dc249e5f79fe156c6fb33e70f1236387.php:128]
[ error ] [2]Use of undefined constant image_url - assumed 'image_url' (this will throw an Error in a future version of PHP)[D:\wamp\work\mybk11\runtime\temp\dc249e5f79fe156c6fb33e70f1236387.php:129]
[ error ] [2]Use of undefined constant image_url - assumed 'image_url' (this will throw an Error in a future version of PHP)[D:\wamp\work\mybk11\runtime\temp\dc249e5f79fe156c6fb33e70f1236387.php:129]
[ error ] [2]Use of undefined constant image_url - assumed 'image_url' (this will throw an Error in a future version of PHP)[D:\wamp\work\mybk11\runtime\temp\dc249e5f79fe156c6fb33e70f1236387.php:128]
[ error ] [2]Use of undefined constant image_url - assumed 'image_url' (this will throw an Error in a future version of PHP)[D:\wamp\work\mybk11\runtime\temp\dc249e5f79fe156c6fb33e70f1236387.php:128]
[ error ] [2]Use of undefined constant image_url - assumed 'image_url' (this will throw an Error in a future version of PHP)[D:\wamp\work\mybk11\runtime\temp\dc249e5f79fe156c6fb33e70f1236387.php:129]
[ error ] [2]Use of undefined constant image_url - assumed 'image_url' (this will throw an Error in a future version of PHP)[D:\wamp\work\mybk11\runtime\temp\dc249e5f79fe156c6fb33e70f1236387.php:129]
[ error ] [2]Use of undefined constant image_url - assumed 'image_url' (this will throw an Error in a future version of PHP)[D:\wamp\work\mybk11\runtime\temp\dc249e5f79fe156c6fb33e70f1236387.php:128]
[ error ] [2]Use of undefined constant image_url - assumed 'image_url' (this will throw an Error in a future version of PHP)[D:\wamp\work\mybk11\runtime\temp\dc249e5f79fe156c6fb33e70f1236387.php:128]
[ error ] [2]Use of undefined constant image_url - assumed 'image_url' (this will throw an Error in a future version of PHP)[D:\wamp\work\mybk11\runtime\temp\dc249e5f79fe156c6fb33e70f1236387.php:129]
[ error ] [2]Use of undefined constant image_url - assumed 'image_url' (this will throw an Error in a future version of PHP)[D:\wamp\work\mybk11\runtime\temp\dc249e5f79fe156c6fb33e70f1236387.php:129]
[ error ] [2]Use of undefined constant image_url - assumed 'image_url' (this will throw an Error in a future version of PHP)[D:\wamp\work\mybk11\runtime\temp\dc249e5f79fe156c6fb33e70f1236387.php:128]
[ error ] [2]Use of undefined constant image_url - assumed 'image_url' (this will throw an Error in a future version of PHP)[D:\wamp\work\mybk11\runtime\temp\dc249e5f79fe156c6fb33e70f1236387.php:128]
[ error ] [2]Use of undefined constant image_url - assumed 'image_url' (this will throw an Error in a future version of PHP)[D:\wamp\work\mybk11\runtime\temp\dc249e5f79fe156c6fb33e70f1236387.php:129]
[ error ] [2]Use of undefined constant image_url - assumed 'image_url' (this will throw an Error in a future version of PHP)[D:\wamp\work\mybk11\runtime\temp\dc249e5f79fe156c6fb33e70f1236387.php:129]
[ error ] [2]Use of undefined constant image_url - assumed 'image_url' (this will throw an Error in a future version of PHP)[D:\wamp\work\mybk11\runtime\temp\dc249e5f79fe156c6fb33e70f1236387.php:128]
[ error ] [2]Use of undefined constant image_url - assumed 'image_url' (this will throw an Error in a future version of PHP)[D:\wamp\work\mybk11\runtime\temp\dc249e5f79fe156c6fb33e70f1236387.php:128]
[ error ] [2]Use of undefined constant image_url - assumed 'image_url' (this will throw an Error in a future version of PHP)[D:\wamp\work\mybk11\runtime\temp\dc249e5f79fe156c6fb33e70f1236387.php:129]
[ error ] [2]Use of undefined constant image_url - assumed 'image_url' (this will throw an Error in a future version of PHP)[D:\wamp\work\mybk11\runtime\temp\dc249e5f79fe156c6fb33e70f1236387.php:129]
[ error ] [2]Use of undefined constant image_url - assumed 'image_url' (this will throw an Error in a future version of PHP)[D:\wamp\work\mybk11\runtime\temp\dc249e5f79fe156c6fb33e70f1236387.php:128]
[ error ] [2]Use of undefined constant image_url - assumed 'image_url' (this will throw an Error in a future version of PHP)[D:\wamp\work\mybk11\runtime\temp\dc249e5f79fe156c6fb33e70f1236387.php:128]
[ error ] [2]Use of undefined constant image_url - assumed 'image_url' (this will throw an Error in a future version of PHP)[D:\wamp\work\mybk11\runtime\temp\dc249e5f79fe156c6fb33e70f1236387.php:129]
[ error ] [2]Use of undefined constant image_url - assumed 'image_url' (this will throw an Error in a future version of PHP)[D:\wamp\work\mybk11\runtime\temp\dc249e5f79fe156c6fb33e70f1236387.php:129]
[ error ] [8]未定义数组索引: nickname[D:\wamp\work\mybk11\runtime\temp\dc249e5f79fe156c6fb33e70f1236387.php:186]

---------------------------------------------------------------
[ 2020-05-28T21:47:03+08:00 ] 127.0.0.1 127.0.0.1 GET /
[ log ] mybk.com/ [运行时间：0.091320s][吞吐率：10.95req/s] [内存消耗：2,584.05kb] [文件加载：56]
[ info ] [ LANG ] D:\wamp\work\mybk11\thinkphp\lang\zh-cn.php
[ info ] [ ROUTE ] array (
  'type' => 'module',
  'module' => 
  array (
    0 => '',
    1 => NULL,
    2 => NULL,
  ),
)
[ info ] [ HEADER ] array (
  'cookie' => 'PHPSESSID=1nkooelalblo0tc5flqa56ncs5; __guid=45437624.3697403117086727700.1590673527845.9521; monitor_count=2',
  'accept-language' => 'zh-CN,zh;q=0.8',
  'accept-encoding' => 'gzip, deflate, sdch',
  'referer' => 'http://mybk.com/',
  'accept' => 'text/html,application/xhtml+xml,application/xml;q=0.9,image/webp,*/*;q=0.8',
  'user-agent' => 'Mozilla/5.0 (Windows NT 10.0; WOW64) AppleWebKit/537.36 (KHTML, like Gecko) Chrome/55.0.2883.87 Safari/537.36',
  'upgrade-insecure-requests' => '1',
  'connection' => 'keep-alive',
  'host' => 'mybk.com',
  'content-length' => '',
  'content-type' => '',
)
[ info ] [ PARAM ] array (
)
[ info ] [ SESSION ] INIT array (
  'id' => '',
  'var_session_id' => '',
  'prefix' => 'think',
  'type' => '',
  'auto_start' => true,
)
[ info ] [ CACHE ] INIT File
[ info ] [ DB ] INIT mysql
[ info ] [ RUN ] app\index\controller\Index->index[ D:\wamp\work\mybk11\application\index\controller\Index.php ]
[ info ] [ VIEW ] ./template/laozhang/index\index.html [ array (
  0 => 'settings',
  1 => 'categorys',
  2 => 'search_model_select',
  3 => 'seo',
  4 => 'links',
  5 => 'recommend_list',
  6 => 'new_list',
  7 => 'hot_list',
) ]
[ info ] [ LOG ] INIT File
[ error ] [2]Use of undefined constant image_url - assumed 'image_url' (this will throw an Error in a future version of PHP)[D:\wamp\work\mybk11\runtime\temp\dc249e5f79fe156c6fb33e70f1236387.php:128]
[ error ] [2]Use of undefined constant image_url - assumed 'image_url' (this will throw an Error in a future version of PHP)[D:\wamp\work\mybk11\runtime\temp\dc249e5f79fe156c6fb33e70f1236387.php:128]
[ error ] [2]Use of undefined constant image_url - assumed 'image_url' (this will throw an Error in a future version of PHP)[D:\wamp\work\mybk11\runtime\temp\dc249e5f79fe156c6fb33e70f1236387.php:129]
[ error ] [2]Use of undefined constant image_url - assumed 'image_url' (this will throw an Error in a future version of PHP)[D:\wamp\work\mybk11\runtime\temp\dc249e5f79fe156c6fb33e70f1236387.php:129]
[ error ] [2]Use of undefined constant image_url - assumed 'image_url' (this will throw an Error in a future version of PHP)[D:\wamp\work\mybk11\runtime\temp\dc249e5f79fe156c6fb33e70f1236387.php:128]
[ error ] [2]Use of undefined constant image_url - assumed 'image_url' (this will throw an Error in a future version of PHP)[D:\wamp\work\mybk11\runtime\temp\dc249e5f79fe156c6fb33e70f1236387.php:128]
[ error ] [2]Use of undefined constant image_url - assumed 'image_url' (this will throw an Error in a future version of PHP)[D:\wamp\work\mybk11\runtime\temp\dc249e5f79fe156c6fb33e70f1236387.php:129]
[ error ] [2]Use of undefined constant image_url - assumed 'image_url' (this will throw an Error in a future version of PHP)[D:\wamp\work\mybk11\runtime\temp\dc249e5f79fe156c6fb33e70f1236387.php:129]
[ error ] [2]Use of undefined constant image_url - assumed 'image_url' (this will throw an Error in a future version of PHP)[D:\wamp\work\mybk11\runtime\temp\dc249e5f79fe156c6fb33e70f1236387.php:128]
[ error ] [2]Use of undefined constant image_url - assumed 'image_url' (this will throw an Error in a future version of PHP)[D:\wamp\work\mybk11\runtime\temp\dc249e5f79fe156c6fb33e70f1236387.php:128]
[ error ] [2]Use of undefined constant image_url - assumed 'image_url' (this will throw an Error in a future version of PHP)[D:\wamp\work\mybk11\runtime\temp\dc249e5f79fe156c6fb33e70f1236387.php:129]
[ error ] [2]Use of undefined constant image_url - assumed 'image_url' (this will throw an Error in a future version of PHP)[D:\wamp\work\mybk11\runtime\temp\dc249e5f79fe156c6fb33e70f1236387.php:129]
[ error ] [2]Use of undefined constant image_url - assumed 'image_url' (this will throw an Error in a future version of PHP)[D:\wamp\work\mybk11\runtime\temp\dc249e5f79fe156c6fb33e70f1236387.php:128]
[ error ] [2]Use of undefined constant image_url - assumed 'image_url' (this will throw an Error in a future version of PHP)[D:\wamp\work\mybk11\runtime\temp\dc249e5f79fe156c6fb33e70f1236387.php:128]
[ error ] [2]Use of undefined constant image_url - assumed 'image_url' (this will throw an Error in a future version of PHP)[D:\wamp\work\mybk11\runtime\temp\dc249e5f79fe156c6fb33e70f1236387.php:129]
[ error ] [2]Use of undefined constant image_url - assumed 'image_url' (this will throw an Error in a future version of PHP)[D:\wamp\work\mybk11\runtime\temp\dc249e5f79fe156c6fb33e70f1236387.php:129]
[ error ] [2]Use of undefined constant image_url - assumed 'image_url' (this will throw an Error in a future version of PHP)[D:\wamp\work\mybk11\runtime\temp\dc249e5f79fe156c6fb33e70f1236387.php:128]
[ error ] [2]Use of undefined constant image_url - assumed 'image_url' (this will throw an Error in a future version of PHP)[D:\wamp\work\mybk11\runtime\temp\dc249e5f79fe156c6fb33e70f1236387.php:128]
[ error ] [2]Use of undefined constant image_url - assumed 'image_url' (this will throw an Error in a future version of PHP)[D:\wamp\work\mybk11\runtime\temp\dc249e5f79fe156c6fb33e70f1236387.php:129]
[ error ] [2]Use of undefined constant image_url - assumed 'image_url' (this will throw an Error in a future version of PHP)[D:\wamp\work\mybk11\runtime\temp\dc249e5f79fe156c6fb33e70f1236387.php:129]
[ error ] [2]Use of undefined constant image_url - assumed 'image_url' (this will throw an Error in a future version of PHP)[D:\wamp\work\mybk11\runtime\temp\dc249e5f79fe156c6fb33e70f1236387.php:128]
[ error ] [2]Use of undefined constant image_url - assumed 'image_url' (this will throw an Error in a future version of PHP)[D:\wamp\work\mybk11\runtime\temp\dc249e5f79fe156c6fb33e70f1236387.php:128]
[ error ] [2]Use of undefined constant image_url - assumed 'image_url' (this will throw an Error in a future version of PHP)[D:\wamp\work\mybk11\runtime\temp\dc249e5f79fe156c6fb33e70f1236387.php:129]
[ error ] [2]Use of undefined constant image_url - assumed 'image_url' (this will throw an Error in a future version of PHP)[D:\wamp\work\mybk11\runtime\temp\dc249e5f79fe156c6fb33e70f1236387.php:129]
[ error ] [2]Use of undefined constant image_url - assumed 'image_url' (this will throw an Error in a future version of PHP)[D:\wamp\work\mybk11\runtime\temp\dc249e5f79fe156c6fb33e70f1236387.php:128]
[ error ] [2]Use of undefined constant image_url - assumed 'image_url' (this will throw an Error in a future version of PHP)[D:\wamp\work\mybk11\runtime\temp\dc249e5f79fe156c6fb33e70f1236387.php:128]
[ error ] [2]Use of undefined constant image_url - assumed 'image_url' (this will throw an Error in a future version of PHP)[D:\wamp\work\mybk11\runtime\temp\dc249e5f79fe156c6fb33e70f1236387.php:129]
[ error ] [2]Use of undefined constant image_url - assumed 'image_url' (this will throw an Error in a future version of PHP)[D:\wamp\work\mybk11\runtime\temp\dc249e5f79fe156c6fb33e70f1236387.php:129]
[ error ] [2]Use of undefined constant image_url - assumed 'image_url' (this will throw an Error in a future version of PHP)[D:\wamp\work\mybk11\runtime\temp\dc249e5f79fe156c6fb33e70f1236387.php:128]
[ error ] [2]Use of undefined constant image_url - assumed 'image_url' (this will throw an Error in a future version of PHP)[D:\wamp\work\mybk11\runtime\temp\dc249e5f79fe156c6fb33e70f1236387.php:128]
[ error ] [2]Use of undefined constant image_url - assumed 'image_url' (this will throw an Error in a future version of PHP)[D:\wamp\work\mybk11\runtime\temp\dc249e5f79fe156c6fb33e70f1236387.php:129]
[ error ] [2]Use of undefined constant image_url - assumed 'image_url' (this will throw an Error in a future version of PHP)[D:\wamp\work\mybk11\runtime\temp\dc249e5f79fe156c6fb33e70f1236387.php:129]
[ error ] [8]未定义数组索引: nickname[D:\wamp\work\mybk11\runtime\temp\dc249e5f79fe156c6fb33e70f1236387.php:186]

---------------------------------------------------------------
[ 2020-05-28T21:48:02+08:00 ] 127.0.0.1 127.0.0.1 GET /
[ log ] mybk.cc/ [运行时间：0.396997s][吞吐率：2.52req/s] [内存消耗：2,583.57kb] [文件加载：56]
[ info ] [ LANG ] D:\wamp\work\mybk\thinkphp\lang\zh-cn.php
[ info ] [ ROUTE ] array (
  'type' => 'module',
  'module' => 
  array (
    0 => '',
    1 => NULL,
    2 => NULL,
  ),
)
[ info ] [ HEADER ] array (
  'cookie' => 'sid=225375750.467017238.1590672128568.1590672155108; PHPSESSID=t9g9b7ijmhjdsn9g7ksjlrv6pk',
  'accept-language' => 'zh-CN,zh;q=0.9,en;q=0.8,und;q=0.7',
  'accept-encoding' => 'gzip, deflate',
  'accept' => 'text/html,application/xhtml+xml,application/xml;q=0.9,image/webp,image/apng,*/*;q=0.8,application/signed-exchange;v=b3',
  'user-agent' => 'Mozilla/5.0 (Windows NT 10.0; Win64; x64) AppleWebKit/537.36 (KHTML, like Gecko) Chrome/78.0.3904.87 Safari/537.36',
  'upgrade-insecure-requests' => '1',
  'connection' => 'keep-alive',
  'host' => 'mybk.cc',
  'content-length' => '',
  'content-type' => '',
)
[ info ] [ PARAM ] array (
)
[ info ] [ SESSION ] INIT array (
  'id' => '',
  'var_session_id' => '',
  'prefix' => 'think',
  'type' => '',
  'auto_start' => true,
)
[ info ] [ CACHE ] INIT File
[ info ] [ DB ] INIT mysql
[ info ] [ RUN ] app\index\controller\Index->index[ D:\wamp\work\mybk\application\index\controller\Index.php ]
[ info ] [ VIEW ] ./template/laozhang/index\index.html [ array (
  0 => 'settings',
  1 => 'categorys',
  2 => 'search_model_select',
  3 => 'seo',
  4 => 'links',
  5 => 'recommend_list',
  6 => 'new_list',
  7 => 'hot_list',
) ]
[ info ] [ LOG ] INIT File
[ error ] [2]Use of undefined constant image_url - assumed 'image_url' (this will throw an Error in a future version of PHP)[D:\wamp\work\mybk\runtime\temp\dc249e5f79fe156c6fb33e70f1236387.php:128]
[ error ] [2]Use of undefined constant image_url - assumed 'image_url' (this will throw an Error in a future version of PHP)[D:\wamp\work\mybk\runtime\temp\dc249e5f79fe156c6fb33e70f1236387.php:128]
[ error ] [2]Use of undefined constant image_url - assumed 'image_url' (this will throw an Error in a future version of PHP)[D:\wamp\work\mybk\runtime\temp\dc249e5f79fe156c6fb33e70f1236387.php:129]
[ error ] [2]Use of undefined constant image_url - assumed 'image_url' (this will throw an Error in a future version of PHP)[D:\wamp\work\mybk\runtime\temp\dc249e5f79fe156c6fb33e70f1236387.php:129]
[ error ] [2]Use of undefined constant image_url - assumed 'image_url' (this will throw an Error in a future version of PHP)[D:\wamp\work\mybk\runtime\temp\dc249e5f79fe156c6fb33e70f1236387.php:128]
[ error ] [2]Use of undefined constant image_url - assumed 'image_url' (this will throw an Error in a future version of PHP)[D:\wamp\work\mybk\runtime\temp\dc249e5f79fe156c6fb33e70f1236387.php:128]
[ error ] [2]Use of undefined constant image_url - assumed 'image_url' (this will throw an Error in a future version of PHP)[D:\wamp\work\mybk\runtime\temp\dc249e5f79fe156c6fb33e70f1236387.php:129]
[ error ] [2]Use of undefined constant image_url - assumed 'image_url' (this will throw an Error in a future version of PHP)[D:\wamp\work\mybk\runtime\temp\dc249e5f79fe156c6fb33e70f1236387.php:129]
[ error ] [2]Use of undefined constant image_url - assumed 'image_url' (this will throw an Error in a future version of PHP)[D:\wamp\work\mybk\runtime\temp\dc249e5f79fe156c6fb33e70f1236387.php:128]
[ error ] [2]Use of undefined constant image_url - assumed 'image_url' (this will throw an Error in a future version of PHP)[D:\wamp\work\mybk\runtime\temp\dc249e5f79fe156c6fb33e70f1236387.php:128]
[ error ] [2]Use of undefined constant image_url - assumed 'image_url' (this will throw an Error in a future version of PHP)[D:\wamp\work\mybk\runtime\temp\dc249e5f79fe156c6fb33e70f1236387.php:129]
[ error ] [2]Use of undefined constant image_url - assumed 'image_url' (this will throw an Error in a future version of PHP)[D:\wamp\work\mybk\runtime\temp\dc249e5f79fe156c6fb33e70f1236387.php:129]
[ error ] [2]Use of undefined constant image_url - assumed 'image_url' (this will throw an Error in a future version of PHP)[D:\wamp\work\mybk\runtime\temp\dc249e5f79fe156c6fb33e70f1236387.php:128]
[ error ] [2]Use of undefined constant image_url - assumed 'image_url' (this will throw an Error in a future version of PHP)[D:\wamp\work\mybk\runtime\temp\dc249e5f79fe156c6fb33e70f1236387.php:128]
[ error ] [2]Use of undefined constant image_url - assumed 'image_url' (this will throw an Error in a future version of PHP)[D:\wamp\work\mybk\runtime\temp\dc249e5f79fe156c6fb33e70f1236387.php:129]
[ error ] [2]Use of undefined constant image_url - assumed 'image_url' (this will throw an Error in a future version of PHP)[D:\wamp\work\mybk\runtime\temp\dc249e5f79fe156c6fb33e70f1236387.php:129]
[ error ] [2]Use of undefined constant image_url - assumed 'image_url' (this will throw an Error in a future version of PHP)[D:\wamp\work\mybk\runtime\temp\dc249e5f79fe156c6fb33e70f1236387.php:128]
[ error ] [2]Use of undefined constant image_url - assumed 'image_url' (this will throw an Error in a future version of PHP)[D:\wamp\work\mybk\runtime\temp\dc249e5f79fe156c6fb33e70f1236387.php:128]
[ error ] [2]Use of undefined constant image_url - assumed 'image_url' (this will throw an Error in a future version of PHP)[D:\wamp\work\mybk\runtime\temp\dc249e5f79fe156c6fb33e70f1236387.php:129]
[ error ] [2]Use of undefined constant image_url - assumed 'image_url' (this will throw an Error in a future version of PHP)[D:\wamp\work\mybk\runtime\temp\dc249e5f79fe156c6fb33e70f1236387.php:129]
[ error ] [2]Use of undefined constant image_url - assumed 'image_url' (this will throw an Error in a future version of PHP)[D:\wamp\work\mybk\runtime\temp\dc249e5f79fe156c6fb33e70f1236387.php:128]
[ error ] [2]Use of undefined constant image_url - assumed 'image_url' (this will throw an Error in a future version of PHP)[D:\wamp\work\mybk\runtime\temp\dc249e5f79fe156c6fb33e70f1236387.php:128]
[ error ] [2]Use of undefined constant image_url - assumed 'image_url' (this will throw an Error in a future version of PHP)[D:\wamp\work\mybk\runtime\temp\dc249e5f79fe156c6fb33e70f1236387.php:129]
[ error ] [2]Use of undefined constant image_url - assumed 'image_url' (this will throw an Error in a future version of PHP)[D:\wamp\work\mybk\runtime\temp\dc249e5f79fe156c6fb33e70f1236387.php:129]
[ error ] [2]Use of undefined constant image_url - assumed 'image_url' (this will throw an Error in a future version of PHP)[D:\wamp\work\mybk\runtime\temp\dc249e5f79fe156c6fb33e70f1236387.php:128]
[ error ] [2]Use of undefined constant image_url - assumed 'image_url' (this will throw an Error in a future version of PHP)[D:\wamp\work\mybk\runtime\temp\dc249e5f79fe156c6fb33e70f1236387.php:128]
[ error ] [2]Use of undefined constant image_url - assumed 'image_url' (this will throw an Error in a future version of PHP)[D:\wamp\work\mybk\runtime\temp\dc249e5f79fe156c6fb33e70f1236387.php:129]
[ error ] [2]Use of undefined constant image_url - assumed 'image_url' (this will throw an Error in a future version of PHP)[D:\wamp\work\mybk\runtime\temp\dc249e5f79fe156c6fb33e70f1236387.php:129]
[ error ] [2]Use of undefined constant image_url - assumed 'image_url' (this will throw an Error in a future version of PHP)[D:\wamp\work\mybk\runtime\temp\dc249e5f79fe156c6fb33e70f1236387.php:128]
[ error ] [2]Use of undefined constant image_url - assumed 'image_url' (this will throw an Error in a future version of PHP)[D:\wamp\work\mybk\runtime\temp\dc249e5f79fe156c6fb33e70f1236387.php:128]
[ error ] [2]Use of undefined constant image_url - assumed 'image_url' (this will throw an Error in a future version of PHP)[D:\wamp\work\mybk\runtime\temp\dc249e5f79fe156c6fb33e70f1236387.php:129]
[ error ] [2]Use of undefined constant image_url - assumed 'image_url' (this will throw an Error in a future version of PHP)[D:\wamp\work\mybk\runtime\temp\dc249e5f79fe156c6fb33e70f1236387.php:129]
[ error ] [8]未定义数组索引: nickname[D:\wamp\work\mybk\runtime\temp\dc249e5f79fe156c6fb33e70f1236387.php:186]

---------------------------------------------------------------
[ 2020-05-28T21:48:06+08:00 ] 127.0.0.1 127.0.0.1 GET /
[ log ] mybk.cc/ [运行时间：0.093787s][吞吐率：10.66req/s] [内存消耗：2,583.57kb] [文件加载：56]
[ info ] [ LANG ] D:\wamp\work\mybk\thinkphp\lang\zh-cn.php
[ info ] [ ROUTE ] array (
  'type' => 'module',
  'module' => 
  array (
    0 => '',
    1 => NULL,
    2 => NULL,
  ),
)
[ info ] [ HEADER ] array (
  'cookie' => 'sid=225375750.467017238.1590672128568.1590672155108; PHPSESSID=t9g9b7ijmhjdsn9g7ksjlrv6pk',
  'accept-language' => 'zh-CN,zh;q=0.9,en;q=0.8,und;q=0.7',
  'accept-encoding' => 'gzip, deflate',
  'accept' => 'text/html,application/xhtml+xml,application/xml;q=0.9,image/webp,image/apng,*/*;q=0.8,application/signed-exchange;v=b3',
  'user-agent' => 'Mozilla/5.0 (Windows NT 10.0; Win64; x64) AppleWebKit/537.36 (KHTML, like Gecko) Chrome/78.0.3904.87 Safari/537.36',
  'upgrade-insecure-requests' => '1',
  'connection' => 'keep-alive',
  'host' => 'mybk.cc',
  'content-length' => '',
  'content-type' => '',
)
[ info ] [ PARAM ] array (
)
[ info ] [ SESSION ] INIT array (
  'id' => '',
  'var_session_id' => '',
  'prefix' => 'think',
  'type' => '',
  'auto_start' => true,
)
[ info ] [ CACHE ] INIT File
[ info ] [ DB ] INIT mysql
[ info ] [ RUN ] app\index\controller\Index->index[ D:\wamp\work\mybk\application\index\controller\Index.php ]
[ info ] [ VIEW ] ./template/laozhang/index\index.html [ array (
  0 => 'settings',
  1 => 'categorys',
  2 => 'search_model_select',
  3 => 'seo',
  4 => 'links',
  5 => 'recommend_list',
  6 => 'new_list',
  7 => 'hot_list',
) ]
[ info ] [ LOG ] INIT File
[ error ] [2]Use of undefined constant image_url - assumed 'image_url' (this will throw an Error in a future version of PHP)[D:\wamp\work\mybk\runtime\temp\dc249e5f79fe156c6fb33e70f1236387.php:128]
[ error ] [2]Use of undefined constant image_url - assumed 'image_url' (this will throw an Error in a future version of PHP)[D:\wamp\work\mybk\runtime\temp\dc249e5f79fe156c6fb33e70f1236387.php:128]
[ error ] [2]Use of undefined constant image_url - assumed 'image_url' (this will throw an Error in a future version of PHP)[D:\wamp\work\mybk\runtime\temp\dc249e5f79fe156c6fb33e70f1236387.php:129]
[ error ] [2]Use of undefined constant image_url - assumed 'image_url' (this will throw an Error in a future version of PHP)[D:\wamp\work\mybk\runtime\temp\dc249e5f79fe156c6fb33e70f1236387.php:129]
[ error ] [2]Use of undefined constant image_url - assumed 'image_url' (this will throw an Error in a future version of PHP)[D:\wamp\work\mybk\runtime\temp\dc249e5f79fe156c6fb33e70f1236387.php:128]
[ error ] [2]Use of undefined constant image_url - assumed 'image_url' (this will throw an Error in a future version of PHP)[D:\wamp\work\mybk\runtime\temp\dc249e5f79fe156c6fb33e70f1236387.php:128]
[ error ] [2]Use of undefined constant image_url - assumed 'image_url' (this will throw an Error in a future version of PHP)[D:\wamp\work\mybk\runtime\temp\dc249e5f79fe156c6fb33e70f1236387.php:129]
[ error ] [2]Use of undefined constant image_url - assumed 'image_url' (this will throw an Error in a future version of PHP)[D:\wamp\work\mybk\runtime\temp\dc249e5f79fe156c6fb33e70f1236387.php:129]
[ error ] [2]Use of undefined constant image_url - assumed 'image_url' (this will throw an Error in a future version of PHP)[D:\wamp\work\mybk\runtime\temp\dc249e5f79fe156c6fb33e70f1236387.php:128]
[ error ] [2]Use of undefined constant image_url - assumed 'image_url' (this will throw an Error in a future version of PHP)[D:\wamp\work\mybk\runtime\temp\dc249e5f79fe156c6fb33e70f1236387.php:128]
[ error ] [2]Use of undefined constant image_url - assumed 'image_url' (this will throw an Error in a future version of PHP)[D:\wamp\work\mybk\runtime\temp\dc249e5f79fe156c6fb33e70f1236387.php:129]
[ error ] [2]Use of undefined constant image_url - assumed 'image_url' (this will throw an Error in a future version of PHP)[D:\wamp\work\mybk\runtime\temp\dc249e5f79fe156c6fb33e70f1236387.php:129]
[ error ] [2]Use of undefined constant image_url - assumed 'image_url' (this will throw an Error in a future version of PHP)[D:\wamp\work\mybk\runtime\temp\dc249e5f79fe156c6fb33e70f1236387.php:128]
[ error ] [2]Use of undefined constant image_url - assumed 'image_url' (this will throw an Error in a future version of PHP)[D:\wamp\work\mybk\runtime\temp\dc249e5f79fe156c6fb33e70f1236387.php:128]
[ error ] [2]Use of undefined constant image_url - assumed 'image_url' (this will throw an Error in a future version of PHP)[D:\wamp\work\mybk\runtime\temp\dc249e5f79fe156c6fb33e70f1236387.php:129]
[ error ] [2]Use of undefined constant image_url - assumed 'image_url' (this will throw an Error in a future version of PHP)[D:\wamp\work\mybk\runtime\temp\dc249e5f79fe156c6fb33e70f1236387.php:129]
[ error ] [2]Use of undefined constant image_url - assumed 'image_url' (this will throw an Error in a future version of PHP)[D:\wamp\work\mybk\runtime\temp\dc249e5f79fe156c6fb33e70f1236387.php:128]
[ error ] [2]Use of undefined constant image_url - assumed 'image_url' (this will throw an Error in a future version of PHP)[D:\wamp\work\mybk\runtime\temp\dc249e5f79fe156c6fb33e70f1236387.php:128]
[ error ] [2]Use of undefined constant image_url - assumed 'image_url' (this will throw an Error in a future version of PHP)[D:\wamp\work\mybk\runtime\temp\dc249e5f79fe156c6fb33e70f1236387.php:129]
[ error ] [2]Use of undefined constant image_url - assumed 'image_url' (this will throw an Error in a future version of PHP)[D:\wamp\work\mybk\runtime\temp\dc249e5f79fe156c6fb33e70f1236387.php:129]
[ error ] [2]Use of undefined constant image_url - assumed 'image_url' (this will throw an Error in a future version of PHP)[D:\wamp\work\mybk\runtime\temp\dc249e5f79fe156c6fb33e70f1236387.php:128]
[ error ] [2]Use of undefined constant image_url - assumed 'image_url' (this will throw an Error in a future version of PHP)[D:\wamp\work\mybk\runtime\temp\dc249e5f79fe156c6fb33e70f1236387.php:128]
[ error ] [2]Use of undefined constant image_url - assumed 'image_url' (this will throw an Error in a future version of PHP)[D:\wamp\work\mybk\runtime\temp\dc249e5f79fe156c6fb33e70f1236387.php:129]
[ error ] [2]Use of undefined constant image_url - assumed 'image_url' (this will throw an Error in a future version of PHP)[D:\wamp\work\mybk\runtime\temp\dc249e5f79fe156c6fb33e70f1236387.php:129]
[ error ] [2]Use of undefined constant image_url - assumed 'image_url' (this will throw an Error in a future version of PHP)[D:\wamp\work\mybk\runtime\temp\dc249e5f79fe156c6fb33e70f1236387.php:128]
[ error ] [2]Use of undefined constant image_url - assumed 'image_url' (this will throw an Error in a future version of PHP)[D:\wamp\work\mybk\runtime\temp\dc249e5f79fe156c6fb33e70f1236387.php:128]
[ error ] [2]Use of undefined constant image_url - assumed 'image_url' (this will throw an Error in a future version of PHP)[D:\wamp\work\mybk\runtime\temp\dc249e5f79fe156c6fb33e70f1236387.php:129]
[ error ] [2]Use of undefined constant image_url - assumed 'image_url' (this will throw an Error in a future version of PHP)[D:\wamp\work\mybk\runtime\temp\dc249e5f79fe156c6fb33e70f1236387.php:129]
[ error ] [2]Use of undefined constant image_url - assumed 'image_url' (this will throw an Error in a future version of PHP)[D:\wamp\work\mybk\runtime\temp\dc249e5f79fe156c6fb33e70f1236387.php:128]
[ error ] [2]Use of undefined constant image_url - assumed 'image_url' (this will throw an Error in a future version of PHP)[D:\wamp\work\mybk\runtime\temp\dc249e5f79fe156c6fb33e70f1236387.php:128]
[ error ] [2]Use of undefined constant image_url - assumed 'image_url' (this will throw an Error in a future version of PHP)[D:\wamp\work\mybk\runtime\temp\dc249e5f79fe156c6fb33e70f1236387.php:129]
[ error ] [2]Use of undefined constant image_url - assumed 'image_url' (this will throw an Error in a future version of PHP)[D:\wamp\work\mybk\runtime\temp\dc249e5f79fe156c6fb33e70f1236387.php:129]
[ error ] [8]未定义数组索引: nickname[D:\wamp\work\mybk\runtime\temp\dc249e5f79fe156c6fb33e70f1236387.php:186]

---------------------------------------------------------------
[ 2020-05-28T21:49:26+08:00 ] 127.0.0.1 127.0.0.1 GET /
[ log ] mybk.cc/ [运行时间：0.239667s][吞吐率：4.17req/s] [内存消耗：2,583.82kb] [文件加载：56]
[ info ] [ LANG ] D:\wamp\work\mybk\thinkphp\lang\zh-cn.php
[ info ] [ ROUTE ] array (
  'type' => 'module',
  'module' => 
  array (
    0 => '',
    1 => NULL,
    2 => NULL,
  ),
)
[ info ] [ HEADER ] array (
  'cookie' => 'sid=225375750.467017238.1590672128568.1590672155108; PHPSESSID=t9g9b7ijmhjdsn9g7ksjlrv6pk',
  'accept-language' => 'zh-CN,zh;q=0.9,en;q=0.8,und;q=0.7',
  'accept-encoding' => 'gzip, deflate',
  'accept' => 'text/html,application/xhtml+xml,application/xml;q=0.9,image/webp,image/apng,*/*;q=0.8,application/signed-exchange;v=b3',
  'user-agent' => 'Mozilla/5.0 (Windows NT 10.0; Win64; x64) AppleWebKit/537.36 (KHTML, like Gecko) Chrome/78.0.3904.87 Safari/537.36',
  'upgrade-insecure-requests' => '1',
  'cache-control' => 'max-age=0',
  'connection' => 'keep-alive',
  'host' => 'mybk.cc',
  'content-length' => '',
  'content-type' => '',
)
[ info ] [ PARAM ] array (
)
[ info ] [ SESSION ] INIT array (
  'id' => '',
  'var_session_id' => '',
  'prefix' => 'think',
  'type' => '',
  'auto_start' => true,
)
[ info ] [ CACHE ] INIT File
[ info ] [ DB ] INIT mysql
[ info ] [ RUN ] app\index\controller\Index->index[ D:\wamp\work\mybk\application\index\controller\Index.php ]
[ info ] [ VIEW ] ./template/laozhang/index\index.html [ array (
  0 => 'settings',
  1 => 'categorys',
  2 => 'search_model_select',
  3 => 'seo',
  4 => 'links',
  5 => 'recommend_list',
  6 => 'new_list',
  7 => 'hot_list',
) ]
[ info ] [ LOG ] INIT File
[ error ] [2]Use of undefined constant image_url - assumed 'image_url' (this will throw an Error in a future version of PHP)[D:\wamp\work\mybk\runtime\temp\dc249e5f79fe156c6fb33e70f1236387.php:128]
[ error ] [2]Use of undefined constant image_url - assumed 'image_url' (this will throw an Error in a future version of PHP)[D:\wamp\work\mybk\runtime\temp\dc249e5f79fe156c6fb33e70f1236387.php:128]
[ error ] [2]Use of undefined constant image_url - assumed 'image_url' (this will throw an Error in a future version of PHP)[D:\wamp\work\mybk\runtime\temp\dc249e5f79fe156c6fb33e70f1236387.php:129]
[ error ] [2]Use of undefined constant image_url - assumed 'image_url' (this will throw an Error in a future version of PHP)[D:\wamp\work\mybk\runtime\temp\dc249e5f79fe156c6fb33e70f1236387.php:129]
[ error ] [2]Use of undefined constant image_url - assumed 'image_url' (this will throw an Error in a future version of PHP)[D:\wamp\work\mybk\runtime\temp\dc249e5f79fe156c6fb33e70f1236387.php:128]
[ error ] [2]Use of undefined constant image_url - assumed 'image_url' (this will throw an Error in a future version of PHP)[D:\wamp\work\mybk\runtime\temp\dc249e5f79fe156c6fb33e70f1236387.php:128]
[ error ] [2]Use of undefined constant image_url - assumed 'image_url' (this will throw an Error in a future version of PHP)[D:\wamp\work\mybk\runtime\temp\dc249e5f79fe156c6fb33e70f1236387.php:129]
[ error ] [2]Use of undefined constant image_url - assumed 'image_url' (this will throw an Error in a future version of PHP)[D:\wamp\work\mybk\runtime\temp\dc249e5f79fe156c6fb33e70f1236387.php:129]
[ error ] [2]Use of undefined constant image_url - assumed 'image_url' (this will throw an Error in a future version of PHP)[D:\wamp\work\mybk\runtime\temp\dc249e5f79fe156c6fb33e70f1236387.php:128]
[ error ] [2]Use of undefined constant image_url - assumed 'image_url' (this will throw an Error in a future version of PHP)[D:\wamp\work\mybk\runtime\temp\dc249e5f79fe156c6fb33e70f1236387.php:128]
[ error ] [2]Use of undefined constant image_url - assumed 'image_url' (this will throw an Error in a future version of PHP)[D:\wamp\work\mybk\runtime\temp\dc249e5f79fe156c6fb33e70f1236387.php:129]
[ error ] [2]Use of undefined constant image_url - assumed 'image_url' (this will throw an Error in a future version of PHP)[D:\wamp\work\mybk\runtime\temp\dc249e5f79fe156c6fb33e70f1236387.php:129]
[ error ] [2]Use of undefined constant image_url - assumed 'image_url' (this will throw an Error in a future version of PHP)[D:\wamp\work\mybk\runtime\temp\dc249e5f79fe156c6fb33e70f1236387.php:128]
[ error ] [2]Use of undefined constant image_url - assumed 'image_url' (this will throw an Error in a future version of PHP)[D:\wamp\work\mybk\runtime\temp\dc249e5f79fe156c6fb33e70f1236387.php:128]
[ error ] [2]Use of undefined constant image_url - assumed 'image_url' (this will throw an Error in a future version of PHP)[D:\wamp\work\mybk\runtime\temp\dc249e5f79fe156c6fb33e70f1236387.php:129]
[ error ] [2]Use of undefined constant image_url - assumed 'image_url' (this will throw an Error in a future version of PHP)[D:\wamp\work\mybk\runtime\temp\dc249e5f79fe156c6fb33e70f1236387.php:129]
[ error ] [2]Use of undefined constant image_url - assumed 'image_url' (this will throw an Error in a future version of PHP)[D:\wamp\work\mybk\runtime\temp\dc249e5f79fe156c6fb33e70f1236387.php:128]
[ error ] [2]Use of undefined constant image_url - assumed 'image_url' (this will throw an Error in a future version of PHP)[D:\wamp\work\mybk\runtime\temp\dc249e5f79fe156c6fb33e70f1236387.php:128]
[ error ] [2]Use of undefined constant image_url - assumed 'image_url' (this will throw an Error in a future version of PHP)[D:\wamp\work\mybk\runtime\temp\dc249e5f79fe156c6fb33e70f1236387.php:129]
[ error ] [2]Use of undefined constant image_url - assumed 'image_url' (this will throw an Error in a future version of PHP)[D:\wamp\work\mybk\runtime\temp\dc249e5f79fe156c6fb33e70f1236387.php:129]
[ error ] [2]Use of undefined constant image_url - assumed 'image_url' (this will throw an Error in a future version of PHP)[D:\wamp\work\mybk\runtime\temp\dc249e5f79fe156c6fb33e70f1236387.php:128]
[ error ] [2]Use of undefined constant image_url - assumed 'image_url' (this will throw an Error in a future version of PHP)[D:\wamp\work\mybk\runtime\temp\dc249e5f79fe156c6fb33e70f1236387.php:128]
[ error ] [2]Use of undefined constant image_url - assumed 'image_url' (this will throw an Error in a future version of PHP)[D:\wamp\work\mybk\runtime\temp\dc249e5f79fe156c6fb33e70f1236387.php:129]
[ error ] [2]Use of undefined constant image_url - assumed 'image_url' (this will throw an Error in a future version of PHP)[D:\wamp\work\mybk\runtime\temp\dc249e5f79fe156c6fb33e70f1236387.php:129]
[ error ] [2]Use of undefined constant image_url - assumed 'image_url' (this will throw an Error in a future version of PHP)[D:\wamp\work\mybk\runtime\temp\dc249e5f79fe156c6fb33e70f1236387.php:128]
[ error ] [2]Use of undefined constant image_url - assumed 'image_url' (this will throw an Error in a future version of PHP)[D:\wamp\work\mybk\runtime\temp\dc249e5f79fe156c6fb33e70f1236387.php:128]
[ error ] [2]Use of undefined constant image_url - assumed 'image_url' (this will throw an Error in a future version of PHP)[D:\wamp\work\mybk\runtime\temp\dc249e5f79fe156c6fb33e70f1236387.php:129]
[ error ] [2]Use of undefined constant image_url - assumed 'image_url' (this will throw an Error in a future version of PHP)[D:\wamp\work\mybk\runtime\temp\dc249e5f79fe156c6fb33e70f1236387.php:129]
[ error ] [2]Use of undefined constant image_url - assumed 'image_url' (this will throw an Error in a future version of PHP)[D:\wamp\work\mybk\runtime\temp\dc249e5f79fe156c6fb33e70f1236387.php:128]
[ error ] [2]Use of undefined constant image_url - assumed 'image_url' (this will throw an Error in a future version of PHP)[D:\wamp\work\mybk\runtime\temp\dc249e5f79fe156c6fb33e70f1236387.php:128]
[ error ] [2]Use of undefined constant image_url - assumed 'image_url' (this will throw an Error in a future version of PHP)[D:\wamp\work\mybk\runtime\temp\dc249e5f79fe156c6fb33e70f1236387.php:129]
[ error ] [2]Use of undefined constant image_url - assumed 'image_url' (this will throw an Error in a future version of PHP)[D:\wamp\work\mybk\runtime\temp\dc249e5f79fe156c6fb33e70f1236387.php:129]
[ error ] [8]未定义数组索引: nickname[D:\wamp\work\mybk\runtime\temp\dc249e5f79fe156c6fb33e70f1236387.php:186]

---------------------------------------------------------------
[ 2020-05-28T21:49:28+08:00 ] 127.0.0.1 127.0.0.1 GET /index/article/index/category_id/1.html
[ log ] mybk.cc/index/article/index/category_id/1.html [运行时间：0.501048s][吞吐率：2.00req/s] [内存消耗：2,806.09kb] [文件加载：61]
[ info ] [ LANG ] D:\wamp\work\mybk\thinkphp\lang\zh-cn.php
[ info ] [ ROUTE ] array (
  'type' => 'module',
  'module' => 
  array (
    0 => 'index',
    1 => 'article',
    2 => 'index',
  ),
)
[ info ] [ HEADER ] array (
  'cookie' => 'sid=225375750.467017238.1590672128568.1590672155108; PHPSESSID=t9g9b7ijmhjdsn9g7ksjlrv6pk',
  'accept-language' => 'zh-CN,zh;q=0.9,en;q=0.8,und;q=0.7',
  'accept-encoding' => 'gzip, deflate',
  'referer' => 'http://mybk.cc/',
  'accept' => 'text/html,application/xhtml+xml,application/xml;q=0.9,image/webp,image/apng,*/*;q=0.8,application/signed-exchange;v=b3',
  'user-agent' => 'Mozilla/5.0 (Windows NT 10.0; Win64; x64) AppleWebKit/537.36 (KHTML, like Gecko) Chrome/78.0.3904.87 Safari/537.36',
  'upgrade-insecure-requests' => '1',
  'connection' => 'keep-alive',
  'host' => 'mybk.cc',
  'content-length' => '',
  'content-type' => '',
)
[ info ] [ PARAM ] array (
  'category_id' => '1',
)
[ info ] [ SESSION ] INIT array (
  'id' => '',
  'var_session_id' => '',
  'prefix' => 'think',
  'type' => '',
  'auto_start' => true,
)
[ info ] [ CACHE ] INIT File
[ info ] [ DB ] INIT mysql
[ info ] [ RUN ] app\index\controller\Article->index[ D:\wamp\work\mybk\application\index\controller\Article.php ]
[ info ] [ VIEW ] ./template/laozhang/article\index.html [ array (
  0 => 'settings',
  1 => 'categorys',
  2 => 'search_model_select',
  3 => 'seo',
  4 => 'lists',
  5 => 'page',
  6 => 'recommend_list',
  7 => 'new_list',
  8 => 'hot_list',
  9 => 'breadcrumb',
  10 => 'second_categorys',
) ]
[ info ] [ LOG ] INIT File
[ error ] [8]未定义数组下标: 8[D:\wamp\work\mybk\application\common\model\Category.php:194]
[ error ] [2]Invalid argument supplied for foreach()[D:\wamp\work\mybk\application\common\model\Category.php:194]
[ error ] [8]未定义变量: category_ids[D:\wamp\work\mybk\application\common\model\Category.php:201]
[ error ] [8]未定义数组下标: 9[D:\wamp\work\mybk\application\common\model\Category.php:194]
[ error ] [2]Invalid argument supplied for foreach()[D:\wamp\work\mybk\application\common\model\Category.php:194]
[ error ] [8]未定义变量: category_ids[D:\wamp\work\mybk\application\common\model\Category.php:201]
[ error ] [8]未定义数组下标: 10[D:\wamp\work\mybk\application\common\model\Category.php:194]
[ error ] [2]Invalid argument supplied for foreach()[D:\wamp\work\mybk\application\common\model\Category.php:194]
[ error ] [8]未定义变量: category_ids[D:\wamp\work\mybk\application\common\model\Category.php:201]
[ error ] [8]未定义数组下标: 11[D:\wamp\work\mybk\application\common\model\Category.php:194]
[ error ] [2]Invalid argument supplied for foreach()[D:\wamp\work\mybk\application\common\model\Category.php:194]
[ error ] [8]未定义变量: category_ids[D:\wamp\work\mybk\application\common\model\Category.php:201]
[ error ] [2]Use of undefined constant image_url - assumed 'image_url' (this will throw an Error in a future version of PHP)[D:\wamp\work\mybk\runtime\temp\e0089da1fff80dfe2dd8f55366a1a59c.php:97]
[ error ] [2]Use of undefined constant image_url - assumed 'image_url' (this will throw an Error in a future version of PHP)[D:\wamp\work\mybk\runtime\temp\e0089da1fff80dfe2dd8f55366a1a59c.php:98]
[ error ] [2]Use of undefined constant image_url - assumed 'image_url' (this will throw an Error in a future version of PHP)[D:\wamp\work\mybk\runtime\temp\e0089da1fff80dfe2dd8f55366a1a59c.php:97]
[ error ] [2]Use of undefined constant image_url - assumed 'image_url' (this will throw an Error in a future version of PHP)[D:\wamp\work\mybk\runtime\temp\e0089da1fff80dfe2dd8f55366a1a59c.php:97]
[ error ] [2]Use of undefined constant image_url - assumed 'image_url' (this will throw an Error in a future version of PHP)[D:\wamp\work\mybk\runtime\temp\e0089da1fff80dfe2dd8f55366a1a59c.php:98]
[ error ] [2]Use of undefined constant image_url - assumed 'image_url' (this will throw an Error in a future version of PHP)[D:\wamp\work\mybk\runtime\temp\e0089da1fff80dfe2dd8f55366a1a59c.php:98]
[ error ] [2]Use of undefined constant image_url - assumed 'image_url' (this will throw an Error in a future version of PHP)[D:\wamp\work\mybk\runtime\temp\e0089da1fff80dfe2dd8f55366a1a59c.php:97]
[ error ] [2]Use of undefined constant image_url - assumed 'image_url' (this will throw an Error in a future version of PHP)[D:\wamp\work\mybk\runtime\temp\e0089da1fff80dfe2dd8f55366a1a59c.php:97]
[ error ] [2]Use of undefined constant image_url - assumed 'image_url' (this will throw an Error in a future version of PHP)[D:\wamp\work\mybk\runtime\temp\e0089da1fff80dfe2dd8f55366a1a59c.php:98]
[ error ] [2]Use of undefined constant image_url - assumed 'image_url' (this will throw an Error in a future version of PHP)[D:\wamp\work\mybk\runtime\temp\e0089da1fff80dfe2dd8f55366a1a59c.php:98]
[ error ] [2]Use of undefined constant image_url - assumed 'image_url' (this will throw an Error in a future version of PHP)[D:\wamp\work\mybk\runtime\temp\e0089da1fff80dfe2dd8f55366a1a59c.php:97]
[ error ] [2]Use of undefined constant image_url - assumed 'image_url' (this will throw an Error in a future version of PHP)[D:\wamp\work\mybk\runtime\temp\e0089da1fff80dfe2dd8f55366a1a59c.php:97]
[ error ] [2]Use of undefined constant image_url - assumed 'image_url' (this will throw an Error in a future version of PHP)[D:\wamp\work\mybk\runtime\temp\e0089da1fff80dfe2dd8f55366a1a59c.php:98]
[ error ] [2]Use of undefined constant image_url - assumed 'image_url' (this will throw an Error in a future version of PHP)[D:\wamp\work\mybk\runtime\temp\e0089da1fff80dfe2dd8f55366a1a59c.php:98]
[ error ] [2]Use of undefined constant image_url - assumed 'image_url' (this will throw an Error in a future version of PHP)[D:\wamp\work\mybk\runtime\temp\e0089da1fff80dfe2dd8f55366a1a59c.php:97]
[ error ] [2]Use of undefined constant image_url - assumed 'image_url' (this will throw an Error in a future version of PHP)[D:\wamp\work\mybk\runtime\temp\e0089da1fff80dfe2dd8f55366a1a59c.php:97]
[ error ] [2]Use of undefined constant image_url - assumed 'image_url' (this will throw an Error in a future version of PHP)[D:\wamp\work\mybk\runtime\temp\e0089da1fff80dfe2dd8f55366a1a59c.php:98]
[ error ] [2]Use of undefined constant image_url - assumed 'image_url' (this will throw an Error in a future version of PHP)[D:\wamp\work\mybk\runtime\temp\e0089da1fff80dfe2dd8f55366a1a59c.php:98]
[ error ] [2]Use of undefined constant image_url - assumed 'image_url' (this will throw an Error in a future version of PHP)[D:\wamp\work\mybk\runtime\temp\e0089da1fff80dfe2dd8f55366a1a59c.php:97]
[ error ] [2]Use of undefined constant image_url - assumed 'image_url' (this will throw an Error in a future version of PHP)[D:\wamp\work\mybk\runtime\temp\e0089da1fff80dfe2dd8f55366a1a59c.php:97]
[ error ] [2]Use of undefined constant image_url - assumed 'image_url' (this will throw an Error in a future version of PHP)[D:\wamp\work\mybk\runtime\temp\e0089da1fff80dfe2dd8f55366a1a59c.php:98]
[ error ] [2]Use of undefined constant image_url - assumed 'image_url' (this will throw an Error in a future version of PHP)[D:\wamp\work\mybk\runtime\temp\e0089da1fff80dfe2dd8f55366a1a59c.php:98]
[ error ] [2]Use of undefined constant image_url - assumed 'image_url' (this will throw an Error in a future version of PHP)[D:\wamp\work\mybk\runtime\temp\e0089da1fff80dfe2dd8f55366a1a59c.php:97]
[ error ] [2]Use of undefined constant image_url - assumed 'image_url' (this will throw an Error in a future version of PHP)[D:\wamp\work\mybk\runtime\temp\e0089da1fff80dfe2dd8f55366a1a59c.php:97]
[ error ] [2]Use of undefined constant image_url - assumed 'image_url' (this will throw an Error in a future version of PHP)[D:\wamp\work\mybk\runtime\temp\e0089da1fff80dfe2dd8f55366a1a59c.php:98]
[ error ] [2]Use of undefined constant image_url - assumed 'image_url' (this will throw an Error in a future version of PHP)[D:\wamp\work\mybk\runtime\temp\e0089da1fff80dfe2dd8f55366a1a59c.php:98]
[ error ] [2]Use of undefined constant image_url - assumed 'image_url' (this will throw an Error in a future version of PHP)[D:\wamp\work\mybk\runtime\temp\e0089da1fff80dfe2dd8f55366a1a59c.php:97]
[ error ] [2]Use of undefined constant image_url - assumed 'image_url' (this will throw an Error in a future version of PHP)[D:\wamp\work\mybk\runtime\temp\e0089da1fff80dfe2dd8f55366a1a59c.php:97]
[ error ] [2]Use of undefined constant image_url - assumed 'image_url' (this will throw an Error in a future version of PHP)[D:\wamp\work\mybk\runtime\temp\e0089da1fff80dfe2dd8f55366a1a59c.php:98]
[ error ] [2]Use of undefined constant image_url - assumed 'image_url' (this will throw an Error in a future version of PHP)[D:\wamp\work\mybk\runtime\temp\e0089da1fff80dfe2dd8f55366a1a59c.php:98]
[ error ] [2]Use of undefined constant image_url - assumed 'image_url' (this will throw an Error in a future version of PHP)[D:\wamp\work\mybk\runtime\temp\e0089da1fff80dfe2dd8f55366a1a59c.php:97]
[ error ] [2]Use of undefined constant image_url - assumed 'image_url' (this will throw an Error in a future version of PHP)[D:\wamp\work\mybk\runtime\temp\e0089da1fff80dfe2dd8f55366a1a59c.php:98]
[ error ] [2]Use of undefined constant image_url - assumed 'image_url' (this will throw an Error in a future version of PHP)[D:\wamp\work\mybk\runtime\temp\e0089da1fff80dfe2dd8f55366a1a59c.php:97]
[ error ] [2]Use of undefined constant image_url - assumed 'image_url' (this will throw an Error in a future version of PHP)[D:\wamp\work\mybk\runtime\temp\e0089da1fff80dfe2dd8f55366a1a59c.php:97]
[ error ] [2]Use of undefined constant image_url - assumed 'image_url' (this will throw an Error in a future version of PHP)[D:\wamp\work\mybk\runtime\temp\e0089da1fff80dfe2dd8f55366a1a59c.php:98]
[ error ] [2]Use of undefined constant image_url - assumed 'image_url' (this will throw an Error in a future version of PHP)[D:\wamp\work\mybk\runtime\temp\e0089da1fff80dfe2dd8f55366a1a59c.php:98]
[ error ] [2]Use of undefined constant image_url - assumed 'image_url' (this will throw an Error in a future version of PHP)[D:\wamp\work\mybk\runtime\temp\e0089da1fff80dfe2dd8f55366a1a59c.php:97]
[ error ] [2]Use of undefined constant image_url - assumed 'image_url' (this will throw an Error in a future version of PHP)[D:\wamp\work\mybk\runtime\temp\e0089da1fff80dfe2dd8f55366a1a59c.php:97]
[ error ] [2]Use of undefined constant image_url - assumed 'image_url' (this will throw an Error in a future version of PHP)[D:\wamp\work\mybk\runtime\temp\e0089da1fff80dfe2dd8f55366a1a59c.php:98]
[ error ] [2]Use of undefined constant image_url - assumed 'image_url' (this will throw an Error in a future version of PHP)[D:\wamp\work\mybk\runtime\temp\e0089da1fff80dfe2dd8f55366a1a59c.php:98]
[ error ] [2]Use of undefined constant image_url - assumed 'image_url' (this will throw an Error in a future version of PHP)[D:\wamp\work\mybk\runtime\temp\e0089da1fff80dfe2dd8f55366a1a59c.php:97]
[ error ] [2]Use of undefined constant image_url - assumed 'image_url' (this will throw an Error in a future version of PHP)[D:\wamp\work\mybk\runtime\temp\e0089da1fff80dfe2dd8f55366a1a59c.php:97]
[ error ] [2]Use of undefined constant image_url - assumed 'image_url' (this will throw an Error in a future version of PHP)[D:\wamp\work\mybk\runtime\temp\e0089da1fff80dfe2dd8f55366a1a59c.php:98]
[ error ] [2]Use of undefined constant image_url - assumed 'image_url' (this will throw an Error in a future version of PHP)[D:\wamp\work\mybk\runtime\temp\e0089da1fff80dfe2dd8f55366a1a59c.php:98]
[ error ] [2]Use of undefined constant image_url - assumed 'image_url' (this will throw an Error in a future version of PHP)[D:\wamp\work\mybk\runtime\temp\e0089da1fff80dfe2dd8f55366a1a59c.php:97]
[ error ] [2]Use of undefined constant image_url - assumed 'image_url' (this will throw an Error in a future version of PHP)[D:\wamp\work\mybk\runtime\temp\e0089da1fff80dfe2dd8f55366a1a59c.php:97]
[ error ] [2]Use of undefined constant image_url - assumed 'image_url' (this will throw an Error in a future version of PHP)[D:\wamp\work\mybk\runtime\temp\e0089da1fff80dfe2dd8f55366a1a59c.php:98]
[ error ] [2]Use of undefined constant image_url - assumed 'image_url' (this will throw an Error in a future version of PHP)[D:\wamp\work\mybk\runtime\temp\e0089da1fff80dfe2dd8f55366a1a59c.php:98]
[ error ] [2]Use of undefined constant image_url - assumed 'image_url' (this will throw an Error in a future version of PHP)[D:\wamp\work\mybk\runtime\temp\e0089da1fff80dfe2dd8f55366a1a59c.php:97]
[ error ] [2]Use of undefined constant image_url - assumed 'image_url' (this will throw an Error in a future version of PHP)[D:\wamp\work\mybk\runtime\temp\e0089da1fff80dfe2dd8f55366a1a59c.php:97]
[ error ] [2]Use of undefined constant image_url - assumed 'image_url' (this will throw an Error in a future version of PHP)[D:\wamp\work\mybk\runtime\temp\e0089da1fff80dfe2dd8f55366a1a59c.php:98]
[ error ] [2]Use of undefined constant image_url - assumed 'image_url' (this will throw an Error in a future version of PHP)[D:\wamp\work\mybk\runtime\temp\e0089da1fff80dfe2dd8f55366a1a59c.php:98]
[ error ] [2]Use of undefined constant image_url - assumed 'image_url' (this will throw an Error in a future version of PHP)[D:\wamp\work\mybk\runtime\temp\e0089da1fff80dfe2dd8f55366a1a59c.php:97]
[ error ] [2]Use of undefined constant image_url - assumed 'image_url' (this will throw an Error in a future version of PHP)[D:\wamp\work\mybk\runtime\temp\e0089da1fff80dfe2dd8f55366a1a59c.php:97]
[ error ] [2]Use of undefined constant image_url - assumed 'image_url' (this will throw an Error in a future version of PHP)[D:\wamp\work\mybk\runtime\temp\e0089da1fff80dfe2dd8f55366a1a59c.php:98]
[ error ] [2]Use of undefined constant image_url - assumed 'image_url' (this will throw an Error in a future version of PHP)[D:\wamp\work\mybk\runtime\temp\e0089da1fff80dfe2dd8f55366a1a59c.php:98]
[ error ] [8]未定义数组索引: nickname[D:\wamp\work\mybk\runtime\temp\e0089da1fff80dfe2dd8f55366a1a59c.php:156]

---------------------------------------------------------------
[ 2020-05-28T21:49:28+08:00 ] 127.0.0.1 127.0.0.1 GET /index/article/lists/category_id/8.html
[ log ] mybk.cc/index/article/lists/category_id/8.html [运行时间：0.110208s][吞吐率：9.07req/s] [内存消耗：2,727.63kb] [文件加载：61]
[ info ] [ LANG ] D:\wamp\work\mybk\thinkphp\lang\zh-cn.php
[ info ] [ ROUTE ] array (
  'type' => 'module',
  'module' => 
  array (
    0 => 'index',
    1 => 'article',
    2 => 'lists',
  ),
)
[ info ] [ HEADER ] array (
  'cookie' => 'sid=225375750.467017238.1590672128568.1590672155108; PHPSESSID=t9g9b7ijmhjdsn9g7ksjlrv6pk',
  'accept-language' => 'zh-CN,zh;q=0.9,en;q=0.8,und;q=0.7',
  'accept-encoding' => 'gzip, deflate',
  'referer' => 'http://mybk.cc/',
  'accept' => 'text/html,application/xhtml+xml,application/xml;q=0.9,image/webp,image/apng,*/*;q=0.8,application/signed-exchange;v=b3',
  'user-agent' => 'Mozilla/5.0 (Windows NT 10.0; Win64; x64) AppleWebKit/537.36 (KHTML, like Gecko) Chrome/78.0.3904.87 Safari/537.36',
  'upgrade-insecure-requests' => '1',
  'connection' => 'keep-alive',
  'host' => 'mybk.cc',
  'content-length' => '',
  'content-type' => '',
)
[ info ] [ PARAM ] array (
  'category_id' => '8',
)
[ info ] [ SESSION ] INIT array (
  'id' => '',
  'var_session_id' => '',
  'prefix' => 'think',
  'type' => '',
  'auto_start' => true,
)
[ info ] [ CACHE ] INIT File
[ info ] [ DB ] INIT mysql
[ info ] [ RUN ] app\index\controller\Article->lists[ D:\wamp\work\mybk\application\index\controller\Article.php ]
[ info ] [ VIEW ] ./template/laozhang/article\list.html [ array (
  0 => 'settings',
  1 => 'categorys',
  2 => 'search_model_select',
  3 => 'seo',
  4 => 'lists',
  5 => 'page',
  6 => 'recommend_list',
  7 => 'hot_list',
  8 => 'breadcrumb',
  9 => 'second_categorys',
) ]
[ info ] [ LOG ] INIT File
[ error ] [8]未定义数组下标: 8[D:\wamp\work\mybk\application\common\model\Category.php:205]
[ error ] [2]Use of undefined constant image_url - assumed 'image_url' (this will throw an Error in a future version of PHP)[D:\wamp\work\mybk\runtime\temp\343f3946a622c226f84b3066fef1c35f.php:97]
[ error ] [2]Use of undefined constant image_url - assumed 'image_url' (this will throw an Error in a future version of PHP)[D:\wamp\work\mybk\runtime\temp\343f3946a622c226f84b3066fef1c35f.php:98]
[ error ] [2]Use of undefined constant image_url - assumed 'image_url' (this will throw an Error in a future version of PHP)[D:\wamp\work\mybk\runtime\temp\343f3946a622c226f84b3066fef1c35f.php:97]
[ error ] [2]Use of undefined constant image_url - assumed 'image_url' (this will throw an Error in a future version of PHP)[D:\wamp\work\mybk\runtime\temp\343f3946a622c226f84b3066fef1c35f.php:97]
[ error ] [2]Use of undefined constant image_url - assumed 'image_url' (this will throw an Error in a future version of PHP)[D:\wamp\work\mybk\runtime\temp\343f3946a622c226f84b3066fef1c35f.php:98]
[ error ] [2]Use of undefined constant image_url - assumed 'image_url' (this will throw an Error in a future version of PHP)[D:\wamp\work\mybk\runtime\temp\343f3946a622c226f84b3066fef1c35f.php:98]
[ error ] [2]Use of undefined constant image_url - assumed 'image_url' (this will throw an Error in a future version of PHP)[D:\wamp\work\mybk\runtime\temp\343f3946a622c226f84b3066fef1c35f.php:97]
[ error ] [2]Use of undefined constant image_url - assumed 'image_url' (this will throw an Error in a future version of PHP)[D:\wamp\work\mybk\runtime\temp\343f3946a622c226f84b3066fef1c35f.php:97]
[ error ] [2]Use of undefined constant image_url - assumed 'image_url' (this will throw an Error in a future version of PHP)[D:\wamp\work\mybk\runtime\temp\343f3946a622c226f84b3066fef1c35f.php:98]
[ error ] [2]Use of undefined constant image_url - assumed 'image_url' (this will throw an Error in a future version of PHP)[D:\wamp\work\mybk\runtime\temp\343f3946a622c226f84b3066fef1c35f.php:98]
[ error ] [2]Use of undefined constant image_url - assumed 'image_url' (this will throw an Error in a future version of PHP)[D:\wamp\work\mybk\runtime\temp\343f3946a622c226f84b3066fef1c35f.php:97]
[ error ] [2]Use of undefined constant image_url - assumed 'image_url' (this will throw an Error in a future version of PHP)[D:\wamp\work\mybk\runtime\temp\343f3946a622c226f84b3066fef1c35f.php:97]
[ error ] [2]Use of undefined constant image_url - assumed 'image_url' (this will throw an Error in a future version of PHP)[D:\wamp\work\mybk\runtime\temp\343f3946a622c226f84b3066fef1c35f.php:98]
[ error ] [2]Use of undefined constant image_url - assumed 'image_url' (this will throw an Error in a future version of PHP)[D:\wamp\work\mybk\runtime\temp\343f3946a622c226f84b3066fef1c35f.php:98]
[ error ] [2]Use of undefined constant image_url - assumed 'image_url' (this will throw an Error in a future version of PHP)[D:\wamp\work\mybk\runtime\temp\343f3946a622c226f84b3066fef1c35f.php:97]
[ error ] [2]Use of undefined constant image_url - assumed 'image_url' (this will throw an Error in a future version of PHP)[D:\wamp\work\mybk\runtime\temp\343f3946a622c226f84b3066fef1c35f.php:97]
[ error ] [2]Use of undefined constant image_url - assumed 'image_url' (this will throw an Error in a future version of PHP)[D:\wamp\work\mybk\runtime\temp\343f3946a622c226f84b3066fef1c35f.php:98]
[ error ] [2]Use of undefined constant image_url - assumed 'image_url' (this will throw an Error in a future version of PHP)[D:\wamp\work\mybk\runtime\temp\343f3946a622c226f84b3066fef1c35f.php:98]
[ error ] [2]Use of undefined constant image_url - assumed 'image_url' (this will throw an Error in a future version of PHP)[D:\wamp\work\mybk\runtime\temp\343f3946a622c226f84b3066fef1c35f.php:97]
[ error ] [2]Use of undefined constant image_url - assumed 'image_url' (this will throw an Error in a future version of PHP)[D:\wamp\work\mybk\runtime\temp\343f3946a622c226f84b3066fef1c35f.php:97]
[ error ] [2]Use of undefined constant image_url - assumed 'image_url' (this will throw an Error in a future version of PHP)[D:\wamp\work\mybk\runtime\temp\343f3946a622c226f84b3066fef1c35f.php:98]
[ error ] [2]Use of undefined constant image_url - assumed 'image_url' (this will throw an Error in a future version of PHP)[D:\wamp\work\mybk\runtime\temp\343f3946a622c226f84b3066fef1c35f.php:98]
[ error ] [2]Use of undefined constant image_url - assumed 'image_url' (this will throw an Error in a future version of PHP)[D:\wamp\work\mybk\runtime\temp\343f3946a622c226f84b3066fef1c35f.php:97]
[ error ] [2]Use of undefined constant image_url - assumed 'image_url' (this will throw an Error in a future version of PHP)[D:\wamp\work\mybk\runtime\temp\343f3946a622c226f84b3066fef1c35f.php:97]
[ error ] [2]Use of undefined constant image_url - assumed 'image_url' (this will throw an Error in a future version of PHP)[D:\wamp\work\mybk\runtime\temp\343f3946a622c226f84b3066fef1c35f.php:98]
[ error ] [2]Use of undefined constant image_url - assumed 'image_url' (this will throw an Error in a future version of PHP)[D:\wamp\work\mybk\runtime\temp\343f3946a622c226f84b3066fef1c35f.php:98]
[ error ] [2]Use of undefined constant image_url - assumed 'image_url' (this will throw an Error in a future version of PHP)[D:\wamp\work\mybk\runtime\temp\343f3946a622c226f84b3066fef1c35f.php:97]
[ error ] [2]Use of undefined constant image_url - assumed 'image_url' (this will throw an Error in a future version of PHP)[D:\wamp\work\mybk\runtime\temp\343f3946a622c226f84b3066fef1c35f.php:97]
[ error ] [2]Use of undefined constant image_url - assumed 'image_url' (this will throw an Error in a future version of PHP)[D:\wamp\work\mybk\runtime\temp\343f3946a622c226f84b3066fef1c35f.php:98]
[ error ] [2]Use of undefined constant image_url - assumed 'image_url' (this will throw an Error in a future version of PHP)[D:\wamp\work\mybk\runtime\temp\343f3946a622c226f84b3066fef1c35f.php:98]
[ error ] [2]Use of undefined constant image_url - assumed 'image_url' (this will throw an Error in a future version of PHP)[D:\wamp\work\mybk\runtime\temp\343f3946a622c226f84b3066fef1c35f.php:97]
[ error ] [2]Use of undefined constant image_url - assumed 'image_url' (this will throw an Error in a future version of PHP)[D:\wamp\work\mybk\runtime\temp\343f3946a622c226f84b3066fef1c35f.php:98]
[ error ] [2]Use of undefined constant image_url - assumed 'image_url' (this will throw an Error in a future version of PHP)[D:\wamp\work\mybk\runtime\temp\343f3946a622c226f84b3066fef1c35f.php:97]
[ error ] [2]Use of undefined constant image_url - assumed 'image_url' (this will throw an Error in a future version of PHP)[D:\wamp\work\mybk\runtime\temp\343f3946a622c226f84b3066fef1c35f.php:97]
[ error ] [2]Use of undefined constant image_url - assumed 'image_url' (this will throw an Error in a future version of PHP)[D:\wamp\work\mybk\runtime\temp\343f3946a622c226f84b3066fef1c35f.php:98]
[ error ] [2]Use of undefined constant image_url - assumed 'image_url' (this will throw an Error in a future version of PHP)[D:\wamp\work\mybk\runtime\temp\343f3946a622c226f84b3066fef1c35f.php:98]
[ error ] [2]Use of undefined constant image_url - assumed 'image_url' (this will throw an Error in a future version of PHP)[D:\wamp\work\mybk\runtime\temp\343f3946a622c226f84b3066fef1c35f.php:97]
[ error ] [2]Use of undefined constant image_url - assumed 'image_url' (this will throw an Error in a future version of PHP)[D:\wamp\work\mybk\runtime\temp\343f3946a622c226f84b3066fef1c35f.php:97]
[ error ] [2]Use of undefined constant image_url - assumed 'image_url' (this will throw an Error in a future version of PHP)[D:\wamp\work\mybk\runtime\temp\343f3946a622c226f84b3066fef1c35f.php:98]
[ error ] [2]Use of undefined constant image_url - assumed 'image_url' (this will throw an Error in a future version of PHP)[D:\wamp\work\mybk\runtime\temp\343f3946a622c226f84b3066fef1c35f.php:98]
[ error ] [2]Use of undefined constant image_url - assumed 'image_url' (this will throw an Error in a future version of PHP)[D:\wamp\work\mybk\runtime\temp\343f3946a622c226f84b3066fef1c35f.php:97]
[ error ] [2]Use of undefined constant image_url - assumed 'image_url' (this will throw an Error in a future version of PHP)[D:\wamp\work\mybk\runtime\temp\343f3946a622c226f84b3066fef1c35f.php:97]
[ error ] [2]Use of undefined constant image_url - assumed 'image_url' (this will throw an Error in a future version of PHP)[D:\wamp\work\mybk\runtime\temp\343f3946a622c226f84b3066fef1c35f.php:98]
[ error ] [2]Use of undefined constant image_url - assumed 'image_url' (this will throw an Error in a future version of PHP)[D:\wamp\work\mybk\runtime\temp\343f3946a622c226f84b3066fef1c35f.php:98]
[ error ] [2]Use of undefined constant image_url - assumed 'image_url' (this will throw an Error in a future version of PHP)[D:\wamp\work\mybk\runtime\temp\343f3946a622c226f84b3066fef1c35f.php:97]
[ error ] [2]Use of undefined constant image_url - assumed 'image_url' (this will throw an Error in a future version of PHP)[D:\wamp\work\mybk\runtime\temp\343f3946a622c226f84b3066fef1c35f.php:97]
[ error ] [2]Use of undefined constant image_url - assumed 'image_url' (this will throw an Error in a future version of PHP)[D:\wamp\work\mybk\runtime\temp\343f3946a622c226f84b3066fef1c35f.php:98]
[ error ] [2]Use of undefined constant image_url - assumed 'image_url' (this will throw an Error in a future version of PHP)[D:\wamp\work\mybk\runtime\temp\343f3946a622c226f84b3066fef1c35f.php:98]
[ error ] [2]Use of undefined constant image_url - assumed 'image_url' (this will throw an Error in a future version of PHP)[D:\wamp\work\mybk\runtime\temp\343f3946a622c226f84b3066fef1c35f.php:97]
[ error ] [2]Use of undefined constant image_url - assumed 'image_url' (this will throw an Error in a future version of PHP)[D:\wamp\work\mybk\runtime\temp\343f3946a622c226f84b3066fef1c35f.php:97]
[ error ] [2]Use of undefined constant image_url - assumed 'image_url' (this will throw an Error in a future version of PHP)[D:\wamp\work\mybk\runtime\temp\343f3946a622c226f84b3066fef1c35f.php:98]
[ error ] [2]Use of undefined constant image_url - assumed 'image_url' (this will throw an Error in a future version of PHP)[D:\wamp\work\mybk\runtime\temp\343f3946a622c226f84b3066fef1c35f.php:98]
[ error ] [2]Use of undefined constant image_url - assumed 'image_url' (this will throw an Error in a future version of PHP)[D:\wamp\work\mybk\runtime\temp\343f3946a622c226f84b3066fef1c35f.php:97]
[ error ] [2]Use of undefined constant image_url - assumed 'image_url' (this will throw an Error in a future version of PHP)[D:\wamp\work\mybk\runtime\temp\343f3946a622c226f84b3066fef1c35f.php:97]
[ error ] [2]Use of undefined constant image_url - assumed 'image_url' (this will throw an Error in a future version of PHP)[D:\wamp\work\mybk\runtime\temp\343f3946a622c226f84b3066fef1c35f.php:98]
[ error ] [2]Use of undefined constant image_url - assumed 'image_url' (this will throw an Error in a future version of PHP)[D:\wamp\work\mybk\runtime\temp\343f3946a622c226f84b3066fef1c35f.php:98]
[ error ] [8]未定义数组索引: nickname[D:\wamp\work\mybk\runtime\temp\343f3946a622c226f84b3066fef1c35f.php:156]

---------------------------------------------------------------
[ 2020-05-28T21:49:29+08:00 ] 127.0.0.1 127.0.0.1 GET /index/article/index/category_id/1.html
[ log ] mybk.cc/index/article/index/category_id/1.html [运行时间：0.105435s][吞吐率：9.48req/s] [内存消耗：2,806.21kb] [文件加载：61]
[ info ] [ LANG ] D:\wamp\work\mybk\thinkphp\lang\zh-cn.php
[ info ] [ ROUTE ] array (
  'type' => 'module',
  'module' => 
  array (
    0 => 'index',
    1 => 'article',
    2 => 'index',
  ),
)
[ info ] [ HEADER ] array (
  'cookie' => 'sid=225375750.467017238.1590672128568.1590672155108; PHPSESSID=t9g9b7ijmhjdsn9g7ksjlrv6pk',
  'accept-language' => 'zh-CN,zh;q=0.9,en;q=0.8,und;q=0.7',
  'accept-encoding' => 'gzip, deflate',
  'referer' => 'http://mybk.cc/index/article/lists/category_id/8.html',
  'accept' => 'text/html,application/xhtml+xml,application/xml;q=0.9,image/webp,image/apng,*/*;q=0.8,application/signed-exchange;v=b3',
  'user-agent' => 'Mozilla/5.0 (Windows NT 10.0; Win64; x64) AppleWebKit/537.36 (KHTML, like Gecko) Chrome/78.0.3904.87 Safari/537.36',
  'upgrade-insecure-requests' => '1',
  'connection' => 'keep-alive',
  'host' => 'mybk.cc',
  'content-length' => '',
  'content-type' => '',
)
[ info ] [ PARAM ] array (
  'category_id' => '1',
)
[ info ] [ SESSION ] INIT array (
  'id' => '',
  'var_session_id' => '',
  'prefix' => 'think',
  'type' => '',
  'auto_start' => true,
)
[ info ] [ CACHE ] INIT File
[ info ] [ DB ] INIT mysql
[ info ] [ RUN ] app\index\controller\Article->index[ D:\wamp\work\mybk\application\index\controller\Article.php ]
[ info ] [ VIEW ] ./template/laozhang/article\index.html [ array (
  0 => 'settings',
  1 => 'categorys',
  2 => 'search_model_select',
  3 => 'seo',
  4 => 'lists',
  5 => 'page',
  6 => 'recommend_list',
  7 => 'new_list',
  8 => 'hot_list',
  9 => 'breadcrumb',
  10 => 'second_categorys',
) ]
[ info ] [ LOG ] INIT File
[ error ] [8]未定义数组下标: 8[D:\wamp\work\mybk\application\common\model\Category.php:194]
[ error ] [2]Invalid argument supplied for foreach()[D:\wamp\work\mybk\application\common\model\Category.php:194]
[ error ] [8]未定义变量: category_ids[D:\wamp\work\mybk\application\common\model\Category.php:201]
[ error ] [8]未定义数组下标: 9[D:\wamp\work\mybk\application\common\model\Category.php:194]
[ error ] [2]Invalid argument supplied for foreach()[D:\wamp\work\mybk\application\common\model\Category.php:194]
[ error ] [8]未定义变量: category_ids[D:\wamp\work\mybk\application\common\model\Category.php:201]
[ error ] [8]未定义数组下标: 10[D:\wamp\work\mybk\application\common\model\Category.php:194]
[ error ] [2]Invalid argument supplied for foreach()[D:\wamp\work\mybk\application\common\model\Category.php:194]
[ error ] [8]未定义变量: category_ids[D:\wamp\work\mybk\application\common\model\Category.php:201]
[ error ] [8]未定义数组下标: 11[D:\wamp\work\mybk\application\common\model\Category.php:194]
[ error ] [2]Invalid argument supplied for foreach()[D:\wamp\work\mybk\application\common\model\Category.php:194]
[ error ] [8]未定义变量: category_ids[D:\wamp\work\mybk\application\common\model\Category.php:201]
[ error ] [2]Use of undefined constant image_url - assumed 'image_url' (this will throw an Error in a future version of PHP)[D:\wamp\work\mybk\runtime\temp\e0089da1fff80dfe2dd8f55366a1a59c.php:97]
[ error ] [2]Use of undefined constant image_url - assumed 'image_url' (this will throw an Error in a future version of PHP)[D:\wamp\work\mybk\runtime\temp\e0089da1fff80dfe2dd8f55366a1a59c.php:98]
[ error ] [2]Use of undefined constant image_url - assumed 'image_url' (this will throw an Error in a future version of PHP)[D:\wamp\work\mybk\runtime\temp\e0089da1fff80dfe2dd8f55366a1a59c.php:97]
[ error ] [2]Use of undefined constant image_url - assumed 'image_url' (this will throw an Error in a future version of PHP)[D:\wamp\work\mybk\runtime\temp\e0089da1fff80dfe2dd8f55366a1a59c.php:97]
[ error ] [2]Use of undefined constant image_url - assumed 'image_url' (this will throw an Error in a future version of PHP)[D:\wamp\work\mybk\runtime\temp\e0089da1fff80dfe2dd8f55366a1a59c.php:98]
[ error ] [2]Use of undefined constant image_url - assumed 'image_url' (this will throw an Error in a future version of PHP)[D:\wamp\work\mybk\runtime\temp\e0089da1fff80dfe2dd8f55366a1a59c.php:98]
[ error ] [2]Use of undefined constant image_url - assumed 'image_url' (this will throw an Error in a future version of PHP)[D:\wamp\work\mybk\runtime\temp\e0089da1fff80dfe2dd8f55366a1a59c.php:97]
[ error ] [2]Use of undefined constant image_url - assumed 'image_url' (this will throw an Error in a future version of PHP)[D:\wamp\work\mybk\runtime\temp\e0089da1fff80dfe2dd8f55366a1a59c.php:97]
[ error ] [2]Use of undefined constant image_url - assumed 'image_url' (this will throw an Error in a future version of PHP)[D:\wamp\work\mybk\runtime\temp\e0089da1fff80dfe2dd8f55366a1a59c.php:98]
[ error ] [2]Use of undefined constant image_url - assumed 'image_url' (this will throw an Error in a future version of PHP)[D:\wamp\work\mybk\runtime\temp\e0089da1fff80dfe2dd8f55366a1a59c.php:98]
[ error ] [2]Use of undefined constant image_url - assumed 'image_url' (this will throw an Error in a future version of PHP)[D:\wamp\work\mybk\runtime\temp\e0089da1fff80dfe2dd8f55366a1a59c.php:97]
[ error ] [2]Use of undefined constant image_url - assumed 'image_url' (this will throw an Error in a future version of PHP)[D:\wamp\work\mybk\runtime\temp\e0089da1fff80dfe2dd8f55366a1a59c.php:97]
[ error ] [2]Use of undefined constant image_url - assumed 'image_url' (this will throw an Error in a future version of PHP)[D:\wamp\work\mybk\runtime\temp\e0089da1fff80dfe2dd8f55366a1a59c.php:98]
[ error ] [2]Use of undefined constant image_url - assumed 'image_url' (this will throw an Error in a future version of PHP)[D:\wamp\work\mybk\runtime\temp\e0089da1fff80dfe2dd8f55366a1a59c.php:98]
[ error ] [2]Use of undefined constant image_url - assumed 'image_url' (this will throw an Error in a future version of PHP)[D:\wamp\work\mybk\runtime\temp\e0089da1fff80dfe2dd8f55366a1a59c.php:97]
[ error ] [2]Use of undefined constant image_url - assumed 'image_url' (this will throw an Error in a future version of PHP)[D:\wamp\work\mybk\runtime\temp\e0089da1fff80dfe2dd8f55366a1a59c.php:97]
[ error ] [2]Use of undefined constant image_url - assumed 'image_url' (this will throw an Error in a future version of PHP)[D:\wamp\work\mybk\runtime\temp\e0089da1fff80dfe2dd8f55366a1a59c.php:98]
[ error ] [2]Use of undefined constant image_url - assumed 'image_url' (this will throw an Error in a future version of PHP)[D:\wamp\work\mybk\runtime\temp\e0089da1fff80dfe2dd8f55366a1a59c.php:98]
[ error ] [2]Use of undefined constant image_url - assumed 'image_url' (this will throw an Error in a future version of PHP)[D:\wamp\work\mybk\runtime\temp\e0089da1fff80dfe2dd8f55366a1a59c.php:97]
[ error ] [2]Use of undefined constant image_url - assumed 'image_url' (this will throw an Error in a future version of PHP)[D:\wamp\work\mybk\runtime\temp\e0089da1fff80dfe2dd8f55366a1a59c.php:97]
[ error ] [2]Use of undefined constant image_url - assumed 'image_url' (this will throw an Error in a future version of PHP)[D:\wamp\work\mybk\runtime\temp\e0089da1fff80dfe2dd8f55366a1a59c.php:98]
[ error ] [2]Use of undefined constant image_url - assumed 'image_url' (this will throw an Error in a future version of PHP)[D:\wamp\work\mybk\runtime\temp\e0089da1fff80dfe2dd8f55366a1a59c.php:98]
[ error ] [2]Use of undefined constant image_url - assumed 'image_url' (this will throw an Error in a future version of PHP)[D:\wamp\work\mybk\runtime\temp\e0089da1fff80dfe2dd8f55366a1a59c.php:97]
[ error ] [2]Use of undefined constant image_url - assumed 'image_url' (this will throw an Error in a future version of PHP)[D:\wamp\work\mybk\runtime\temp\e0089da1fff80dfe2dd8f55366a1a59c.php:97]
[ error ] [2]Use of undefined constant image_url - assumed 'image_url' (this will throw an Error in a future version of PHP)[D:\wamp\work\mybk\runtime\temp\e0089da1fff80dfe2dd8f55366a1a59c.php:98]
[ error ] [2]Use of undefined constant image_url - assumed 'image_url' (this will throw an Error in a future version of PHP)[D:\wamp\work\mybk\runtime\temp\e0089da1fff80dfe2dd8f55366a1a59c.php:98]
[ error ] [2]Use of undefined constant image_url - assumed 'image_url' (this will throw an Error in a future version of PHP)[D:\wamp\work\mybk\runtime\temp\e0089da1fff80dfe2dd8f55366a1a59c.php:97]
[ error ] [2]Use of undefined constant image_url - assumed 'image_url' (this will throw an Error in a future version of PHP)[D:\wamp\work\mybk\runtime\temp\e0089da1fff80dfe2dd8f55366a1a59c.php:97]
[ error ] [2]Use of undefined constant image_url - assumed 'image_url' (this will throw an Error in a future version of PHP)[D:\wamp\work\mybk\runtime\temp\e0089da1fff80dfe2dd8f55366a1a59c.php:98]
[ error ] [2]Use of undefined constant image_url - assumed 'image_url' (this will throw an Error in a future version of PHP)[D:\wamp\work\mybk\runtime\temp\e0089da1fff80dfe2dd8f55366a1a59c.php:98]
[ error ] [2]Use of undefined constant image_url - assumed 'image_url' (this will throw an Error in a future version of PHP)[D:\wamp\work\mybk\runtime\temp\e0089da1fff80dfe2dd8f55366a1a59c.php:97]
[ error ] [2]Use of undefined constant image_url - assumed 'image_url' (this will throw an Error in a future version of PHP)[D:\wamp\work\mybk\runtime\temp\e0089da1fff80dfe2dd8f55366a1a59c.php:98]
[ error ] [2]Use of undefined constant image_url - assumed 'image_url' (this will throw an Error in a future version of PHP)[D:\wamp\work\mybk\runtime\temp\e0089da1fff80dfe2dd8f55366a1a59c.php:97]
[ error ] [2]Use of undefined constant image_url - assumed 'image_url' (this will throw an Error in a future version of PHP)[D:\wamp\work\mybk\runtime\temp\e0089da1fff80dfe2dd8f55366a1a59c.php:97]
[ error ] [2]Use of undefined constant image_url - assumed 'image_url' (this will throw an Error in a future version of PHP)[D:\wamp\work\mybk\runtime\temp\e0089da1fff80dfe2dd8f55366a1a59c.php:98]
[ error ] [2]Use of undefined constant image_url - assumed 'image_url' (this will throw an Error in a future version of PHP)[D:\wamp\work\mybk\runtime\temp\e0089da1fff80dfe2dd8f55366a1a59c.php:98]
[ error ] [2]Use of undefined constant image_url - assumed 'image_url' (this will throw an Error in a future version of PHP)[D:\wamp\work\mybk\runtime\temp\e0089da1fff80dfe2dd8f55366a1a59c.php:97]
[ error ] [2]Use of undefined constant image_url - assumed 'image_url' (this will throw an Error in a future version of PHP)[D:\wamp\work\mybk\runtime\temp\e0089da1fff80dfe2dd8f55366a1a59c.php:97]
[ error ] [2]Use of undefined constant image_url - assumed 'image_url' (this will throw an Error in a future version of PHP)[D:\wamp\work\mybk\runtime\temp\e0089da1fff80dfe2dd8f55366a1a59c.php:98]
[ error ] [2]Use of undefined constant image_url - assumed 'image_url' (this will throw an Error in a future version of PHP)[D:\wamp\work\mybk\runtime\temp\e0089da1fff80dfe2dd8f55366a1a59c.php:98]
[ error ] [2]Use of undefined constant image_url - assumed 'image_url' (this will throw an Error in a future version of PHP)[D:\wamp\work\mybk\runtime\temp\e0089da1fff80dfe2dd8f55366a1a59c.php:97]
[ error ] [2]Use of undefined constant image_url - assumed 'image_url' (this will throw an Error in a future version of PHP)[D:\wamp\work\mybk\runtime\temp\e0089da1fff80dfe2dd8f55366a1a59c.php:97]
[ error ] [2]Use of undefined constant image_url - assumed 'image_url' (this will throw an Error in a future version of PHP)[D:\wamp\work\mybk\runtime\temp\e0089da1fff80dfe2dd8f55366a1a59c.php:98]
[ error ] [2]Use of undefined constant image_url - assumed 'image_url' (this will throw an Error in a future version of PHP)[D:\wamp\work\mybk\runtime\temp\e0089da1fff80dfe2dd8f55366a1a59c.php:98]
[ error ] [2]Use of undefined constant image_url - assumed 'image_url' (this will throw an Error in a future version of PHP)[D:\wamp\work\mybk\runtime\temp\e0089da1fff80dfe2dd8f55366a1a59c.php:97]
[ error ] [2]Use of undefined constant image_url - assumed 'image_url' (this will throw an Error in a future version of PHP)[D:\wamp\work\mybk\runtime\temp\e0089da1fff80dfe2dd8f55366a1a59c.php:97]
[ error ] [2]Use of undefined constant image_url - assumed 'image_url' (this will throw an Error in a future version of PHP)[D:\wamp\work\mybk\runtime\temp\e0089da1fff80dfe2dd8f55366a1a59c.php:98]
[ error ] [2]Use of undefined constant image_url - assumed 'image_url' (this will throw an Error in a future version of PHP)[D:\wamp\work\mybk\runtime\temp\e0089da1fff80dfe2dd8f55366a1a59c.php:98]
[ error ] [2]Use of undefined constant image_url - assumed 'image_url' (this will throw an Error in a future version of PHP)[D:\wamp\work\mybk\runtime\temp\e0089da1fff80dfe2dd8f55366a1a59c.php:97]
[ error ] [2]Use of undefined constant image_url - assumed 'image_url' (this will throw an Error in a future version of PHP)[D:\wamp\work\mybk\runtime\temp\e0089da1fff80dfe2dd8f55366a1a59c.php:97]
[ error ] [2]Use of undefined constant image_url - assumed 'image_url' (this will throw an Error in a future version of PHP)[D:\wamp\work\mybk\runtime\temp\e0089da1fff80dfe2dd8f55366a1a59c.php:98]
[ error ] [2]Use of undefined constant image_url - assumed 'image_url' (this will throw an Error in a future version of PHP)[D:\wamp\work\mybk\runtime\temp\e0089da1fff80dfe2dd8f55366a1a59c.php:98]
[ error ] [2]Use of undefined constant image_url - assumed 'image_url' (this will throw an Error in a future version of PHP)[D:\wamp\work\mybk\runtime\temp\e0089da1fff80dfe2dd8f55366a1a59c.php:97]
[ error ] [2]Use of undefined constant image_url - assumed 'image_url' (this will throw an Error in a future version of PHP)[D:\wamp\work\mybk\runtime\temp\e0089da1fff80dfe2dd8f55366a1a59c.php:97]
[ error ] [2]Use of undefined constant image_url - assumed 'image_url' (this will throw an Error in a future version of PHP)[D:\wamp\work\mybk\runtime\temp\e0089da1fff80dfe2dd8f55366a1a59c.php:98]
[ error ] [2]Use of undefined constant image_url - assumed 'image_url' (this will throw an Error in a future version of PHP)[D:\wamp\work\mybk\runtime\temp\e0089da1fff80dfe2dd8f55366a1a59c.php:98]
[ error ] [8]未定义数组索引: nickname[D:\wamp\work\mybk\runtime\temp\e0089da1fff80dfe2dd8f55366a1a59c.php:156]

---------------------------------------------------------------
[ 2020-05-28T21:49:31+08:00 ] 127.0.0.1 127.0.0.1 GET /index/article/lists/category_id/9.html
[ log ] mybk.cc/index/article/lists/category_id/9.html [运行时间：0.133676s][吞吐率：7.48req/s] [内存消耗：2,631.14kb] [文件加载：61]
[ info ] [ LANG ] D:\wamp\work\mybk\thinkphp\lang\zh-cn.php
[ info ] [ ROUTE ] array (
  'type' => 'module',
  'module' => 
  array (
    0 => 'index',
    1 => 'article',
    2 => 'lists',
  ),
)
[ info ] [ HEADER ] array (
  'cookie' => 'sid=225375750.467017238.1590672128568.1590672155108; PHPSESSID=t9g9b7ijmhjdsn9g7ksjlrv6pk',
  'accept-language' => 'zh-CN,zh;q=0.9,en;q=0.8,und;q=0.7',
  'accept-encoding' => 'gzip, deflate',
  'referer' => 'http://mybk.cc/index/article/index/category_id/1.html',
  'accept' => 'text/html,application/xhtml+xml,application/xml;q=0.9,image/webp,image/apng,*/*;q=0.8,application/signed-exchange;v=b3',
  'user-agent' => 'Mozilla/5.0 (Windows NT 10.0; Win64; x64) AppleWebKit/537.36 (KHTML, like Gecko) Chrome/78.0.3904.87 Safari/537.36',
  'upgrade-insecure-requests' => '1',
  'connection' => 'keep-alive',
  'host' => 'mybk.cc',
  'content-length' => '',
  'content-type' => '',
)
[ info ] [ PARAM ] array (
  'category_id' => '9',
)
[ info ] [ SESSION ] INIT array (
  'id' => '',
  'var_session_id' => '',
  'prefix' => 'think',
  'type' => '',
  'auto_start' => true,
)
[ info ] [ CACHE ] INIT File
[ info ] [ DB ] INIT mysql
[ info ] [ RUN ] app\index\controller\Article->lists[ D:\wamp\work\mybk\application\index\controller\Article.php ]
[ info ] [ VIEW ] ./template/laozhang/article\list.html [ array (
  0 => 'settings',
  1 => 'categorys',
  2 => 'search_model_select',
  3 => 'seo',
  4 => 'lists',
  5 => 'page',
  6 => 'recommend_list',
  7 => 'hot_list',
  8 => 'breadcrumb',
  9 => 'second_categorys',
) ]
[ info ] [ LOG ] INIT File
[ error ] [8]未定义数组下标: 9[D:\wamp\work\mybk\application\common\model\Category.php:205]
[ error ] [2]Use of undefined constant image_url - assumed 'image_url' (this will throw an Error in a future version of PHP)[D:\wamp\work\mybk\runtime\temp\343f3946a622c226f84b3066fef1c35f.php:97]
[ error ] [2]Use of undefined constant image_url - assumed 'image_url' (this will throw an Error in a future version of PHP)[D:\wamp\work\mybk\runtime\temp\343f3946a622c226f84b3066fef1c35f.php:97]
[ error ] [2]Use of undefined constant image_url - assumed 'image_url' (this will throw an Error in a future version of PHP)[D:\wamp\work\mybk\runtime\temp\343f3946a622c226f84b3066fef1c35f.php:98]
[ error ] [2]Use of undefined constant image_url - assumed 'image_url' (this will throw an Error in a future version of PHP)[D:\wamp\work\mybk\runtime\temp\343f3946a622c226f84b3066fef1c35f.php:98]
[ error ] [2]Use of undefined constant image_url - assumed 'image_url' (this will throw an Error in a future version of PHP)[D:\wamp\work\mybk\runtime\temp\343f3946a622c226f84b3066fef1c35f.php:97]
[ error ] [2]Use of undefined constant image_url - assumed 'image_url' (this will throw an Error in a future version of PHP)[D:\wamp\work\mybk\runtime\temp\343f3946a622c226f84b3066fef1c35f.php:97]
[ error ] [2]Use of undefined constant image_url - assumed 'image_url' (this will throw an Error in a future version of PHP)[D:\wamp\work\mybk\runtime\temp\343f3946a622c226f84b3066fef1c35f.php:98]
[ error ] [2]Use of undefined constant image_url - assumed 'image_url' (this will throw an Error in a future version of PHP)[D:\wamp\work\mybk\runtime\temp\343f3946a622c226f84b3066fef1c35f.php:98]
[ error ] [2]Use of undefined constant image_url - assumed 'image_url' (this will throw an Error in a future version of PHP)[D:\wamp\work\mybk\runtime\temp\343f3946a622c226f84b3066fef1c35f.php:97]
[ error ] [2]Use of undefined constant image_url - assumed 'image_url' (this will throw an Error in a future version of PHP)[D:\wamp\work\mybk\runtime\temp\343f3946a622c226f84b3066fef1c35f.php:97]
[ error ] [2]Use of undefined constant image_url - assumed 'image_url' (this will throw an Error in a future version of PHP)[D:\wamp\work\mybk\runtime\temp\343f3946a622c226f84b3066fef1c35f.php:98]
[ error ] [2]Use of undefined constant image_url - assumed 'image_url' (this will throw an Error in a future version of PHP)[D:\wamp\work\mybk\runtime\temp\343f3946a622c226f84b3066fef1c35f.php:98]
[ error ] [8]未定义数组索引: nickname[D:\wamp\work\mybk\runtime\temp\343f3946a622c226f84b3066fef1c35f.php:156]

---------------------------------------------------------------
