[ 2019-05-07T19:13:49+08:00 ] 127.0.0.1 127.0.0.1 GET /
[ log ] www.mybk.com/ [运行时间：0.775012s][吞吐率：1.29req/s] [内存消耗：3,011.26kb] [文件加载：56]
[ info ] [ LANG ] D:\wamp\work\mybk\thinkphp\lang\zh-cn.php
[ info ] [ ROUTE ] array (
  'type' => 'module',
  'module' => 
  array (
    0 => '',
    1 => NULL,
    2 => NULL,
  ),
)
[ info ] [ HEADER ] array (
  'host' => 'www.mybk.com',
  'connection' => 'keep-alive',
  'upgrade-insecure-requests' => '1',
  'user-agent' => 'Mozilla/5.0 (Windows NT 6.1; WOW64) AppleWebKit/537.36 (KHTML, like Gecko) Chrome/73.0.3683.86 Safari/537.36',
  'accept' => 'text/html,application/xhtml+xml,application/xml;q=0.9,image/webp,image/apng,*/*;q=0.8,application/signed-exchange;v=b3',
  'accept-encoding' => 'gzip, deflate',
  'accept-language' => 'zh-CN,zh;q=0.9,en;q=0.8',
)
[ info ] [ PARAM ] array (
)
[ info ] [ SESSION ] INIT array (
  'id' => '',
  'var_session_id' => '',
  'prefix' => 'think',
  'type' => '',
  'auto_start' => true,
)
[ info ] [ CACHE ] INIT File
[ info ] [ DB ] INIT mysql
[ info ] [ RUN ] app\index\controller\Index->index[ D:\wamp\work\mybk\application\index\controller\Index.php ]
[ info ] [ VIEW ] ./template/laozhang/index\index.html [ array (
  0 => 'settings',
  1 => 'categorys',
  2 => 'search_model_select',
  3 => 'seo',
  4 => 'links',
  5 => 'recommend_list',
  6 => 'new_list',
  7 => 'hot_list',
) ]
[ info ] [ LOG ] INIT File
[ error ] [8]Use of undefined constant image_url - assumed 'image_url'[D:\wamp\work\mybk\runtime\temp\dc249e5f79fe156c6fb33e70f1236387.php:128]
[ error ] [8]Use of undefined constant image_url - assumed 'image_url'[D:\wamp\work\mybk\runtime\temp\dc249e5f79fe156c6fb33e70f1236387.php:128]
[ error ] [8]Use of undefined constant image_url - assumed 'image_url'[D:\wamp\work\mybk\runtime\temp\dc249e5f79fe156c6fb33e70f1236387.php:129]
[ error ] [8]Use of undefined constant image_url - assumed 'image_url'[D:\wamp\work\mybk\runtime\temp\dc249e5f79fe156c6fb33e70f1236387.php:129]
[ error ] [2]Missing argument 3 for format_datetime(), called in D:\wamp\work\mybk\runtime\temp\dc249e5f79fe156c6fb33e70f1236387.php on line 134 and defined[D:\wamp\work\mybk\application\common.php:101]
[ error ] [8]Use of undefined constant image_url - assumed 'image_url'[D:\wamp\work\mybk\runtime\temp\dc249e5f79fe156c6fb33e70f1236387.php:128]
[ error ] [8]Use of undefined constant image_url - assumed 'image_url'[D:\wamp\work\mybk\runtime\temp\dc249e5f79fe156c6fb33e70f1236387.php:128]
[ error ] [8]Use of undefined constant image_url - assumed 'image_url'[D:\wamp\work\mybk\runtime\temp\dc249e5f79fe156c6fb33e70f1236387.php:129]
[ error ] [8]Use of undefined constant image_url - assumed 'image_url'[D:\wamp\work\mybk\runtime\temp\dc249e5f79fe156c6fb33e70f1236387.php:129]
[ error ] [2]Missing argument 3 for format_datetime(), called in D:\wamp\work\mybk\runtime\temp\dc249e5f79fe156c6fb33e70f1236387.php on line 134 and defined[D:\wamp\work\mybk\application\common.php:101]
[ error ] [8]Use of undefined constant image_url - assumed 'image_url'[D:\wamp\work\mybk\runtime\temp\dc249e5f79fe156c6fb33e70f1236387.php:128]
[ error ] [8]Use of undefined constant image_url - assumed 'image_url'[D:\wamp\work\mybk\runtime\temp\dc249e5f79fe156c6fb33e70f1236387.php:128]
[ error ] [8]Use of undefined constant image_url - assumed 'image_url'[D:\wamp\work\mybk\runtime\temp\dc249e5f79fe156c6fb33e70f1236387.php:129]
[ error ] [8]Use of undefined constant image_url - assumed 'image_url'[D:\wamp\work\mybk\runtime\temp\dc249e5f79fe156c6fb33e70f1236387.php:129]
[ error ] [2]Missing argument 3 for format_datetime(), called in D:\wamp\work\mybk\runtime\temp\dc249e5f79fe156c6fb33e70f1236387.php on line 134 and defined[D:\wamp\work\mybk\application\common.php:101]
[ error ] [8]Use of undefined constant image_url - assumed 'image_url'[D:\wamp\work\mybk\runtime\temp\dc249e5f79fe156c6fb33e70f1236387.php:128]
[ error ] [8]Use of undefined constant image_url - assumed 'image_url'[D:\wamp\work\mybk\runtime\temp\dc249e5f79fe156c6fb33e70f1236387.php:128]
[ error ] [8]Use of undefined constant image_url - assumed 'image_url'[D:\wamp\work\mybk\runtime\temp\dc249e5f79fe156c6fb33e70f1236387.php:129]
[ error ] [8]Use of undefined constant image_url - assumed 'image_url'[D:\wamp\work\mybk\runtime\temp\dc249e5f79fe156c6fb33e70f1236387.php:129]
[ error ] [2]Missing argument 3 for format_datetime(), called in D:\wamp\work\mybk\runtime\temp\dc249e5f79fe156c6fb33e70f1236387.php on line 134 and defined[D:\wamp\work\mybk\application\common.php:101]
[ error ] [8]Use of undefined constant image_url - assumed 'image_url'[D:\wamp\work\mybk\runtime\temp\dc249e5f79fe156c6fb33e70f1236387.php:128]
[ error ] [8]Use of undefined constant image_url - assumed 'image_url'[D:\wamp\work\mybk\runtime\temp\dc249e5f79fe156c6fb33e70f1236387.php:128]
[ error ] [8]Use of undefined constant image_url - assumed 'image_url'[D:\wamp\work\mybk\runtime\temp\dc249e5f79fe156c6fb33e70f1236387.php:129]
[ error ] [8]Use of undefined constant image_url - assumed 'image_url'[D:\wamp\work\mybk\runtime\temp\dc249e5f79fe156c6fb33e70f1236387.php:129]
[ error ] [2]Missing argument 3 for format_datetime(), called in D:\wamp\work\mybk\runtime\temp\dc249e5f79fe156c6fb33e70f1236387.php on line 134 and defined[D:\wamp\work\mybk\application\common.php:101]
[ error ] [8]Use of undefined constant image_url - assumed 'image_url'[D:\wamp\work\mybk\runtime\temp\dc249e5f79fe156c6fb33e70f1236387.php:128]
[ error ] [8]Use of undefined constant image_url - assumed 'image_url'[D:\wamp\work\mybk\runtime\temp\dc249e5f79fe156c6fb33e70f1236387.php:128]
[ error ] [8]Use of undefined constant image_url - assumed 'image_url'[D:\wamp\work\mybk\runtime\temp\dc249e5f79fe156c6fb33e70f1236387.php:129]
[ error ] [8]Use of undefined constant image_url - assumed 'image_url'[D:\wamp\work\mybk\runtime\temp\dc249e5f79fe156c6fb33e70f1236387.php:129]
[ error ] [2]Missing argument 3 for format_datetime(), called in D:\wamp\work\mybk\runtime\temp\dc249e5f79fe156c6fb33e70f1236387.php on line 134 and defined[D:\wamp\work\mybk\application\common.php:101]
[ error ] [8]Use of undefined constant image_url - assumed 'image_url'[D:\wamp\work\mybk\runtime\temp\dc249e5f79fe156c6fb33e70f1236387.php:128]
[ error ] [8]Use of undefined constant image_url - assumed 'image_url'[D:\wamp\work\mybk\runtime\temp\dc249e5f79fe156c6fb33e70f1236387.php:128]
[ error ] [8]Use of undefined constant image_url - assumed 'image_url'[D:\wamp\work\mybk\runtime\temp\dc249e5f79fe156c6fb33e70f1236387.php:129]
[ error ] [8]Use of undefined constant image_url - assumed 'image_url'[D:\wamp\work\mybk\runtime\temp\dc249e5f79fe156c6fb33e70f1236387.php:129]
[ error ] [2]Missing argument 3 for format_datetime(), called in D:\wamp\work\mybk\runtime\temp\dc249e5f79fe156c6fb33e70f1236387.php on line 134 and defined[D:\wamp\work\mybk\application\common.php:101]
[ error ] [8]Use of undefined constant image_url - assumed 'image_url'[D:\wamp\work\mybk\runtime\temp\dc249e5f79fe156c6fb33e70f1236387.php:128]
[ error ] [8]Use of undefined constant image_url - assumed 'image_url'[D:\wamp\work\mybk\runtime\temp\dc249e5f79fe156c6fb33e70f1236387.php:128]
[ error ] [8]Use of undefined constant image_url - assumed 'image_url'[D:\wamp\work\mybk\runtime\temp\dc249e5f79fe156c6fb33e70f1236387.php:129]
[ error ] [8]Use of undefined constant image_url - assumed 'image_url'[D:\wamp\work\mybk\runtime\temp\dc249e5f79fe156c6fb33e70f1236387.php:129]
[ error ] [2]Missing argument 3 for format_datetime(), called in D:\wamp\work\mybk\runtime\temp\dc249e5f79fe156c6fb33e70f1236387.php on line 134 and defined[D:\wamp\work\mybk\application\common.php:101]
[ error ] [8]未定义数组索引: nickname[D:\wamp\work\mybk\runtime\temp\dc249e5f79fe156c6fb33e70f1236387.php:186]

---------------------------------------------------------------
[ 2019-05-07T19:13:50+08:00 ] 127.0.0.1 127.0.0.1 GET /favicon.ico
[ log ] www.mybk.com/favicon.ico [运行时间：0.130002s][吞吐率：7.69req/s] [内存消耗：1,309.56kb] [文件加载：33]
[ info ] [ LANG ] D:\wamp\work\mybk\thinkphp\lang\zh-cn.php
[ info ] [ ROUTE ] array (
  'type' => 'module',
  'module' => 
  array (
    0 => 'favicon.ico',
    1 => NULL,
    2 => NULL,
  ),
)
[ info ] [ HEADER ] array (
  'host' => 'www.mybk.com',
  'connection' => 'keep-alive',
  'user-agent' => 'Mozilla/5.0 (Windows NT 6.1; WOW64) AppleWebKit/537.36 (KHTML, like Gecko) Chrome/73.0.3683.86 Safari/537.36',
  'accept' => 'image/webp,image/apng,image/*,*/*;q=0.8',
  'referer' => 'http://www.mybk.com/',
  'accept-encoding' => 'gzip, deflate',
  'accept-language' => 'zh-CN,zh;q=0.9,en;q=0.8',
  'cookie' => 'PHPSESSID=ttg8n5jho9hvcj4fs1e6bgdse3',
)
[ info ] [ PARAM ] array (
  '/favicon_ico' => '',
)
[ info ] [ LOG ] INIT File

---------------------------------------------------------------
[ 2019-05-07T19:13:51+08:00 ] 127.0.0.1 127.0.0.1 GET /admin/login/login.html
[ log ] www.mybk.com/admin/login/login.html [运行时间：0.135003s][吞吐率：7.41req/s] [内存消耗：2,532.82kb] [文件加载：51]
[ info ] [ LANG ] D:\wamp\work\mybk\thinkphp\lang\zh-cn.php
[ info ] [ ROUTE ] array (
  'type' => 'module',
  'module' => 
  array (
    0 => 'admin',
    1 => 'login',
    2 => 'login',
  ),
)
[ info ] [ HEADER ] array (
  'host' => 'www.mybk.com',
  'connection' => 'keep-alive',
  'upgrade-insecure-requests' => '1',
  'user-agent' => 'Mozilla/5.0 (Windows NT 6.1; WOW64) AppleWebKit/537.36 (KHTML, like Gecko) Chrome/73.0.3683.86 Safari/537.36',
  'accept' => 'text/html,application/xhtml+xml,application/xml;q=0.9,image/webp,image/apng,*/*;q=0.8,application/signed-exchange;v=b3',
  'accept-encoding' => 'gzip, deflate',
  'accept-language' => 'zh-CN,zh;q=0.9,en;q=0.8',
  'cookie' => 'PHPSESSID=ttg8n5jho9hvcj4fs1e6bgdse3',
)
[ info ] [ PARAM ] array (
  '/admin/login/login_html' => '',
)
[ info ] [ DB ] INIT mysql
[ info ] [ SESSION ] INIT array (
  'id' => '',
  'var_session_id' => '',
  'prefix' => 'think',
  'type' => '',
  'auto_start' => true,
)
[ info ] [ CACHE ] INIT File
[ info ] [ RUN ] app\admin\controller\Login->login[ D:\wamp\work\mybk\application\admin\controller\Login.php ]
[ info ] [ VIEW ] D:\wamp\work\mybk/application/admin\view\public\login.tpl.php [ array (
  0 => 'settings',
  1 => 'admin_user',
) ]
[ info ] [ LOG ] INIT File

---------------------------------------------------------------
[ 2019-05-07T19:13:52+08:00 ] 127.0.0.1 127.0.0.1 GET /captcha.html
[ log ] www.mybk.com/captcha.html [运行时间：0.245004s][吞吐率：4.08req/s] [内存消耗：1,334.32kb] [文件加载：32]
[ info ] [ LANG ] D:\wamp\work\mybk\thinkphp\lang\zh-cn.php
[ info ] [ ROUTE ] array (
  'type' => 'method',
  'method' => 
  array (
    0 => '\\think\\captcha\\CaptchaController',
    1 => 'index',
  ),
)
[ info ] [ HEADER ] array (
  'host' => 'www.mybk.com',
  'connection' => 'keep-alive',
  'user-agent' => 'Mozilla/5.0 (Windows NT 6.1; WOW64) AppleWebKit/537.36 (KHTML, like Gecko) Chrome/73.0.3683.86 Safari/537.36',
  'accept' => 'image/webp,image/apng,image/*,*/*;q=0.8',
  'referer' => 'http://www.mybk.com/admin/login/login.html',
  'accept-encoding' => 'gzip, deflate',
  'accept-language' => 'zh-CN,zh;q=0.9,en;q=0.8',
  'cookie' => 'PHPSESSID=ttg8n5jho9hvcj4fs1e6bgdse3',
)
[ info ] [ PARAM ] array (
  '/captcha_html' => '',
  'id' => NULL,
)
[ info ] [ RUN ] think\captcha\CaptchaController->index[ D:\wamp\work\mybk\vendor\topthink\think-captcha\src\CaptchaController.php ]
[ info ] [ SESSION ] INIT array (
  'id' => '',
  'var_session_id' => '',
  'prefix' => 'think',
  'type' => '',
  'auto_start' => true,
)
[ info ] [ LOG ] INIT File

---------------------------------------------------------------
[ 2019-05-07T19:13:52+08:00 ] 127.0.0.1 127.0.0.1 GET /admin/login/aa.ico
[ log ] www.mybk.com/admin/login/aa.ico [运行时间：0.052501s][吞吐率：19.05req/s] [内存消耗：2,495.89kb] [文件加载：51]
[ info ] [ LANG ] D:\wamp\work\mybk\thinkphp\lang\zh-cn.php
[ info ] [ ROUTE ] array (
  'type' => 'module',
  'module' => 
  array (
    0 => 'admin',
    1 => 'login',
    2 => 'aa.ico',
  ),
)
[ info ] [ HEADER ] array (
  'host' => 'www.mybk.com',
  'connection' => 'keep-alive',
  'user-agent' => 'Mozilla/5.0 (Windows NT 6.1; WOW64) AppleWebKit/537.36 (KHTML, like Gecko) Chrome/73.0.3683.86 Safari/537.36',
  'accept' => 'image/webp,image/apng,image/*,*/*;q=0.8',
  'referer' => 'http://www.mybk.com/admin/login/login.html',
  'accept-encoding' => 'gzip, deflate',
  'accept-language' => 'zh-CN,zh;q=0.9,en;q=0.8',
  'cookie' => 'PHPSESSID=ttg8n5jho9hvcj4fs1e6bgdse3',
)
[ info ] [ PARAM ] array (
  '/admin/login/aa_ico' => '',
)
[ info ] [ DB ] INIT mysql
[ info ] [ SESSION ] INIT array (
  'id' => '',
  'var_session_id' => '',
  'prefix' => 'think',
  'type' => '',
  'auto_start' => true,
)
[ info ] [ CACHE ] INIT File
[ info ] [ LOG ] INIT File

---------------------------------------------------------------
[ 2019-05-07T19:13:53+08:00 ] 127.0.0.1 127.0.0.1 GET /
[ log ] www.mybk.com/ [运行时间：0.092501s][吞吐率：10.81req/s] [内存消耗：3,011.59kb] [文件加载：56]
[ info ] [ LANG ] D:\wamp\work\mybk\thinkphp\lang\zh-cn.php
[ info ] [ ROUTE ] array (
  'type' => 'module',
  'module' => 
  array (
    0 => '',
    1 => NULL,
    2 => NULL,
  ),
)
[ info ] [ HEADER ] array (
  'host' => 'www.mybk.com',
  'connection' => 'keep-alive',
  'upgrade-insecure-requests' => '1',
  'user-agent' => 'Mozilla/5.0 (Windows NT 6.1; WOW64) AppleWebKit/537.36 (KHTML, like Gecko) Chrome/73.0.3683.86 Safari/537.36',
  'accept' => 'text/html,application/xhtml+xml,application/xml;q=0.9,image/webp,image/apng,*/*;q=0.8,application/signed-exchange;v=b3',
  'accept-encoding' => 'gzip, deflate',
  'accept-language' => 'zh-CN,zh;q=0.9,en;q=0.8',
  'cookie' => 'PHPSESSID=ttg8n5jho9hvcj4fs1e6bgdse3',
)
[ info ] [ PARAM ] array (
)
[ info ] [ SESSION ] INIT array (
  'id' => '',
  'var_session_id' => '',
  'prefix' => 'think',
  'type' => '',
  'auto_start' => true,
)
[ info ] [ CACHE ] INIT File
[ info ] [ DB ] INIT mysql
[ info ] [ RUN ] app\index\controller\Index->index[ D:\wamp\work\mybk\application\index\controller\Index.php ]
[ info ] [ VIEW ] ./template/laozhang/index\index.html [ array (
  0 => 'settings',
  1 => 'categorys',
  2 => 'search_model_select',
  3 => 'seo',
  4 => 'links',
  5 => 'recommend_list',
  6 => 'new_list',
  7 => 'hot_list',
) ]
[ info ] [ LOG ] INIT File
[ error ] [8]Use of undefined constant image_url - assumed 'image_url'[D:\wamp\work\mybk\runtime\temp\dc249e5f79fe156c6fb33e70f1236387.php:128]
[ error ] [8]Use of undefined constant image_url - assumed 'image_url'[D:\wamp\work\mybk\runtime\temp\dc249e5f79fe156c6fb33e70f1236387.php:128]
[ error ] [8]Use of undefined constant image_url - assumed 'image_url'[D:\wamp\work\mybk\runtime\temp\dc249e5f79fe156c6fb33e70f1236387.php:129]
[ error ] [8]Use of undefined constant image_url - assumed 'image_url'[D:\wamp\work\mybk\runtime\temp\dc249e5f79fe156c6fb33e70f1236387.php:129]
[ error ] [2]Missing argument 3 for format_datetime(), called in D:\wamp\work\mybk\runtime\temp\dc249e5f79fe156c6fb33e70f1236387.php on line 134 and defined[D:\wamp\work\mybk\application\common.php:101]
[ error ] [8]Use of undefined constant image_url - assumed 'image_url'[D:\wamp\work\mybk\runtime\temp\dc249e5f79fe156c6fb33e70f1236387.php:128]
[ error ] [8]Use of undefined constant image_url - assumed 'image_url'[D:\wamp\work\mybk\runtime\temp\dc249e5f79fe156c6fb33e70f1236387.php:128]
[ error ] [8]Use of undefined constant image_url - assumed 'image_url'[D:\wamp\work\mybk\runtime\temp\dc249e5f79fe156c6fb33e70f1236387.php:129]
[ error ] [8]Use of undefined constant image_url - assumed 'image_url'[D:\wamp\work\mybk\runtime\temp\dc249e5f79fe156c6fb33e70f1236387.php:129]
[ error ] [2]Missing argument 3 for format_datetime(), called in D:\wamp\work\mybk\runtime\temp\dc249e5f79fe156c6fb33e70f1236387.php on line 134 and defined[D:\wamp\work\mybk\application\common.php:101]
[ error ] [8]Use of undefined constant image_url - assumed 'image_url'[D:\wamp\work\mybk\runtime\temp\dc249e5f79fe156c6fb33e70f1236387.php:128]
[ error ] [8]Use of undefined constant image_url - assumed 'image_url'[D:\wamp\work\mybk\runtime\temp\dc249e5f79fe156c6fb33e70f1236387.php:128]
[ error ] [8]Use of undefined constant image_url - assumed 'image_url'[D:\wamp\work\mybk\runtime\temp\dc249e5f79fe156c6fb33e70f1236387.php:129]
[ error ] [8]Use of undefined constant image_url - assumed 'image_url'[D:\wamp\work\mybk\runtime\temp\dc249e5f79fe156c6fb33e70f1236387.php:129]
[ error ] [2]Missing argument 3 for format_datetime(), called in D:\wamp\work\mybk\runtime\temp\dc249e5f79fe156c6fb33e70f1236387.php on line 134 and defined[D:\wamp\work\mybk\application\common.php:101]
[ error ] [8]Use of undefined constant image_url - assumed 'image_url'[D:\wamp\work\mybk\runtime\temp\dc249e5f79fe156c6fb33e70f1236387.php:128]
[ error ] [8]Use of undefined constant image_url - assumed 'image_url'[D:\wamp\work\mybk\runtime\temp\dc249e5f79fe156c6fb33e70f1236387.php:128]
[ error ] [8]Use of undefined constant image_url - assumed 'image_url'[D:\wamp\work\mybk\runtime\temp\dc249e5f79fe156c6fb33e70f1236387.php:129]
[ error ] [8]Use of undefined constant image_url - assumed 'image_url'[D:\wamp\work\mybk\runtime\temp\dc249e5f79fe156c6fb33e70f1236387.php:129]
[ error ] [2]Missing argument 3 for format_datetime(), called in D:\wamp\work\mybk\runtime\temp\dc249e5f79fe156c6fb33e70f1236387.php on line 134 and defined[D:\wamp\work\mybk\application\common.php:101]
[ error ] [8]Use of undefined constant image_url - assumed 'image_url'[D:\wamp\work\mybk\runtime\temp\dc249e5f79fe156c6fb33e70f1236387.php:128]
[ error ] [8]Use of undefined constant image_url - assumed 'image_url'[D:\wamp\work\mybk\runtime\temp\dc249e5f79fe156c6fb33e70f1236387.php:128]
[ error ] [8]Use of undefined constant image_url - assumed 'image_url'[D:\wamp\work\mybk\runtime\temp\dc249e5f79fe156c6fb33e70f1236387.php:129]
[ error ] [8]Use of undefined constant image_url - assumed 'image_url'[D:\wamp\work\mybk\runtime\temp\dc249e5f79fe156c6fb33e70f1236387.php:129]
[ error ] [2]Missing argument 3 for format_datetime(), called in D:\wamp\work\mybk\runtime\temp\dc249e5f79fe156c6fb33e70f1236387.php on line 134 and defined[D:\wamp\work\mybk\application\common.php:101]
[ error ] [8]Use of undefined constant image_url - assumed 'image_url'[D:\wamp\work\mybk\runtime\temp\dc249e5f79fe156c6fb33e70f1236387.php:128]
[ error ] [8]Use of undefined constant image_url - assumed 'image_url'[D:\wamp\work\mybk\runtime\temp\dc249e5f79fe156c6fb33e70f1236387.php:128]
[ error ] [8]Use of undefined constant image_url - assumed 'image_url'[D:\wamp\work\mybk\runtime\temp\dc249e5f79fe156c6fb33e70f1236387.php:129]
[ error ] [8]Use of undefined constant image_url - assumed 'image_url'[D:\wamp\work\mybk\runtime\temp\dc249e5f79fe156c6fb33e70f1236387.php:129]
[ error ] [2]Missing argument 3 for format_datetime(), called in D:\wamp\work\mybk\runtime\temp\dc249e5f79fe156c6fb33e70f1236387.php on line 134 and defined[D:\wamp\work\mybk\application\common.php:101]
[ error ] [8]Use of undefined constant image_url - assumed 'image_url'[D:\wamp\work\mybk\runtime\temp\dc249e5f79fe156c6fb33e70f1236387.php:128]
[ error ] [8]Use of undefined constant image_url - assumed 'image_url'[D:\wamp\work\mybk\runtime\temp\dc249e5f79fe156c6fb33e70f1236387.php:128]
[ error ] [8]Use of undefined constant image_url - assumed 'image_url'[D:\wamp\work\mybk\runtime\temp\dc249e5f79fe156c6fb33e70f1236387.php:129]
[ error ] [8]Use of undefined constant image_url - assumed 'image_url'[D:\wamp\work\mybk\runtime\temp\dc249e5f79fe156c6fb33e70f1236387.php:129]
[ error ] [2]Missing argument 3 for format_datetime(), called in D:\wamp\work\mybk\runtime\temp\dc249e5f79fe156c6fb33e70f1236387.php on line 134 and defined[D:\wamp\work\mybk\application\common.php:101]
[ error ] [8]Use of undefined constant image_url - assumed 'image_url'[D:\wamp\work\mybk\runtime\temp\dc249e5f79fe156c6fb33e70f1236387.php:128]
[ error ] [8]Use of undefined constant image_url - assumed 'image_url'[D:\wamp\work\mybk\runtime\temp\dc249e5f79fe156c6fb33e70f1236387.php:128]
[ error ] [8]Use of undefined constant image_url - assumed 'image_url'[D:\wamp\work\mybk\runtime\temp\dc249e5f79fe156c6fb33e70f1236387.php:129]
[ error ] [8]Use of undefined constant image_url - assumed 'image_url'[D:\wamp\work\mybk\runtime\temp\dc249e5f79fe156c6fb33e70f1236387.php:129]
[ error ] [2]Missing argument 3 for format_datetime(), called in D:\wamp\work\mybk\runtime\temp\dc249e5f79fe156c6fb33e70f1236387.php on line 134 and defined[D:\wamp\work\mybk\application\common.php:101]
[ error ] [8]未定义数组索引: nickname[D:\wamp\work\mybk\runtime\temp\dc249e5f79fe156c6fb33e70f1236387.php:186]

---------------------------------------------------------------
[ 2019-05-07T19:13:56+08:00 ] 127.0.0.1 127.0.0.1 GET /index/page/index/category_id/5.html
[ log ] www.mybk.com/index/page/index/category_id/5.html [运行时间：0.198702s][吞吐率：5.03req/s] [内存消耗：3,072.66kb] [文件加载：59]
[ info ] [ LANG ] D:\wamp\work\mybk\thinkphp\lang\zh-cn.php
[ info ] [ ROUTE ] array (
  'type' => 'module',
  'module' => 
  array (
    0 => 'index',
    1 => 'page',
    2 => 'index',
  ),
)
[ info ] [ HEADER ] array (
  'host' => 'www.mybk.com',
  'connection' => 'keep-alive',
  'upgrade-insecure-requests' => '1',
  'user-agent' => 'Mozilla/5.0 (Windows NT 6.1; WOW64) AppleWebKit/537.36 (KHTML, like Gecko) Chrome/73.0.3683.86 Safari/537.36',
  'accept' => 'text/html,application/xhtml+xml,application/xml;q=0.9,image/webp,image/apng,*/*;q=0.8,application/signed-exchange;v=b3',
  'referer' => 'http://www.mybk.com/',
  'accept-encoding' => 'gzip, deflate',
  'accept-language' => 'zh-CN,zh;q=0.9,en;q=0.8',
  'cookie' => 'PHPSESSID=ttg8n5jho9hvcj4fs1e6bgdse3',
)
[ info ] [ PARAM ] array (
  '/index/page/index/category_id/5_html' => '',
  'category_id' => '5',
)
[ info ] [ SESSION ] INIT array (
  'id' => '',
  'var_session_id' => '',
  'prefix' => 'think',
  'type' => '',
  'auto_start' => true,
)
[ info ] [ CACHE ] INIT File
[ info ] [ DB ] INIT mysql
[ info ] [ RUN ] app\index\controller\Page->index[ D:\wamp\work\mybk\application\index\controller\Page.php ]
[ info ] [ VIEW ] ./template/laozhang/page\index.html [ array (
  0 => 'settings',
  1 => 'categorys',
  2 => 'search_model_select',
  3 => 'seo',
  4 => 'data',
  5 => 'breadcrumb',
  6 => 'second_categorys',
) ]
[ info ] [ LOG ] INIT File
[ error ] [2]Missing argument 2 for app\common\model\Category::get_category_url_by_id(), called in D:\wamp\work\mybk\application\common\model\Category.php on line 233 and defined[D:\wamp\work\mybk\application\common\model\Category.php:179]
[ error ] [8]未定义变量: categorys[D:\wamp\work\mybk\application\common\model\Category.php:180]
[ error ] [2]Missing argument 2 for app\common\model\Category::get_category_url_by_id(), called in D:\wamp\work\mybk\application\common\model\Category.php on line 235 and defined[D:\wamp\work\mybk\application\common\model\Category.php:179]
[ error ] [8]未定义变量: categorys[D:\wamp\work\mybk\application\common\model\Category.php:180]
[ error ] [8]未定义数组下标: 5[D:\wamp\work\mybk\application\common\model\Category.php:205]
[ error ] [8]未定义数组索引: nickname[D:\wamp\work\mybk\runtime\temp\c0fa124226063a3c6dadee5a76e8c5d5.php:142]

---------------------------------------------------------------
[ 2019-05-07T19:13:59+08:00 ] 127.0.0.1 127.0.0.1 GET /index/feedback/index
[ log ] www.mybk.com/index/feedback/index [运行时间：0.300605s][吞吐率：3.33req/s] [内存消耗：3,013.92kb] [文件加载：60]
[ info ] [ LANG ] D:\wamp\work\mybk\thinkphp\lang\zh-cn.php
[ info ] [ ROUTE ] array (
  'type' => 'module',
  'module' => 
  array (
    0 => 'index',
    1 => 'feedback',
    2 => 'index',
  ),
)
[ info ] [ HEADER ] array (
  'host' => 'www.mybk.com',
  'connection' => 'keep-alive',
  'upgrade-insecure-requests' => '1',
  'user-agent' => 'Mozilla/5.0 (Windows NT 6.1; WOW64) AppleWebKit/537.36 (KHTML, like Gecko) Chrome/73.0.3683.86 Safari/537.36',
  'accept' => 'text/html,application/xhtml+xml,application/xml;q=0.9,image/webp,image/apng,*/*;q=0.8,application/signed-exchange;v=b3',
  'referer' => 'http://www.mybk.com/index/page/index/category_id/5.html',
  'accept-encoding' => 'gzip, deflate',
  'accept-language' => 'zh-CN,zh;q=0.9,en;q=0.8',
  'cookie' => 'PHPSESSID=ttg8n5jho9hvcj4fs1e6bgdse3',
)
[ info ] [ PARAM ] array (
  '/index/feedback/index' => '',
)
[ info ] [ SESSION ] INIT array (
  'id' => '',
  'var_session_id' => '',
  'prefix' => 'think',
  'type' => '',
  'auto_start' => true,
)
[ info ] [ CACHE ] INIT File
[ info ] [ DB ] INIT mysql
[ info ] [ RUN ] app\index\controller\Feedback->index[ D:\wamp\work\mybk\application\index\controller\Feedback.php ]
[ info ] [ VIEW ] ./template/laozhang/feedback\index.html [ array (
  0 => 'settings',
  1 => 'categorys',
  2 => 'search_model_select',
  3 => 'seo',
  4 => 'lists',
  5 => 'page',
  6 => 'breadcrumb',
) ]
[ info ] [ LOG ] INIT File
[ error ] [2]Missing argument 3 for format_datetime(), called in D:\wamp\work\mybk\runtime\temp\78c0dce3b7c6a5d9d5229c3136871848.php on line 115 and defined[D:\wamp\work\mybk\application\common.php:101]
[ error ] [2]Missing argument 3 for format_datetime(), called in D:\wamp\work\mybk\runtime\temp\78c0dce3b7c6a5d9d5229c3136871848.php on line 115 and defined[D:\wamp\work\mybk\application\common.php:101]
[ error ] [2]Missing argument 3 for format_datetime(), called in D:\wamp\work\mybk\runtime\temp\78c0dce3b7c6a5d9d5229c3136871848.php on line 115 and defined[D:\wamp\work\mybk\application\common.php:101]
[ error ] [2]Missing argument 3 for format_datetime(), called in D:\wamp\work\mybk\runtime\temp\78c0dce3b7c6a5d9d5229c3136871848.php on line 115 and defined[D:\wamp\work\mybk\application\common.php:101]
[ error ] [2]Missing argument 3 for format_datetime(), called in D:\wamp\work\mybk\runtime\temp\78c0dce3b7c6a5d9d5229c3136871848.php on line 115 and defined[D:\wamp\work\mybk\application\common.php:101]
[ error ] [2]Missing argument 3 for format_datetime(), called in D:\wamp\work\mybk\runtime\temp\78c0dce3b7c6a5d9d5229c3136871848.php on line 115 and defined[D:\wamp\work\mybk\application\common.php:101]
[ error ] [2]Missing argument 3 for format_datetime(), called in D:\wamp\work\mybk\runtime\temp\78c0dce3b7c6a5d9d5229c3136871848.php on line 115 and defined[D:\wamp\work\mybk\application\common.php:101]
[ error ] [2]Missing argument 3 for format_datetime(), called in D:\wamp\work\mybk\runtime\temp\78c0dce3b7c6a5d9d5229c3136871848.php on line 115 and defined[D:\wamp\work\mybk\application\common.php:101]
[ error ] [2]Missing argument 3 for format_datetime(), called in D:\wamp\work\mybk\runtime\temp\78c0dce3b7c6a5d9d5229c3136871848.php on line 115 and defined[D:\wamp\work\mybk\application\common.php:101]
[ error ] [2]Missing argument 3 for format_datetime(), called in D:\wamp\work\mybk\runtime\temp\78c0dce3b7c6a5d9d5229c3136871848.php on line 115 and defined[D:\wamp\work\mybk\application\common.php:101]
[ error ] [2]Missing argument 3 for format_datetime(), called in D:\wamp\work\mybk\runtime\temp\78c0dce3b7c6a5d9d5229c3136871848.php on line 115 and defined[D:\wamp\work\mybk\application\common.php:101]
[ error ] [2]Missing argument 3 for format_datetime(), called in D:\wamp\work\mybk\runtime\temp\78c0dce3b7c6a5d9d5229c3136871848.php on line 115 and defined[D:\wamp\work\mybk\application\common.php:101]
[ error ] [2]Missing argument 3 for format_datetime(), called in D:\wamp\work\mybk\runtime\temp\78c0dce3b7c6a5d9d5229c3136871848.php on line 115 and defined[D:\wamp\work\mybk\application\common.php:101]
[ error ] [2]Missing argument 3 for format_datetime(), called in D:\wamp\work\mybk\runtime\temp\78c0dce3b7c6a5d9d5229c3136871848.php on line 115 and defined[D:\wamp\work\mybk\application\common.php:101]
[ error ] [2]Missing argument 3 for format_datetime(), called in D:\wamp\work\mybk\runtime\temp\78c0dce3b7c6a5d9d5229c3136871848.php on line 115 and defined[D:\wamp\work\mybk\application\common.php:101]
[ error ] [8]未定义数组索引: nickname[D:\wamp\work\mybk\runtime\temp\78c0dce3b7c6a5d9d5229c3136871848.php:271]

---------------------------------------------------------------
[ 2019-05-07T19:14:03+08:00 ] 127.0.0.1 127.0.0.1 POST /index/member/is_login.html
[ log ] www.mybk.com/index/member/is_login.html [运行时间：0.100601s][吞吐率：9.94req/s] [内存消耗：2,510.99kb] [文件加载：49]
[ info ] [ LANG ] D:\wamp\work\mybk\thinkphp\lang\zh-cn.php
[ info ] [ ROUTE ] array (
  'type' => 'module',
  'module' => 
  array (
    0 => 'index',
    1 => 'member',
    2 => 'is_login',
  ),
)
[ info ] [ HEADER ] array (
  'host' => 'www.mybk.com',
  'connection' => 'keep-alive',
  'content-length' => '0',
  'accept' => 'application/json, text/javascript, */*; q=0.01',
  'origin' => 'http://www.mybk.com',
  'x-requested-with' => 'XMLHttpRequest',
  'user-agent' => 'Mozilla/5.0 (Windows NT 6.1; WOW64) AppleWebKit/537.36 (KHTML, like Gecko) Chrome/73.0.3683.86 Safari/537.36',
  'referer' => 'http://www.mybk.com/index/feedback/index',
  'accept-encoding' => 'gzip, deflate',
  'accept-language' => 'zh-CN,zh;q=0.9,en;q=0.8',
  'cookie' => 'PHPSESSID=ttg8n5jho9hvcj4fs1e6bgdse3',
)
[ info ] [ PARAM ] array (
  '/index/member/is_login_html' => '',
)
[ info ] [ SESSION ] INIT array (
  'id' => '',
  'var_session_id' => '',
  'prefix' => 'think',
  'type' => '',
  'auto_start' => true,
)
[ info ] [ CACHE ] INIT File
[ info ] [ DB ] INIT mysql
[ info ] [ RUN ] app\index\controller\Member->is_login[ D:\wamp\work\mybk\application\index\controller\Member.php ]
[ info ] [ LOG ] INIT File

---------------------------------------------------------------
[ 2019-05-07T19:14:10+08:00 ] 127.0.0.1 127.0.0.1 POST /index/member/do_other_logins.html
[ log ] www.mybk.com/index/member/do_other_logins.html [运行时间：0.097501s][吞吐率：10.26req/s] [内存消耗：2,692.47kb] [文件加载：51]
[ info ] [ LANG ] D:\wamp\work\mybk\thinkphp\lang\zh-cn.php
[ info ] [ ROUTE ] array (
  'type' => 'module',
  'module' => 
  array (
    0 => 'index',
    1 => 'member',
    2 => 'do_other_logins',
  ),
)
[ info ] [ HEADER ] array (
  'host' => 'www.mybk.com',
  'connection' => 'keep-alive',
  'content-length' => '25',
  'accept' => '*/*',
  'origin' => 'http://www.mybk.com',
  'x-requested-with' => 'XMLHttpRequest',
  'user-agent' => 'Mozilla/5.0 (Windows NT 6.1; WOW64) AppleWebKit/537.36 (KHTML, like Gecko) Chrome/73.0.3683.86 Safari/537.36',
  'content-type' => 'application/x-www-form-urlencoded; charset=UTF-8',
  'referer' => 'http://www.mybk.com/index/feedback/index',
  'accept-encoding' => 'gzip, deflate',
  'accept-language' => 'zh-CN,zh;q=0.9,en;q=0.8',
  'cookie' => 'PHPSESSID=ttg8n5jho9hvcj4fs1e6bgdse3',
)
[ info ] [ PARAM ] array (
  '/index/member/do_other_logins_html' => '',
  'nickname' => 'qwert',
  'pwd' => '123456',
)
[ info ] [ SESSION ] INIT array (
  'id' => '',
  'var_session_id' => '',
  'prefix' => 'think',
  'type' => '',
  'auto_start' => true,
)
[ info ] [ CACHE ] INIT File
[ info ] [ DB ] INIT mysql
[ info ] [ RUN ] app\index\controller\Member->do_other_logins[ D:\wamp\work\mybk\application\index\controller\Member.php ]
[ info ] [ LOG ] INIT File

---------------------------------------------------------------
[ 2019-05-07T19:14:10+08:00 ] 127.0.0.1 127.0.0.1 GET /index/feedback/index?username=qwert&password=123456
[ log ] www.mybk.com/index/feedback/index?username=qwert&password=123456 [运行时间：0.152502s][吞吐率：6.56req/s] [内存消耗：3,049.97kb] [文件加载：61]
[ info ] [ LANG ] D:\wamp\work\mybk\thinkphp\lang\zh-cn.php
[ info ] [ ROUTE ] array (
  'type' => 'module',
  'module' => 
  array (
    0 => 'index',
    1 => 'feedback',
    2 => 'index',
  ),
)
[ info ] [ HEADER ] array (
  'host' => 'www.mybk.com',
  'connection' => 'keep-alive',
  'upgrade-insecure-requests' => '1',
  'user-agent' => 'Mozilla/5.0 (Windows NT 6.1; WOW64) AppleWebKit/537.36 (KHTML, like Gecko) Chrome/73.0.3683.86 Safari/537.36',
  'accept' => 'text/html,application/xhtml+xml,application/xml;q=0.9,image/webp,image/apng,*/*;q=0.8,application/signed-exchange;v=b3',
  'referer' => 'http://www.mybk.com/index/feedback/index',
  'accept-encoding' => 'gzip, deflate',
  'accept-language' => 'zh-CN,zh;q=0.9,en;q=0.8',
  'cookie' => 'PHPSESSID=ttg8n5jho9hvcj4fs1e6bgdse3',
)
[ info ] [ PARAM ] array (
  '/index/feedback/index' => '',
  'username' => 'qwert',
  'password' => '123456',
)
[ info ] [ SESSION ] INIT array (
  'id' => '',
  'var_session_id' => '',
  'prefix' => 'think',
  'type' => '',
  'auto_start' => true,
)
[ info ] [ CACHE ] INIT File
[ info ] [ DB ] INIT mysql
[ info ] [ RUN ] app\index\controller\Feedback->index[ D:\wamp\work\mybk\application\index\controller\Feedback.php ]
[ info ] [ VIEW ] ./template/laozhang/feedback\index.html [ array (
  0 => 'settings',
  1 => 'categorys',
  2 => 'search_model_select',
  3 => 'seo',
  4 => 'lists',
  5 => 'page',
  6 => 'breadcrumb',
) ]
[ info ] [ LOG ] INIT File
[ error ] [2]Missing argument 3 for format_datetime(), called in D:\wamp\work\mybk\runtime\temp\78c0dce3b7c6a5d9d5229c3136871848.php on line 115 and defined[D:\wamp\work\mybk\application\common.php:101]
[ error ] [2]Missing argument 3 for format_datetime(), called in D:\wamp\work\mybk\runtime\temp\78c0dce3b7c6a5d9d5229c3136871848.php on line 115 and defined[D:\wamp\work\mybk\application\common.php:101]
[ error ] [2]Missing argument 3 for format_datetime(), called in D:\wamp\work\mybk\runtime\temp\78c0dce3b7c6a5d9d5229c3136871848.php on line 115 and defined[D:\wamp\work\mybk\application\common.php:101]
[ error ] [2]Missing argument 3 for format_datetime(), called in D:\wamp\work\mybk\runtime\temp\78c0dce3b7c6a5d9d5229c3136871848.php on line 115 and defined[D:\wamp\work\mybk\application\common.php:101]
[ error ] [2]Missing argument 3 for format_datetime(), called in D:\wamp\work\mybk\runtime\temp\78c0dce3b7c6a5d9d5229c3136871848.php on line 115 and defined[D:\wamp\work\mybk\application\common.php:101]
[ error ] [2]Missing argument 3 for format_datetime(), called in D:\wamp\work\mybk\runtime\temp\78c0dce3b7c6a5d9d5229c3136871848.php on line 115 and defined[D:\wamp\work\mybk\application\common.php:101]
[ error ] [2]Missing argument 3 for format_datetime(), called in D:\wamp\work\mybk\runtime\temp\78c0dce3b7c6a5d9d5229c3136871848.php on line 115 and defined[D:\wamp\work\mybk\application\common.php:101]
[ error ] [2]Missing argument 3 for format_datetime(), called in D:\wamp\work\mybk\runtime\temp\78c0dce3b7c6a5d9d5229c3136871848.php on line 115 and defined[D:\wamp\work\mybk\application\common.php:101]
[ error ] [2]Missing argument 3 for format_datetime(), called in D:\wamp\work\mybk\runtime\temp\78c0dce3b7c6a5d9d5229c3136871848.php on line 115 and defined[D:\wamp\work\mybk\application\common.php:101]
[ error ] [2]Missing argument 3 for format_datetime(), called in D:\wamp\work\mybk\runtime\temp\78c0dce3b7c6a5d9d5229c3136871848.php on line 115 and defined[D:\wamp\work\mybk\application\common.php:101]
[ error ] [2]Missing argument 3 for format_datetime(), called in D:\wamp\work\mybk\runtime\temp\78c0dce3b7c6a5d9d5229c3136871848.php on line 115 and defined[D:\wamp\work\mybk\application\common.php:101]
[ error ] [2]Missing argument 3 for format_datetime(), called in D:\wamp\work\mybk\runtime\temp\78c0dce3b7c6a5d9d5229c3136871848.php on line 115 and defined[D:\wamp\work\mybk\application\common.php:101]
[ error ] [2]Missing argument 3 for format_datetime(), called in D:\wamp\work\mybk\runtime\temp\78c0dce3b7c6a5d9d5229c3136871848.php on line 115 and defined[D:\wamp\work\mybk\application\common.php:101]
[ error ] [2]Missing argument 3 for format_datetime(), called in D:\wamp\work\mybk\runtime\temp\78c0dce3b7c6a5d9d5229c3136871848.php on line 115 and defined[D:\wamp\work\mybk\application\common.php:101]
[ error ] [2]Missing argument 3 for format_datetime(), called in D:\wamp\work\mybk\runtime\temp\78c0dce3b7c6a5d9d5229c3136871848.php on line 115 and defined[D:\wamp\work\mybk\application\common.php:101]

---------------------------------------------------------------
[ 2019-05-07T19:14:18+08:00 ] 127.0.0.1 127.0.0.1 POST /index/member/logout.html
[ log ] www.mybk.com/index/member/logout.html [运行时间：0.050001s][吞吐率：20.00req/s] [内存消耗：2,510.89kb] [文件加载：49]
[ info ] [ LANG ] D:\wamp\work\mybk\thinkphp\lang\zh-cn.php
[ info ] [ ROUTE ] array (
  'type' => 'module',
  'module' => 
  array (
    0 => 'index',
    1 => 'member',
    2 => 'logout',
  ),
)
[ info ] [ HEADER ] array (
  'host' => 'www.mybk.com',
  'connection' => 'keep-alive',
  'content-length' => '0',
  'accept' => '*/*',
  'origin' => 'http://www.mybk.com',
  'x-requested-with' => 'XMLHttpRequest',
  'user-agent' => 'Mozilla/5.0 (Windows NT 6.1; WOW64) AppleWebKit/537.36 (KHTML, like Gecko) Chrome/73.0.3683.86 Safari/537.36',
  'referer' => 'http://www.mybk.com/index/feedback/index?username=qwert&password=123456',
  'accept-encoding' => 'gzip, deflate',
  'accept-language' => 'zh-CN,zh;q=0.9,en;q=0.8',
  'cookie' => 'PHPSESSID=ttg8n5jho9hvcj4fs1e6bgdse3',
)
[ info ] [ PARAM ] array (
  '/index/member/logout_html' => '',
)
[ info ] [ SESSION ] INIT array (
  'id' => '',
  'var_session_id' => '',
  'prefix' => 'think',
  'type' => '',
  'auto_start' => true,
)
[ info ] [ CACHE ] INIT File
[ info ] [ DB ] INIT mysql
[ info ] [ RUN ] app\index\controller\Member->logout[ D:\wamp\work\mybk\application\index\controller\Member.php ]
[ info ] [ LOG ] INIT File

---------------------------------------------------------------
[ 2019-05-07T19:36:09+08:00 ] 127.0.0.1 127.0.0.1 GET /index/feedback/index?username=qwert&password=123456
[ log ] www.mybk.com/index/feedback/index?username=qwert&password=123456 [运行时间：0.096005s][吞吐率：10.42req/s] [内存消耗：3,014.42kb] [文件加载：60]
[ info ] [ LANG ] D:\wamp\work\mybk\thinkphp\lang\zh-cn.php
[ info ] [ ROUTE ] array (
  'type' => 'module',
  'module' => 
  array (
    0 => 'index',
    1 => 'feedback',
    2 => 'index',
  ),
)
[ info ] [ HEADER ] array (
  'host' => 'www.mybk.com',
  'connection' => 'keep-alive',
  'cache-control' => 'max-age=0',
  'upgrade-insecure-requests' => '1',
  'user-agent' => 'Mozilla/5.0 (Windows NT 6.1; WOW64) AppleWebKit/537.36 (KHTML, like Gecko) Chrome/73.0.3683.86 Safari/537.36',
  'accept' => 'text/html,application/xhtml+xml,application/xml;q=0.9,image/webp,image/apng,*/*;q=0.8,application/signed-exchange;v=b3',
  'referer' => 'http://www.mybk.com/index/feedback/index',
  'accept-encoding' => 'gzip, deflate',
  'accept-language' => 'zh-CN,zh;q=0.9,en;q=0.8',
  'cookie' => 'PHPSESSID=ttg8n5jho9hvcj4fs1e6bgdse3',
)
[ info ] [ PARAM ] array (
  '/index/feedback/index' => '',
  'username' => 'qwert',
  'password' => '123456',
)
[ info ] [ SESSION ] INIT array (
  'id' => '',
  'var_session_id' => '',
  'prefix' => 'think',
  'type' => '',
  'auto_start' => true,
)
[ info ] [ CACHE ] INIT File
[ info ] [ DB ] INIT mysql
[ info ] [ RUN ] app\index\controller\Feedback->index[ D:\wamp\work\mybk\application\index\controller\Feedback.php ]
[ info ] [ VIEW ] ./template/laozhang/feedback\index.html [ array (
  0 => 'settings',
  1 => 'categorys',
  2 => 'search_model_select',
  3 => 'seo',
  4 => 'lists',
  5 => 'page',
  6 => 'breadcrumb',
) ]
[ info ] [ LOG ] INIT File
[ error ] [2]Missing argument 3 for format_datetime(), called in D:\wamp\work\mybk\runtime\temp\78c0dce3b7c6a5d9d5229c3136871848.php on line 115 and defined[D:\wamp\work\mybk\application\common.php:101]
[ error ] [2]Missing argument 3 for format_datetime(), called in D:\wamp\work\mybk\runtime\temp\78c0dce3b7c6a5d9d5229c3136871848.php on line 115 and defined[D:\wamp\work\mybk\application\common.php:101]
[ error ] [2]Missing argument 3 for format_datetime(), called in D:\wamp\work\mybk\runtime\temp\78c0dce3b7c6a5d9d5229c3136871848.php on line 115 and defined[D:\wamp\work\mybk\application\common.php:101]
[ error ] [2]Missing argument 3 for format_datetime(), called in D:\wamp\work\mybk\runtime\temp\78c0dce3b7c6a5d9d5229c3136871848.php on line 115 and defined[D:\wamp\work\mybk\application\common.php:101]
[ error ] [2]Missing argument 3 for format_datetime(), called in D:\wamp\work\mybk\runtime\temp\78c0dce3b7c6a5d9d5229c3136871848.php on line 115 and defined[D:\wamp\work\mybk\application\common.php:101]
[ error ] [2]Missing argument 3 for format_datetime(), called in D:\wamp\work\mybk\runtime\temp\78c0dce3b7c6a5d9d5229c3136871848.php on line 115 and defined[D:\wamp\work\mybk\application\common.php:101]
[ error ] [2]Missing argument 3 for format_datetime(), called in D:\wamp\work\mybk\runtime\temp\78c0dce3b7c6a5d9d5229c3136871848.php on line 115 and defined[D:\wamp\work\mybk\application\common.php:101]
[ error ] [2]Missing argument 3 for format_datetime(), called in D:\wamp\work\mybk\runtime\temp\78c0dce3b7c6a5d9d5229c3136871848.php on line 115 and defined[D:\wamp\work\mybk\application\common.php:101]
[ error ] [2]Missing argument 3 for format_datetime(), called in D:\wamp\work\mybk\runtime\temp\78c0dce3b7c6a5d9d5229c3136871848.php on line 115 and defined[D:\wamp\work\mybk\application\common.php:101]
[ error ] [2]Missing argument 3 for format_datetime(), called in D:\wamp\work\mybk\runtime\temp\78c0dce3b7c6a5d9d5229c3136871848.php on line 115 and defined[D:\wamp\work\mybk\application\common.php:101]
[ error ] [2]Missing argument 3 for format_datetime(), called in D:\wamp\work\mybk\runtime\temp\78c0dce3b7c6a5d9d5229c3136871848.php on line 115 and defined[D:\wamp\work\mybk\application\common.php:101]
[ error ] [2]Missing argument 3 for format_datetime(), called in D:\wamp\work\mybk\runtime\temp\78c0dce3b7c6a5d9d5229c3136871848.php on line 115 and defined[D:\wamp\work\mybk\application\common.php:101]
[ error ] [2]Missing argument 3 for format_datetime(), called in D:\wamp\work\mybk\runtime\temp\78c0dce3b7c6a5d9d5229c3136871848.php on line 115 and defined[D:\wamp\work\mybk\application\common.php:101]
[ error ] [2]Missing argument 3 for format_datetime(), called in D:\wamp\work\mybk\runtime\temp\78c0dce3b7c6a5d9d5229c3136871848.php on line 115 and defined[D:\wamp\work\mybk\application\common.php:101]
[ error ] [2]Missing argument 3 for format_datetime(), called in D:\wamp\work\mybk\runtime\temp\78c0dce3b7c6a5d9d5229c3136871848.php on line 115 and defined[D:\wamp\work\mybk\application\common.php:101]
[ error ] [8]未定义数组索引: nickname[D:\wamp\work\mybk\runtime\temp\78c0dce3b7c6a5d9d5229c3136871848.php:271]

---------------------------------------------------------------
[ 2019-05-07T19:36:12+08:00 ] 127.0.0.1 127.0.0.1 GET /admin/login/login.html
[ log ] www.mybk.com/admin/login/login.html [运行时间：0.082005s][吞吐率：12.19req/s] [内存消耗：2,533.21kb] [文件加载：51]
[ info ] [ LANG ] D:\wamp\work\mybk\thinkphp\lang\zh-cn.php
[ info ] [ ROUTE ] array (
  'type' => 'module',
  'module' => 
  array (
    0 => 'admin',
    1 => 'login',
    2 => 'login',
  ),
)
[ info ] [ HEADER ] array (
  'host' => 'www.mybk.com',
  'connection' => 'keep-alive',
  'upgrade-insecure-requests' => '1',
  'user-agent' => 'Mozilla/5.0 (Windows NT 6.1; WOW64) AppleWebKit/537.36 (KHTML, like Gecko) Chrome/73.0.3683.86 Safari/537.36',
  'accept' => 'text/html,application/xhtml+xml,application/xml;q=0.9,image/webp,image/apng,*/*;q=0.8,application/signed-exchange;v=b3',
  'accept-encoding' => 'gzip, deflate',
  'accept-language' => 'zh-CN,zh;q=0.9,en;q=0.8',
  'cookie' => 'PHPSESSID=ttg8n5jho9hvcj4fs1e6bgdse3',
)
[ info ] [ PARAM ] array (
  '/admin/login/login_html' => '',
)
[ info ] [ DB ] INIT mysql
[ info ] [ SESSION ] INIT array (
  'id' => '',
  'var_session_id' => '',
  'prefix' => 'think',
  'type' => '',
  'auto_start' => true,
)
[ info ] [ CACHE ] INIT File
[ info ] [ RUN ] app\admin\controller\Login->login[ D:\wamp\work\mybk\application\admin\controller\Login.php ]
[ info ] [ VIEW ] D:\wamp\work\mybk/application/admin\view\public\login.tpl.php [ array (
  0 => 'settings',
  1 => 'admin_user',
) ]
[ info ] [ LOG ] INIT File

---------------------------------------------------------------
[ 2019-05-07T19:36:12+08:00 ] 127.0.0.1 127.0.0.1 GET /captcha.html
[ log ] www.mybk.com/captcha.html [运行时间：0.104005s][吞吐率：9.61req/s] [内存消耗：1,334.30kb] [文件加载：32]
[ info ] [ LANG ] D:\wamp\work\mybk\thinkphp\lang\zh-cn.php
[ info ] [ ROUTE ] array (
  'type' => 'method',
  'method' => 
  array (
    0 => '\\think\\captcha\\CaptchaController',
    1 => 'index',
  ),
)
[ info ] [ HEADER ] array (
  'host' => 'www.mybk.com',
  'connection' => 'keep-alive',
  'user-agent' => 'Mozilla/5.0 (Windows NT 6.1; WOW64) AppleWebKit/537.36 (KHTML, like Gecko) Chrome/73.0.3683.86 Safari/537.36',
  'accept' => 'image/webp,image/apng,image/*,*/*;q=0.8',
  'referer' => 'http://www.mybk.com/admin/login/login.html',
  'accept-encoding' => 'gzip, deflate',
  'accept-language' => 'zh-CN,zh;q=0.9,en;q=0.8',
  'cookie' => 'PHPSESSID=ttg8n5jho9hvcj4fs1e6bgdse3',
)
[ info ] [ PARAM ] array (
  '/captcha_html' => '',
  'id' => NULL,
)
[ info ] [ RUN ] think\captcha\CaptchaController->index[ D:\wamp\work\mybk\vendor\topthink\think-captcha\src\CaptchaController.php ]
[ info ] [ SESSION ] INIT array (
  'id' => '',
  'var_session_id' => '',
  'prefix' => 'think',
  'type' => '',
  'auto_start' => true,
)
[ info ] [ LOG ] INIT File

---------------------------------------------------------------
[ 2019-05-07T19:36:42+08:00 ] 127.0.0.1 127.0.0.1 GET /captcha?id=0.9377245194050157
[ log ] www.mybk.com/captcha?id=0.9377245194050157 [运行时间：0.036002s][吞吐率：27.78req/s] [内存消耗：1,334.35kb] [文件加载：32]
[ info ] [ LANG ] D:\wamp\work\mybk\thinkphp\lang\zh-cn.php
[ info ] [ ROUTE ] array (
  'type' => 'method',
  'method' => 
  array (
    0 => '\\think\\captcha\\CaptchaController',
    1 => 'index',
  ),
)
[ info ] [ HEADER ] array (
  'host' => 'www.mybk.com',
  'connection' => 'keep-alive',
  'user-agent' => 'Mozilla/5.0 (Windows NT 6.1; WOW64) AppleWebKit/537.36 (KHTML, like Gecko) Chrome/73.0.3683.86 Safari/537.36',
  'accept' => 'image/webp,image/apng,image/*,*/*;q=0.8',
  'referer' => 'http://www.mybk.com/admin/login/login.html',
  'accept-encoding' => 'gzip, deflate',
  'accept-language' => 'zh-CN,zh;q=0.9,en;q=0.8',
  'cookie' => 'PHPSESSID=ttg8n5jho9hvcj4fs1e6bgdse3',
)
[ info ] [ PARAM ] array (
  '/captcha' => '',
  'id' => NULL,
)
[ info ] [ RUN ] think\captcha\CaptchaController->index[ D:\wamp\work\mybk\vendor\topthink\think-captcha\src\CaptchaController.php ]
[ info ] [ SESSION ] INIT array (
  'id' => '',
  'var_session_id' => '',
  'prefix' => 'think',
  'type' => '',
  'auto_start' => true,
)
[ info ] [ LOG ] INIT File

---------------------------------------------------------------
[ 2019-05-07T19:36:44+08:00 ] 127.0.0.1 127.0.0.1 GET /captcha?id=0.40161858227325276
[ log ] www.mybk.com/captcha?id=0.40161858227325276 [运行时间：0.032002s][吞吐率：31.25req/s] [内存消耗：1,334.34kb] [文件加载：32]
[ info ] [ LANG ] D:\wamp\work\mybk\thinkphp\lang\zh-cn.php
[ info ] [ ROUTE ] array (
  'type' => 'method',
  'method' => 
  array (
    0 => '\\think\\captcha\\CaptchaController',
    1 => 'index',
  ),
)
[ info ] [ HEADER ] array (
  'host' => 'www.mybk.com',
  'connection' => 'keep-alive',
  'user-agent' => 'Mozilla/5.0 (Windows NT 6.1; WOW64) AppleWebKit/537.36 (KHTML, like Gecko) Chrome/73.0.3683.86 Safari/537.36',
  'accept' => 'image/webp,image/apng,image/*,*/*;q=0.8',
  'referer' => 'http://www.mybk.com/admin/login/login.html',
  'accept-encoding' => 'gzip, deflate',
  'accept-language' => 'zh-CN,zh;q=0.9,en;q=0.8',
  'cookie' => 'PHPSESSID=ttg8n5jho9hvcj4fs1e6bgdse3',
)
[ info ] [ PARAM ] array (
  '/captcha' => '',
  'id' => NULL,
)
[ info ] [ RUN ] think\captcha\CaptchaController->index[ D:\wamp\work\mybk\vendor\topthink\think-captcha\src\CaptchaController.php ]
[ info ] [ SESSION ] INIT array (
  'id' => '',
  'var_session_id' => '',
  'prefix' => 'think',
  'type' => '',
  'auto_start' => true,
)
[ info ] [ LOG ] INIT File

---------------------------------------------------------------
[ 2019-05-07T19:36:48+08:00 ] 127.0.0.1 127.0.0.1 POST /admin/login/login.html
[ log ] www.mybk.com/admin/login/login.html [运行时间：0.060003s][吞吐率：16.67req/s] [内存消耗：2,702.44kb] [文件加载：52]
[ info ] [ LANG ] D:\wamp\work\mybk\thinkphp\lang\zh-cn.php
[ info ] [ ROUTE ] array (
  'type' => 'module',
  'module' => 
  array (
    0 => 'admin',
    1 => 'login',
    2 => 'login',
  ),
)
[ info ] [ HEADER ] array (
  'host' => 'www.mybk.com',
  'connection' => 'keep-alive',
  'content-length' => '48',
  'accept' => '*/*',
  'origin' => 'http://www.mybk.com',
  'x-requested-with' => 'XMLHttpRequest',
  'user-agent' => 'Mozilla/5.0 (Windows NT 6.1; WOW64) AppleWebKit/537.36 (KHTML, like Gecko) Chrome/73.0.3683.86 Safari/537.36',
  'content-type' => 'application/x-www-form-urlencoded; charset=UTF-8',
  'referer' => 'http://www.mybk.com/admin/login/login.html',
  'accept-encoding' => 'gzip, deflate',
  'accept-language' => 'zh-CN,zh;q=0.9,en;q=0.8',
  'cookie' => 'PHPSESSID=ttg8n5jho9hvcj4fs1e6bgdse3',
)
[ info ] [ PARAM ] array (
  '/admin/login/login_html' => '',
  'username' => 'zhouhuihua',
  'password' => '123456',
  'captcha' => 'ivaj',
)
[ info ] [ DB ] INIT mysql
[ info ] [ SESSION ] INIT array (
  'id' => '',
  'var_session_id' => '',
  'prefix' => 'think',
  'type' => '',
  'auto_start' => true,
)
[ info ] [ CACHE ] INIT File
[ info ] [ RUN ] app\admin\controller\Login->login[ D:\wamp\work\mybk\application\admin\controller\Login.php ]
[ info ] [ LOG ] INIT File

---------------------------------------------------------------
[ 2019-05-07T19:36:49+08:00 ] 127.0.0.1 127.0.0.1 GET /admin/index/index.html
[ log ] www.mybk.com/admin/index/index.html [运行时间：0.123008s][吞吐率：8.13req/s] [内存消耗：2,528.38kb] [文件加载：51]
[ info ] [ LANG ] D:\wamp\work\mybk\thinkphp\lang\zh-cn.php
[ info ] [ ROUTE ] array (
  'type' => 'module',
  'module' => 
  array (
    0 => 'admin',
    1 => 'index',
    2 => 'index',
  ),
)
[ info ] [ HEADER ] array (
  'host' => 'www.mybk.com',
  'connection' => 'keep-alive',
  'upgrade-insecure-requests' => '1',
  'user-agent' => 'Mozilla/5.0 (Windows NT 6.1; WOW64) AppleWebKit/537.36 (KHTML, like Gecko) Chrome/73.0.3683.86 Safari/537.36',
  'accept' => 'text/html,application/xhtml+xml,application/xml;q=0.9,image/webp,image/apng,*/*;q=0.8,application/signed-exchange;v=b3',
  'referer' => 'http://www.mybk.com/admin/login/login.html',
  'accept-encoding' => 'gzip, deflate',
  'accept-language' => 'zh-CN,zh;q=0.9,en;q=0.8',
  'cookie' => 'PHPSESSID=ttg8n5jho9hvcj4fs1e6bgdse3',
)
[ info ] [ PARAM ] array (
  '/admin/index/index_html' => '',
)
[ info ] [ DB ] INIT mysql
[ info ] [ SESSION ] INIT array (
  'id' => '',
  'var_session_id' => '',
  'prefix' => 'think',
  'type' => '',
  'auto_start' => true,
)
[ info ] [ CACHE ] INIT File
[ info ] [ RUN ] app\admin\controller\Index->index[ D:\wamp\work\mybk\application\admin\controller\Index.php ]
[ info ] [ VIEW ] D:\wamp\work\mybk/application/admin\view\index\index.tpl.php [ array (
  0 => 'settings',
  1 => 'admin_user',
) ]
[ info ] [ LOG ] INIT File

---------------------------------------------------------------
[ 2019-05-07T19:36:49+08:00 ] 127.0.0.1 127.0.0.1 GET /admin/index/home.html
[ log ] www.mybk.com/admin/index/home.html [运行时间：0.085005s][吞吐率：11.76req/s] [内存消耗：2,515.55kb] [文件加载：53]
[ info ] [ LANG ] D:\wamp\work\mybk\thinkphp\lang\zh-cn.php
[ info ] [ ROUTE ] array (
  'type' => 'module',
  'module' => 
  array (
    0 => 'admin',
    1 => 'index',
    2 => 'home',
  ),
)
[ info ] [ HEADER ] array (
  'host' => 'www.mybk.com',
  'connection' => 'keep-alive',
  'upgrade-insecure-requests' => '1',
  'user-agent' => 'Mozilla/5.0 (Windows NT 6.1; WOW64) AppleWebKit/537.36 (KHTML, like Gecko) Chrome/73.0.3683.86 Safari/537.36',
  'accept' => 'text/html,application/xhtml+xml,application/xml;q=0.9,image/webp,image/apng,*/*;q=0.8,application/signed-exchange;v=b3',
  'referer' => 'http://www.mybk.com/admin/index/index.html',
  'accept-encoding' => 'gzip, deflate',
  'accept-language' => 'zh-CN,zh;q=0.9,en;q=0.8',
  'cookie' => 'PHPSESSID=ttg8n5jho9hvcj4fs1e6bgdse3',
)
[ info ] [ PARAM ] array (
  '/admin/index/home_html' => '',
)
[ info ] [ DB ] INIT mysql
[ info ] [ SESSION ] INIT array (
  'id' => '',
  'var_session_id' => '',
  'prefix' => 'think',
  'type' => '',
  'auto_start' => true,
)
[ info ] [ CACHE ] INIT File
[ info ] [ RUN ] app\admin\controller\Index->home[ D:\wamp\work\mybk\application\admin\controller\Index.php ]
[ info ] [ VIEW ] D:\wamp\work\mybk/application/admin\view\index\home.tpl.php [ array (
  0 => 'settings',
  1 => 'admin_user',
) ]
[ info ] [ LOG ] INIT File
[ error ] [8192]mysql_get_server_info(): The mysql extension is deprecated and will be removed in the future: use mysqli or PDO instead[D:\wamp\work\mybk\runtime\temp\583d9888dc94ddaa045f56bacd59f431.php:25]
[ error ] [2]mysql_get_server_info(): Access denied for user ''@'localhost' (using password: NO)[D:\wamp\work\mybk\runtime\temp\583d9888dc94ddaa045f56bacd59f431.php:25]
[ error ] [2]mysql_get_server_info(): A link to the server could not be established[D:\wamp\work\mybk\runtime\temp\583d9888dc94ddaa045f56bacd59f431.php:25]

---------------------------------------------------------------
[ 2019-05-07T19:36:49+08:00 ] 127.0.0.1 127.0.0.1 GET /admin/index/aa.ico
[ log ] www.mybk.com/admin/index/aa.ico [运行时间：0.052003s][吞吐率：19.23req/s] [内存消耗：2,490.82kb] [文件加载：51]
[ info ] [ LANG ] D:\wamp\work\mybk\thinkphp\lang\zh-cn.php
[ info ] [ ROUTE ] array (
  'type' => 'module',
  'module' => 
  array (
    0 => 'admin',
    1 => 'index',
    2 => 'aa.ico',
  ),
)
[ info ] [ HEADER ] array (
  'host' => 'www.mybk.com',
  'connection' => 'keep-alive',
  'user-agent' => 'Mozilla/5.0 (Windows NT 6.1; WOW64) AppleWebKit/537.36 (KHTML, like Gecko) Chrome/73.0.3683.86 Safari/537.36',
  'accept' => 'image/webp,image/apng,image/*,*/*;q=0.8',
  'referer' => 'http://www.mybk.com/admin/index/index.html',
  'accept-encoding' => 'gzip, deflate',
  'accept-language' => 'zh-CN,zh;q=0.9,en;q=0.8',
  'cookie' => 'PHPSESSID=ttg8n5jho9hvcj4fs1e6bgdse3',
)
[ info ] [ PARAM ] array (
  '/admin/index/aa_ico' => '',
)
[ info ] [ DB ] INIT mysql
[ info ] [ SESSION ] INIT array (
  'id' => '',
  'var_session_id' => '',
  'prefix' => 'think',
  'type' => '',
  'auto_start' => true,
)
[ info ] [ CACHE ] INIT File
[ info ] [ LOG ] INIT File

---------------------------------------------------------------
[ 2019-05-07T19:36:50+08:00 ] 127.0.0.1 127.0.0.1 GET /admin/category/index.html
[ log ] www.mybk.com/admin/category/index.html [运行时间：0.134008s][吞吐率：7.46req/s] [内存消耗：2,774.55kb] [文件加载：55]
[ info ] [ LANG ] D:\wamp\work\mybk\thinkphp\lang\zh-cn.php
[ info ] [ ROUTE ] array (
  'type' => 'module',
  'module' => 
  array (
    0 => 'admin',
    1 => 'category',
    2 => 'index',
  ),
)
[ info ] [ HEADER ] array (
  'host' => 'www.mybk.com',
  'connection' => 'keep-alive',
  'upgrade-insecure-requests' => '1',
  'user-agent' => 'Mozilla/5.0 (Windows NT 6.1; WOW64) AppleWebKit/537.36 (KHTML, like Gecko) Chrome/73.0.3683.86 Safari/537.36',
  'accept' => 'text/html,application/xhtml+xml,application/xml;q=0.9,image/webp,image/apng,*/*;q=0.8,application/signed-exchange;v=b3',
  'referer' => 'http://www.mybk.com/admin/index/index.html',
  'accept-encoding' => 'gzip, deflate',
  'accept-language' => 'zh-CN,zh;q=0.9,en;q=0.8',
  'cookie' => 'PHPSESSID=ttg8n5jho9hvcj4fs1e6bgdse3',
)
[ info ] [ PARAM ] array (
  '/admin/category/index_html' => '',
)
[ info ] [ DB ] INIT mysql
[ info ] [ SESSION ] INIT array (
  'id' => '',
  'var_session_id' => '',
  'prefix' => 'think',
  'type' => '',
  'auto_start' => true,
)
[ info ] [ CACHE ] INIT File
[ info ] [ RUN ] app\admin\controller\Category->index[ D:\wamp\work\mybk\application\admin\controller\Category.php ]
[ info ] [ VIEW ] D:\wamp\work\mybk/application/admin\view\category\list.tpl.php [ array (
  0 => 'settings',
  1 => 'admin_user',
  2 => 'categorys',
  3 => 'category_list',
) ]
[ info ] [ LOG ] INIT File
[ error ] [2]str_repeat(): Second argument has to be greater than or equal to 0[D:\wamp\work\mybk\application\common\model\Category.php:81]
[ error ] [8]未定义数组下标: 8[D:\wamp\work\mybk\application\common\model\Category.php:79]
[ error ] [2]Invalid argument supplied for foreach()[D:\wamp\work\mybk\application\common\model\Category.php:79]
[ error ] [8]未定义数组下标: 9[D:\wamp\work\mybk\application\common\model\Category.php:79]
[ error ] [2]Invalid argument supplied for foreach()[D:\wamp\work\mybk\application\common\model\Category.php:79]
[ error ] [8]未定义数组下标: 10[D:\wamp\work\mybk\application\common\model\Category.php:79]
[ error ] [2]Invalid argument supplied for foreach()[D:\wamp\work\mybk\application\common\model\Category.php:79]
[ error ] [8]未定义数组下标: 11[D:\wamp\work\mybk\application\common\model\Category.php:79]
[ error ] [2]Invalid argument supplied for foreach()[D:\wamp\work\mybk\application\common\model\Category.php:79]
[ error ] [2]str_repeat(): Second argument has to be greater than or equal to 0[D:\wamp\work\mybk\application\common\model\Category.php:81]
[ error ] [8]未定义数组下标: 13[D:\wamp\work\mybk\application\common\model\Category.php:79]
[ error ] [2]Invalid argument supplied for foreach()[D:\wamp\work\mybk\application\common\model\Category.php:79]
[ error ] [8]未定义数组下标: 14[D:\wamp\work\mybk\application\common\model\Category.php:79]
[ error ] [2]Invalid argument supplied for foreach()[D:\wamp\work\mybk\application\common\model\Category.php:79]
[ error ] [2]str_repeat(): Second argument has to be greater than or equal to 0[D:\wamp\work\mybk\application\common\model\Category.php:81]
[ error ] [8]未定义数组下标: 3[D:\wamp\work\mybk\application\common\model\Category.php:79]
[ error ] [2]Invalid argument supplied for foreach()[D:\wamp\work\mybk\application\common\model\Category.php:79]
[ error ] [2]str_repeat(): Second argument has to be greater than or equal to 0[D:\wamp\work\mybk\application\common\model\Category.php:81]
[ error ] [8]未定义数组下标: 5[D:\wamp\work\mybk\application\common\model\Category.php:79]
[ error ] [2]Invalid argument supplied for foreach()[D:\wamp\work\mybk\application\common\model\Category.php:79]
[ error ] [8]未定义数组下标: 6[D:\wamp\work\mybk\application\common\model\Category.php:79]
[ error ] [2]Invalid argument supplied for foreach()[D:\wamp\work\mybk\application\common\model\Category.php:79]
[ error ] [8]未定义数组下标: 7[D:\wamp\work\mybk\application\common\model\Category.php:79]
[ error ] [2]Invalid argument supplied for foreach()[D:\wamp\work\mybk\application\common\model\Category.php:79]

---------------------------------------------------------------
[ 2019-05-07T19:36:51+08:00 ] 127.0.0.1 127.0.0.1 GET /admin/category/manage_tree.html
[ log ] www.mybk.com/admin/category/manage_tree.html [运行时间：0.067004s][吞吐率：14.92req/s] [内存消耗：2,720.58kb] [文件加载：54]
[ info ] [ LANG ] D:\wamp\work\mybk\thinkphp\lang\zh-cn.php
[ info ] [ ROUTE ] array (
  'type' => 'module',
  'module' => 
  array (
    0 => 'admin',
    1 => 'category',
    2 => 'manage_tree',
  ),
)
[ info ] [ HEADER ] array (
  'host' => 'www.mybk.com',
  'connection' => 'keep-alive',
  'accept' => 'application/json, text/javascript, */*; q=0.01',
  'x-requested-with' => 'XMLHttpRequest',
  'user-agent' => 'Mozilla/5.0 (Windows NT 6.1; WOW64) AppleWebKit/537.36 (KHTML, like Gecko) Chrome/73.0.3683.86 Safari/537.36',
  'referer' => 'http://www.mybk.com/admin/index/index.html',
  'accept-encoding' => 'gzip, deflate',
  'accept-language' => 'zh-CN,zh;q=0.9,en;q=0.8',
  'cookie' => 'PHPSESSID=ttg8n5jho9hvcj4fs1e6bgdse3',
)
[ info ] [ PARAM ] array (
  '/admin/category/manage_tree_html' => '',
)
[ info ] [ DB ] INIT mysql
[ info ] [ SESSION ] INIT array (
  'id' => '',
  'var_session_id' => '',
  'prefix' => 'think',
  'type' => '',
  'auto_start' => true,
)
[ info ] [ CACHE ] INIT File
[ info ] [ RUN ] app\admin\controller\Category->manage_tree[ D:\wamp\work\mybk\application\admin\controller\Category.php ]
[ info ] [ LOG ] INIT File
[ error ] [8]未定义数组下标: 8[D:\wamp\work\mybk\application\common\model\Category.php:164]
[ error ] [2]Invalid argument supplied for foreach()[D:\wamp\work\mybk\application\common\model\Category.php:164]
[ error ] [8]未定义数组下标: 9[D:\wamp\work\mybk\application\common\model\Category.php:164]
[ error ] [2]Invalid argument supplied for foreach()[D:\wamp\work\mybk\application\common\model\Category.php:164]
[ error ] [8]未定义数组下标: 10[D:\wamp\work\mybk\application\common\model\Category.php:164]
[ error ] [2]Invalid argument supplied for foreach()[D:\wamp\work\mybk\application\common\model\Category.php:164]
[ error ] [8]未定义数组下标: 11[D:\wamp\work\mybk\application\common\model\Category.php:164]
[ error ] [2]Invalid argument supplied for foreach()[D:\wamp\work\mybk\application\common\model\Category.php:164]
[ error ] [8]未定义数组下标: 13[D:\wamp\work\mybk\application\common\model\Category.php:164]
[ error ] [2]Invalid argument supplied for foreach()[D:\wamp\work\mybk\application\common\model\Category.php:164]
[ error ] [8]未定义数组下标: 14[D:\wamp\work\mybk\application\common\model\Category.php:164]
[ error ] [2]Invalid argument supplied for foreach()[D:\wamp\work\mybk\application\common\model\Category.php:164]
[ error ] [8]未定义数组下标: 3[D:\wamp\work\mybk\application\common\model\Category.php:164]
[ error ] [2]Invalid argument supplied for foreach()[D:\wamp\work\mybk\application\common\model\Category.php:164]
[ error ] [8]未定义数组下标: 5[D:\wamp\work\mybk\application\common\model\Category.php:164]
[ error ] [2]Invalid argument supplied for foreach()[D:\wamp\work\mybk\application\common\model\Category.php:164]
[ error ] [8]未定义数组下标: 6[D:\wamp\work\mybk\application\common\model\Category.php:164]
[ error ] [2]Invalid argument supplied for foreach()[D:\wamp\work\mybk\application\common\model\Category.php:164]

---------------------------------------------------------------
[ 2019-05-07T19:36:51+08:00 ] 127.0.0.1 127.0.0.1 GET /admin/category/content_manage_search.html
[ log ] www.mybk.com/admin/category/content_manage_search.html [运行时间：0.078004s][吞吐率：12.82req/s] [内存消耗：2,729.84kb] [文件加载：55]
[ info ] [ LANG ] D:\wamp\work\mybk\thinkphp\lang\zh-cn.php
[ info ] [ ROUTE ] array (
  'type' => 'module',
  'module' => 
  array (
    0 => 'admin',
    1 => 'category',
    2 => 'content_manage_search',
  ),
)
[ info ] [ HEADER ] array (
  'host' => 'www.mybk.com',
  'connection' => 'keep-alive',
  'upgrade-insecure-requests' => '1',
  'user-agent' => 'Mozilla/5.0 (Windows NT 6.1; WOW64) AppleWebKit/537.36 (KHTML, like Gecko) Chrome/73.0.3683.86 Safari/537.36',
  'accept' => 'text/html,application/xhtml+xml,application/xml;q=0.9,image/webp,image/apng,*/*;q=0.8,application/signed-exchange;v=b3',
  'referer' => 'http://www.mybk.com/admin/index/index.html',
  'accept-encoding' => 'gzip, deflate',
  'accept-language' => 'zh-CN,zh;q=0.9,en;q=0.8',
  'cookie' => 'PHPSESSID=ttg8n5jho9hvcj4fs1e6bgdse3',
)
[ info ] [ PARAM ] array (
  '/admin/category/content_manage_search_html' => '',
)
[ info ] [ DB ] INIT mysql
[ info ] [ SESSION ] INIT array (
  'id' => '',
  'var_session_id' => '',
  'prefix' => 'think',
  'type' => '',
  'auto_start' => true,
)
[ info ] [ CACHE ] INIT File
[ info ] [ RUN ] app\admin\controller\Category->content_manage_search[ D:\wamp\work\mybk\application\admin\controller\Category.php ]
[ info ] [ VIEW ] D:\wamp\work\mybk/application/admin\view\category\content_manage_search.tpl.php [ array (
  0 => 'settings',
  1 => 'admin_user',
  2 => 'category_list',
) ]
[ info ] [ LOG ] INIT File
[ error ] [8]未定义数组索引: is_search[D:\wamp\work\mybk\application\common\model\Category.php:102]
[ error ] [8]未定义数组索引: is_search[D:\wamp\work\mybk\application\common\model\Category.php:102]
[ error ] [8]未定义数组索引: is_search[D:\wamp\work\mybk\application\common\model\Category.php:102]
[ error ] [8]未定义数组索引: is_search[D:\wamp\work\mybk\application\common\model\Category.php:102]
[ error ] [8]未定义数组索引: is_search[D:\wamp\work\mybk\application\common\model\Category.php:102]
[ error ] [8]未定义数组索引: is_search[D:\wamp\work\mybk\application\common\model\Category.php:102]
[ error ] [8]未定义数组索引: is_search[D:\wamp\work\mybk\application\common\model\Category.php:102]
[ error ] [8]未定义数组索引: is_search[D:\wamp\work\mybk\application\common\model\Category.php:102]
[ error ] [8]未定义数组索引: is_search[D:\wamp\work\mybk\application\common\model\Category.php:102]

---------------------------------------------------------------
[ 2019-05-07T19:36:53+08:00 ] 127.0.0.1 127.0.0.1 GET /admin/category/index.html
[ log ] www.mybk.com/admin/category/index.html [运行时间：0.067004s][吞吐率：14.92req/s] [内存消耗：2,774.55kb] [文件加载：55]
[ info ] [ LANG ] D:\wamp\work\mybk\thinkphp\lang\zh-cn.php
[ info ] [ ROUTE ] array (
  'type' => 'module',
  'module' => 
  array (
    0 => 'admin',
    1 => 'category',
    2 => 'index',
  ),
)
[ info ] [ HEADER ] array (
  'host' => 'www.mybk.com',
  'connection' => 'keep-alive',
  'upgrade-insecure-requests' => '1',
  'user-agent' => 'Mozilla/5.0 (Windows NT 6.1; WOW64) AppleWebKit/537.36 (KHTML, like Gecko) Chrome/73.0.3683.86 Safari/537.36',
  'accept' => 'text/html,application/xhtml+xml,application/xml;q=0.9,image/webp,image/apng,*/*;q=0.8,application/signed-exchange;v=b3',
  'referer' => 'http://www.mybk.com/admin/index/index.html',
  'accept-encoding' => 'gzip, deflate',
  'accept-language' => 'zh-CN,zh;q=0.9,en;q=0.8',
  'cookie' => 'PHPSESSID=ttg8n5jho9hvcj4fs1e6bgdse3',
)
[ info ] [ PARAM ] array (
  '/admin/category/index_html' => '',
)
[ info ] [ DB ] INIT mysql
[ info ] [ SESSION ] INIT array (
  'id' => '',
  'var_session_id' => '',
  'prefix' => 'think',
  'type' => '',
  'auto_start' => true,
)
[ info ] [ CACHE ] INIT File
[ info ] [ RUN ] app\admin\controller\Category->index[ D:\wamp\work\mybk\application\admin\controller\Category.php ]
[ info ] [ VIEW ] D:\wamp\work\mybk/application/admin\view\category\list.tpl.php [ array (
  0 => 'settings',
  1 => 'admin_user',
  2 => 'categorys',
  3 => 'category_list',
) ]
[ info ] [ LOG ] INIT File
[ error ] [2]str_repeat(): Second argument has to be greater than or equal to 0[D:\wamp\work\mybk\application\common\model\Category.php:81]
[ error ] [8]未定义数组下标: 8[D:\wamp\work\mybk\application\common\model\Category.php:79]
[ error ] [2]Invalid argument supplied for foreach()[D:\wamp\work\mybk\application\common\model\Category.php:79]
[ error ] [8]未定义数组下标: 9[D:\wamp\work\mybk\application\common\model\Category.php:79]
[ error ] [2]Invalid argument supplied for foreach()[D:\wamp\work\mybk\application\common\model\Category.php:79]
[ error ] [8]未定义数组下标: 10[D:\wamp\work\mybk\application\common\model\Category.php:79]
[ error ] [2]Invalid argument supplied for foreach()[D:\wamp\work\mybk\application\common\model\Category.php:79]
[ error ] [8]未定义数组下标: 11[D:\wamp\work\mybk\application\common\model\Category.php:79]
[ error ] [2]Invalid argument supplied for foreach()[D:\wamp\work\mybk\application\common\model\Category.php:79]
[ error ] [2]str_repeat(): Second argument has to be greater than or equal to 0[D:\wamp\work\mybk\application\common\model\Category.php:81]
[ error ] [8]未定义数组下标: 13[D:\wamp\work\mybk\application\common\model\Category.php:79]
[ error ] [2]Invalid argument supplied for foreach()[D:\wamp\work\mybk\application\common\model\Category.php:79]
[ error ] [8]未定义数组下标: 14[D:\wamp\work\mybk\application\common\model\Category.php:79]
[ error ] [2]Invalid argument supplied for foreach()[D:\wamp\work\mybk\application\common\model\Category.php:79]
[ error ] [2]str_repeat(): Second argument has to be greater than or equal to 0[D:\wamp\work\mybk\application\common\model\Category.php:81]
[ error ] [8]未定义数组下标: 3[D:\wamp\work\mybk\application\common\model\Category.php:79]
[ error ] [2]Invalid argument supplied for foreach()[D:\wamp\work\mybk\application\common\model\Category.php:79]
[ error ] [2]str_repeat(): Second argument has to be greater than or equal to 0[D:\wamp\work\mybk\application\common\model\Category.php:81]
[ error ] [8]未定义数组下标: 5[D:\wamp\work\mybk\application\common\model\Category.php:79]
[ error ] [2]Invalid argument supplied for foreach()[D:\wamp\work\mybk\application\common\model\Category.php:79]
[ error ] [8]未定义数组下标: 6[D:\wamp\work\mybk\application\common\model\Category.php:79]
[ error ] [2]Invalid argument supplied for foreach()[D:\wamp\work\mybk\application\common\model\Category.php:79]
[ error ] [8]未定义数组下标: 7[D:\wamp\work\mybk\application\common\model\Category.php:79]
[ error ] [2]Invalid argument supplied for foreach()[D:\wamp\work\mybk\application\common\model\Category.php:79]

---------------------------------------------------------------
[ 2019-05-07T19:36:56+08:00 ] 127.0.0.1 127.0.0.1 GET /admin/cache/update.html
[ log ] www.mybk.com/admin/cache/update.html [运行时间：0.227013s][吞吐率：4.41req/s] [内存消耗：2,993.29kb] [文件加载：55]
[ info ] [ LANG ] D:\wamp\work\mybk\thinkphp\lang\zh-cn.php
[ info ] [ ROUTE ] array (
  'type' => 'module',
  'module' => 
  array (
    0 => 'admin',
    1 => 'cache',
    2 => 'update',
  ),
)
[ info ] [ HEADER ] array (
  'host' => 'www.mybk.com',
  'connection' => 'keep-alive',
  'accept' => 'application/json, text/javascript, */*; q=0.01',
  'x-requested-with' => 'XMLHttpRequest',
  'user-agent' => 'Mozilla/5.0 (Windows NT 6.1; WOW64) AppleWebKit/537.36 (KHTML, like Gecko) Chrome/73.0.3683.86 Safari/537.36',
  'referer' => 'http://www.mybk.com/admin/index/index.html',
  'accept-encoding' => 'gzip, deflate',
  'accept-language' => 'zh-CN,zh;q=0.9,en;q=0.8',
  'cookie' => 'PHPSESSID=ttg8n5jho9hvcj4fs1e6bgdse3',
)
[ info ] [ PARAM ] array (
  '/admin/cache/update_html' => '',
)
[ info ] [ DB ] INIT mysql
[ info ] [ SESSION ] INIT array (
  'id' => '',
  'var_session_id' => '',
  'prefix' => 'think',
  'type' => '',
  'auto_start' => true,
)
[ info ] [ CACHE ] INIT File
[ info ] [ RUN ] app\admin\controller\Cache->update[ D:\wamp\work\mybk\application\admin\controller\Cache.php ]
[ info ] [ DB ] INIT mysql
[ info ] [ DB ] INIT mysql
[ info ] [ DB ] INIT mysql
[ info ] [ DB ] INIT mysql
[ info ] [ DB ] INIT mysql
[ info ] [ DB ] INIT mysql
[ info ] [ LOG ] INIT File

---------------------------------------------------------------
[ 2019-05-07T19:36:57+08:00 ] 127.0.0.1 127.0.0.1 GET /admin/index/index.html
[ log ] www.mybk.com/admin/index/index.html [运行时间：0.112007s][吞吐率：8.93req/s] [内存消耗：2,702.13kb] [文件加载：53]
[ info ] [ LANG ] D:\wamp\work\mybk\thinkphp\lang\zh-cn.php
[ info ] [ ROUTE ] array (
  'type' => 'module',
  'module' => 
  array (
    0 => 'admin',
    1 => 'index',
    2 => 'index',
  ),
)
[ info ] [ HEADER ] array (
  'host' => 'www.mybk.com',
  'connection' => 'keep-alive',
  'cache-control' => 'max-age=0',
  'upgrade-insecure-requests' => '1',
  'user-agent' => 'Mozilla/5.0 (Windows NT 6.1; WOW64) AppleWebKit/537.36 (KHTML, like Gecko) Chrome/73.0.3683.86 Safari/537.36',
  'accept' => 'text/html,application/xhtml+xml,application/xml;q=0.9,image/webp,image/apng,*/*;q=0.8,application/signed-exchange;v=b3',
  'referer' => 'http://www.mybk.com/admin/index/index.html',
  'accept-encoding' => 'gzip, deflate',
  'accept-language' => 'zh-CN,zh;q=0.9,en;q=0.8',
  'cookie' => 'PHPSESSID=ttg8n5jho9hvcj4fs1e6bgdse3',
)
[ info ] [ PARAM ] array (
  '/admin/index/index_html' => '',
)
[ info ] [ DB ] INIT mysql
[ info ] [ SESSION ] INIT array (
  'id' => '',
  'var_session_id' => '',
  'prefix' => 'think',
  'type' => '',
  'auto_start' => true,
)
[ info ] [ CACHE ] INIT File
[ info ] [ RUN ] app\admin\controller\Index->index[ D:\wamp\work\mybk\application\admin\controller\Index.php ]
[ info ] [ VIEW ] D:\wamp\work\mybk/application/admin\view\index\index.tpl.php [ array (
  0 => 'settings',
  1 => 'admin_user',
) ]
[ info ] [ LOG ] INIT File

---------------------------------------------------------------
[ 2019-05-07T19:36:57+08:00 ] 127.0.0.1 127.0.0.1 GET /admin/index/home.html
[ log ] www.mybk.com/admin/index/home.html [运行时间：0.081005s][吞吐率：12.34req/s] [内存消耗：2,673.30kb] [文件加载：55]
[ info ] [ LANG ] D:\wamp\work\mybk\thinkphp\lang\zh-cn.php
[ info ] [ ROUTE ] array (
  'type' => 'module',
  'module' => 
  array (
    0 => 'admin',
    1 => 'index',
    2 => 'home',
  ),
)
[ info ] [ HEADER ] array (
  'host' => 'www.mybk.com',
  'connection' => 'keep-alive',
  'upgrade-insecure-requests' => '1',
  'user-agent' => 'Mozilla/5.0 (Windows NT 6.1; WOW64) AppleWebKit/537.36 (KHTML, like Gecko) Chrome/73.0.3683.86 Safari/537.36',
  'accept' => 'text/html,application/xhtml+xml,application/xml;q=0.9,image/webp,image/apng,*/*;q=0.8,application/signed-exchange;v=b3',
  'referer' => 'http://www.mybk.com/admin/index/index.html',
  'accept-encoding' => 'gzip, deflate',
  'accept-language' => 'zh-CN,zh;q=0.9,en;q=0.8',
  'cookie' => 'PHPSESSID=ttg8n5jho9hvcj4fs1e6bgdse3',
)
[ info ] [ PARAM ] array (
  '/admin/index/home_html' => '',
)
[ info ] [ DB ] INIT mysql
[ info ] [ SESSION ] INIT array (
  'id' => '',
  'var_session_id' => '',
  'prefix' => 'think',
  'type' => '',
  'auto_start' => true,
)
[ info ] [ CACHE ] INIT File
[ info ] [ RUN ] app\admin\controller\Index->home[ D:\wamp\work\mybk\application\admin\controller\Index.php ]
[ info ] [ VIEW ] D:\wamp\work\mybk/application/admin\view\index\home.tpl.php [ array (
  0 => 'settings',
  1 => 'admin_user',
) ]
[ info ] [ LOG ] INIT File
[ error ] [8192]mysql_get_server_info(): The mysql extension is deprecated and will be removed in the future: use mysqli or PDO instead[D:\wamp\work\mybk\runtime\temp\583d9888dc94ddaa045f56bacd59f431.php:25]
[ error ] [2]mysql_get_server_info(): Access denied for user ''@'localhost' (using password: NO)[D:\wamp\work\mybk\runtime\temp\583d9888dc94ddaa045f56bacd59f431.php:25]
[ error ] [2]mysql_get_server_info(): A link to the server could not be established[D:\wamp\work\mybk\runtime\temp\583d9888dc94ddaa045f56bacd59f431.php:25]

---------------------------------------------------------------
[ 2019-05-07T19:36:59+08:00 ] 127.0.0.1 127.0.0.1 GET /admin/category/index.html
[ log ] www.mybk.com/admin/category/index.html [运行时间：0.120006s][吞吐率：8.33req/s] [内存消耗：2,952.77kb] [文件加载：57]
[ info ] [ LANG ] D:\wamp\work\mybk\thinkphp\lang\zh-cn.php
[ info ] [ ROUTE ] array (
  'type' => 'module',
  'module' => 
  array (
    0 => 'admin',
    1 => 'category',
    2 => 'index',
  ),
)
[ info ] [ HEADER ] array (
  'host' => 'www.mybk.com',
  'connection' => 'keep-alive',
  'upgrade-insecure-requests' => '1',
  'user-agent' => 'Mozilla/5.0 (Windows NT 6.1; WOW64) AppleWebKit/537.36 (KHTML, like Gecko) Chrome/73.0.3683.86 Safari/537.36',
  'accept' => 'text/html,application/xhtml+xml,application/xml;q=0.9,image/webp,image/apng,*/*;q=0.8,application/signed-exchange;v=b3',
  'referer' => 'http://www.mybk.com/admin/index/index.html',
  'accept-encoding' => 'gzip, deflate',
  'accept-language' => 'zh-CN,zh;q=0.9,en;q=0.8',
  'cookie' => 'PHPSESSID=ttg8n5jho9hvcj4fs1e6bgdse3',
)
[ info ] [ PARAM ] array (
  '/admin/category/index_html' => '',
)
[ info ] [ DB ] INIT mysql
[ info ] [ SESSION ] INIT array (
  'id' => '',
  'var_session_id' => '',
  'prefix' => 'think',
  'type' => '',
  'auto_start' => true,
)
[ info ] [ CACHE ] INIT File
[ info ] [ RUN ] app\admin\controller\Category->index[ D:\wamp\work\mybk\application\admin\controller\Category.php ]
[ info ] [ VIEW ] D:\wamp\work\mybk/application/admin\view\category\list.tpl.php [ array (
  0 => 'settings',
  1 => 'admin_user',
  2 => 'categorys',
  3 => 'category_list',
) ]
[ info ] [ LOG ] INIT File
[ error ] [2]str_repeat(): Second argument has to be greater than or equal to 0[D:\wamp\work\mybk\application\common\model\Category.php:81]
[ error ] [8]未定义数组下标: 8[D:\wamp\work\mybk\application\common\model\Category.php:79]
[ error ] [2]Invalid argument supplied for foreach()[D:\wamp\work\mybk\application\common\model\Category.php:79]
[ error ] [8]未定义数组下标: 9[D:\wamp\work\mybk\application\common\model\Category.php:79]
[ error ] [2]Invalid argument supplied for foreach()[D:\wamp\work\mybk\application\common\model\Category.php:79]
[ error ] [8]未定义数组下标: 10[D:\wamp\work\mybk\application\common\model\Category.php:79]
[ error ] [2]Invalid argument supplied for foreach()[D:\wamp\work\mybk\application\common\model\Category.php:79]
[ error ] [8]未定义数组下标: 11[D:\wamp\work\mybk\application\common\model\Category.php:79]
[ error ] [2]Invalid argument supplied for foreach()[D:\wamp\work\mybk\application\common\model\Category.php:79]
[ error ] [2]str_repeat(): Second argument has to be greater than or equal to 0[D:\wamp\work\mybk\application\common\model\Category.php:81]
[ error ] [8]未定义数组下标: 13[D:\wamp\work\mybk\application\common\model\Category.php:79]
[ error ] [2]Invalid argument supplied for foreach()[D:\wamp\work\mybk\application\common\model\Category.php:79]
[ error ] [8]未定义数组下标: 14[D:\wamp\work\mybk\application\common\model\Category.php:79]
[ error ] [2]Invalid argument supplied for foreach()[D:\wamp\work\mybk\application\common\model\Category.php:79]
[ error ] [2]str_repeat(): Second argument has to be greater than or equal to 0[D:\wamp\work\mybk\application\common\model\Category.php:81]
[ error ] [8]未定义数组下标: 3[D:\wamp\work\mybk\application\common\model\Category.php:79]
[ error ] [2]Invalid argument supplied for foreach()[D:\wamp\work\mybk\application\common\model\Category.php:79]
[ error ] [2]str_repeat(): Second argument has to be greater than or equal to 0[D:\wamp\work\mybk\application\common\model\Category.php:81]
[ error ] [8]未定义数组下标: 5[D:\wamp\work\mybk\application\common\model\Category.php:79]
[ error ] [2]Invalid argument supplied for foreach()[D:\wamp\work\mybk\application\common\model\Category.php:79]
[ error ] [8]未定义数组下标: 6[D:\wamp\work\mybk\application\common\model\Category.php:79]
[ error ] [2]Invalid argument supplied for foreach()[D:\wamp\work\mybk\application\common\model\Category.php:79]
[ error ] [8]未定义数组下标: 7[D:\wamp\work\mybk\application\common\model\Category.php:79]
[ error ] [2]Invalid argument supplied for foreach()[D:\wamp\work\mybk\application\common\model\Category.php:79]

---------------------------------------------------------------
[ 2019-05-07T19:37:02+08:00 ] 127.0.0.1 127.0.0.1 GET /admin/setting/base/tab/1.html
[ log ] www.mybk.com/admin/setting/base/tab/1.html [运行时间：0.135007s][吞吐率：7.41req/s] [内存消耗：3,154.20kb] [文件加载：61]
[ info ] [ LANG ] D:\wamp\work\mybk\thinkphp\lang\zh-cn.php
[ info ] [ ROUTE ] array (
  'type' => 'module',
  'module' => 
  array (
    0 => 'admin',
    1 => 'setting',
    2 => 'base',
  ),
)
[ info ] [ HEADER ] array (
  'host' => 'www.mybk.com',
  'connection' => 'keep-alive',
  'upgrade-insecure-requests' => '1',
  'user-agent' => 'Mozilla/5.0 (Windows NT 6.1; WOW64) AppleWebKit/537.36 (KHTML, like Gecko) Chrome/73.0.3683.86 Safari/537.36',
  'accept' => 'text/html,application/xhtml+xml,application/xml;q=0.9,image/webp,image/apng,*/*;q=0.8,application/signed-exchange;v=b3',
  'referer' => 'http://www.mybk.com/admin/index/index.html',
  'accept-encoding' => 'gzip, deflate',
  'accept-language' => 'zh-CN,zh;q=0.9,en;q=0.8',
  'cookie' => 'PHPSESSID=ttg8n5jho9hvcj4fs1e6bgdse3',
)
[ info ] [ PARAM ] array (
  '/admin/setting/base/tab/1_html' => '',
  'tab' => '1',
)
[ info ] [ DB ] INIT mysql
[ info ] [ SESSION ] INIT array (
  'id' => '',
  'var_session_id' => '',
  'prefix' => 'think',
  'type' => '',
  'auto_start' => true,
)
[ info ] [ CACHE ] INIT File
[ info ] [ RUN ] app\admin\controller\Setting->base[ D:\wamp\work\mybk\application\admin\controller\Setting.php ]
[ info ] [ DB ] INIT mysql
[ info ] [ VIEW ] D:\wamp\work\mybk/application/admin\view\setting\base.tpl.php [ array (
  0 => 'settings',
  1 => 'admin_user',
  2 => 'setting',
  3 => 'model_select',
) ]
[ info ] [ LOG ] INIT File
[ error ] [2]Missing argument 1 for app\common\model\Setting::get_setting(), called in D:\wamp\work\mybk\application\admin\controller\Setting.php on line 28 and defined[D:\wamp\work\mybk\application\common\model\Setting.php:40]
[ error ] [8]未定义变量: key[D:\wamp\work\mybk\application\common\model\Setting.php:47]

---------------------------------------------------------------
[ 2019-05-07T19:37:02+08:00 ] 127.0.0.1 127.0.0.1 GET /static/images/touming_bg.png
[ log ] www.mybk.com/static/images/touming_bg.png [运行时间：0.039003s][吞吐率：25.64req/s] [内存消耗：1,309.67kb] [文件加载：33]
[ info ] [ LANG ] D:\wamp\work\mybk\thinkphp\lang\zh-cn.php
[ info ] [ ROUTE ] array (
  'type' => 'module',
  'module' => 
  array (
    0 => 'static',
    1 => 'images',
    2 => 'touming_bg.png',
  ),
)
[ info ] [ HEADER ] array (
  'host' => 'www.mybk.com',
  'connection' => 'keep-alive',
  'user-agent' => 'Mozilla/5.0 (Windows NT 6.1; WOW64) AppleWebKit/537.36 (KHTML, like Gecko) Chrome/73.0.3683.86 Safari/537.36',
  'accept' => 'image/webp,image/apng,image/*,*/*;q=0.8',
  'referer' => 'http://www.mybk.com/static/css/global.css',
  'accept-encoding' => 'gzip, deflate',
  'accept-language' => 'zh-CN,zh;q=0.9,en;q=0.8',
  'cookie' => 'PHPSESSID=ttg8n5jho9hvcj4fs1e6bgdse3',
)
[ info ] [ PARAM ] array (
  '/static/images/touming_bg_png' => '',
)
[ info ] [ LOG ] INIT File

---------------------------------------------------------------
[ 2019-05-07T19:37:05+08:00 ] 127.0.0.1 127.0.0.1 GET /admin/setting/base/tab/3.html
[ log ] www.mybk.com/admin/setting/base/tab/3.html [运行时间：0.072004s][吞吐率：13.89req/s] [内存消耗：2,975.33kb] [文件加载：59]
[ info ] [ LANG ] D:\wamp\work\mybk\thinkphp\lang\zh-cn.php
[ info ] [ ROUTE ] array (
  'type' => 'module',
  'module' => 
  array (
    0 => 'admin',
    1 => 'setting',
    2 => 'base',
  ),
)
[ info ] [ HEADER ] array (
  'host' => 'www.mybk.com',
  'connection' => 'keep-alive',
  'upgrade-insecure-requests' => '1',
  'user-agent' => 'Mozilla/5.0 (Windows NT 6.1; WOW64) AppleWebKit/537.36 (KHTML, like Gecko) Chrome/73.0.3683.86 Safari/537.36',
  'accept' => 'text/html,application/xhtml+xml,application/xml;q=0.9,image/webp,image/apng,*/*;q=0.8,application/signed-exchange;v=b3',
  'referer' => 'http://www.mybk.com/admin/index/index.html',
  'accept-encoding' => 'gzip, deflate',
  'accept-language' => 'zh-CN,zh;q=0.9,en;q=0.8',
  'cookie' => 'PHPSESSID=ttg8n5jho9hvcj4fs1e6bgdse3',
)
[ info ] [ PARAM ] array (
  '/admin/setting/base/tab/3_html' => '',
  'tab' => '3',
)
[ info ] [ DB ] INIT mysql
[ info ] [ SESSION ] INIT array (
  'id' => '',
  'var_session_id' => '',
  'prefix' => 'think',
  'type' => '',
  'auto_start' => true,
)
[ info ] [ CACHE ] INIT File
[ info ] [ RUN ] app\admin\controller\Setting->base[ D:\wamp\work\mybk\application\admin\controller\Setting.php ]
[ info ] [ DB ] INIT mysql
[ info ] [ VIEW ] D:\wamp\work\mybk/application/admin\view\setting\base.tpl.php [ array (
  0 => 'settings',
  1 => 'admin_user',
  2 => 'setting',
  3 => 'model_select',
) ]
[ info ] [ LOG ] INIT File
[ error ] [2]Missing argument 1 for app\common\model\Setting::get_setting(), called in D:\wamp\work\mybk\application\admin\controller\Setting.php on line 28 and defined[D:\wamp\work\mybk\application\common\model\Setting.php:40]
[ error ] [8]未定义变量: key[D:\wamp\work\mybk\application\common\model\Setting.php:47]

---------------------------------------------------------------
[ 2019-05-07T19:37:05+08:00 ] 127.0.0.1 127.0.0.1 GET /admin/setting/base/tab/10.html
[ log ] www.mybk.com/admin/setting/base/tab/10.html [运行时间：0.072005s][吞吐率：13.89req/s] [内存消耗：2,975.33kb] [文件加载：59]
[ info ] [ LANG ] D:\wamp\work\mybk\thinkphp\lang\zh-cn.php
[ info ] [ ROUTE ] array (
  'type' => 'module',
  'module' => 
  array (
    0 => 'admin',
    1 => 'setting',
    2 => 'base',
  ),
)
[ info ] [ HEADER ] array (
  'host' => 'www.mybk.com',
  'connection' => 'keep-alive',
  'upgrade-insecure-requests' => '1',
  'user-agent' => 'Mozilla/5.0 (Windows NT 6.1; WOW64) AppleWebKit/537.36 (KHTML, like Gecko) Chrome/73.0.3683.86 Safari/537.36',
  'accept' => 'text/html,application/xhtml+xml,application/xml;q=0.9,image/webp,image/apng,*/*;q=0.8,application/signed-exchange;v=b3',
  'referer' => 'http://www.mybk.com/admin/index/index.html',
  'accept-encoding' => 'gzip, deflate',
  'accept-language' => 'zh-CN,zh;q=0.9,en;q=0.8',
  'cookie' => 'PHPSESSID=ttg8n5jho9hvcj4fs1e6bgdse3',
)
[ info ] [ PARAM ] array (
  '/admin/setting/base/tab/10_html' => '',
  'tab' => '10',
)
[ info ] [ DB ] INIT mysql
[ info ] [ SESSION ] INIT array (
  'id' => '',
  'var_session_id' => '',
  'prefix' => 'think',
  'type' => '',
  'auto_start' => true,
)
[ info ] [ CACHE ] INIT File
[ info ] [ RUN ] app\admin\controller\Setting->base[ D:\wamp\work\mybk\application\admin\controller\Setting.php ]
[ info ] [ DB ] INIT mysql
[ info ] [ VIEW ] D:\wamp\work\mybk/application/admin\view\setting\base.tpl.php [ array (
  0 => 'settings',
  1 => 'admin_user',
  2 => 'setting',
  3 => 'model_select',
) ]
[ info ] [ LOG ] INIT File
[ error ] [2]Missing argument 1 for app\common\model\Setting::get_setting(), called in D:\wamp\work\mybk\application\admin\controller\Setting.php on line 28 and defined[D:\wamp\work\mybk\application\common\model\Setting.php:40]
[ error ] [8]未定义变量: key[D:\wamp\work\mybk\application\common\model\Setting.php:47]

---------------------------------------------------------------
