[ 2019-08-06T11:37:33+08:00 ] 127.0.0.1 127.0.0.1 GET /
[ log ] www.mybk.com/ [运行时间：1.094062s][吞吐率：0.91req/s] [内存消耗：3,036.56kb] [文件加载：58]
[ info ] [ LANG ] D:\wamp\work\mybk\thinkphp\lang\zh-cn.php
[ info ] [ ROUTE ] array (
  'type' => 'module',
  'module' => 
  array (
    0 => '',
    1 => NULL,
    2 => NULL,
  ),
)
[ info ] [ HEADER ] array (
  'host' => 'www.mybk.com',
  'connection' => 'keep-alive',
  'upgrade-insecure-requests' => '1',
  'user-agent' => 'Mozilla/5.0 (Windows NT 6.1; WOW64) AppleWebKit/537.36 (KHTML, like Gecko) Chrome/73.0.3683.86 Safari/537.36',
  'accept' => 'text/html,application/xhtml+xml,application/xml;q=0.9,image/webp,image/apng,*/*;q=0.8,application/signed-exchange;v=b3',
  'accept-encoding' => 'gzip, deflate',
  'accept-language' => 'zh-CN,zh;q=0.9,en;q=0.8',
)
[ info ] [ PARAM ] array (
)
[ info ] [ SESSION ] INIT array (
  'id' => '',
  'var_session_id' => '',
  'prefix' => 'think',
  'type' => '',
  'auto_start' => true,
)
[ info ] [ CACHE ] INIT File
[ info ] [ DB ] INIT mysql
[ info ] [ RUN ] app\index\controller\Index->index[ D:\wamp\work\mybk\application\index\controller\Index.php ]
[ info ] [ VIEW ] ./template/laozhang/index\index.html [ array (
  0 => 'settings',
  1 => 'categorys',
  2 => 'search_model_select',
  3 => 'seo',
  4 => 'links',
  5 => 'recommend_list',
  6 => 'new_list',
  7 => 'hot_list',
) ]
[ info ] [ LOG ] INIT File
[ error ] [8]Use of undefined constant image_url - assumed 'image_url'[D:\wamp\work\mybk\runtime\temp\dc249e5f79fe156c6fb33e70f1236387.php:128]
[ error ] [8]Use of undefined constant image_url - assumed 'image_url'[D:\wamp\work\mybk\runtime\temp\dc249e5f79fe156c6fb33e70f1236387.php:128]
[ error ] [8]Use of undefined constant image_url - assumed 'image_url'[D:\wamp\work\mybk\runtime\temp\dc249e5f79fe156c6fb33e70f1236387.php:129]
[ error ] [8]Use of undefined constant image_url - assumed 'image_url'[D:\wamp\work\mybk\runtime\temp\dc249e5f79fe156c6fb33e70f1236387.php:129]
[ error ] [2]Missing argument 3 for format_datetime(), called in D:\wamp\work\mybk\runtime\temp\dc249e5f79fe156c6fb33e70f1236387.php on line 134 and defined[D:\wamp\work\mybk\application\common.php:101]
[ error ] [8]Use of undefined constant image_url - assumed 'image_url'[D:\wamp\work\mybk\runtime\temp\dc249e5f79fe156c6fb33e70f1236387.php:128]
[ error ] [8]Use of undefined constant image_url - assumed 'image_url'[D:\wamp\work\mybk\runtime\temp\dc249e5f79fe156c6fb33e70f1236387.php:128]
[ error ] [8]Use of undefined constant image_url - assumed 'image_url'[D:\wamp\work\mybk\runtime\temp\dc249e5f79fe156c6fb33e70f1236387.php:129]
[ error ] [8]Use of undefined constant image_url - assumed 'image_url'[D:\wamp\work\mybk\runtime\temp\dc249e5f79fe156c6fb33e70f1236387.php:129]
[ error ] [2]Missing argument 3 for format_datetime(), called in D:\wamp\work\mybk\runtime\temp\dc249e5f79fe156c6fb33e70f1236387.php on line 134 and defined[D:\wamp\work\mybk\application\common.php:101]
[ error ] [8]Use of undefined constant image_url - assumed 'image_url'[D:\wamp\work\mybk\runtime\temp\dc249e5f79fe156c6fb33e70f1236387.php:128]
[ error ] [8]Use of undefined constant image_url - assumed 'image_url'[D:\wamp\work\mybk\runtime\temp\dc249e5f79fe156c6fb33e70f1236387.php:128]
[ error ] [8]Use of undefined constant image_url - assumed 'image_url'[D:\wamp\work\mybk\runtime\temp\dc249e5f79fe156c6fb33e70f1236387.php:129]
[ error ] [8]Use of undefined constant image_url - assumed 'image_url'[D:\wamp\work\mybk\runtime\temp\dc249e5f79fe156c6fb33e70f1236387.php:129]
[ error ] [2]Missing argument 3 for format_datetime(), called in D:\wamp\work\mybk\runtime\temp\dc249e5f79fe156c6fb33e70f1236387.php on line 134 and defined[D:\wamp\work\mybk\application\common.php:101]
[ error ] [8]Use of undefined constant image_url - assumed 'image_url'[D:\wamp\work\mybk\runtime\temp\dc249e5f79fe156c6fb33e70f1236387.php:128]
[ error ] [8]Use of undefined constant image_url - assumed 'image_url'[D:\wamp\work\mybk\runtime\temp\dc249e5f79fe156c6fb33e70f1236387.php:128]
[ error ] [8]Use of undefined constant image_url - assumed 'image_url'[D:\wamp\work\mybk\runtime\temp\dc249e5f79fe156c6fb33e70f1236387.php:129]
[ error ] [8]Use of undefined constant image_url - assumed 'image_url'[D:\wamp\work\mybk\runtime\temp\dc249e5f79fe156c6fb33e70f1236387.php:129]
[ error ] [2]Missing argument 3 for format_datetime(), called in D:\wamp\work\mybk\runtime\temp\dc249e5f79fe156c6fb33e70f1236387.php on line 134 and defined[D:\wamp\work\mybk\application\common.php:101]
[ error ] [8]Use of undefined constant image_url - assumed 'image_url'[D:\wamp\work\mybk\runtime\temp\dc249e5f79fe156c6fb33e70f1236387.php:128]
[ error ] [8]Use of undefined constant image_url - assumed 'image_url'[D:\wamp\work\mybk\runtime\temp\dc249e5f79fe156c6fb33e70f1236387.php:128]
[ error ] [8]Use of undefined constant image_url - assumed 'image_url'[D:\wamp\work\mybk\runtime\temp\dc249e5f79fe156c6fb33e70f1236387.php:129]
[ error ] [8]Use of undefined constant image_url - assumed 'image_url'[D:\wamp\work\mybk\runtime\temp\dc249e5f79fe156c6fb33e70f1236387.php:129]
[ error ] [2]Missing argument 3 for format_datetime(), called in D:\wamp\work\mybk\runtime\temp\dc249e5f79fe156c6fb33e70f1236387.php on line 134 and defined[D:\wamp\work\mybk\application\common.php:101]
[ error ] [8]Use of undefined constant image_url - assumed 'image_url'[D:\wamp\work\mybk\runtime\temp\dc249e5f79fe156c6fb33e70f1236387.php:128]
[ error ] [8]Use of undefined constant image_url - assumed 'image_url'[D:\wamp\work\mybk\runtime\temp\dc249e5f79fe156c6fb33e70f1236387.php:128]
[ error ] [8]Use of undefined constant image_url - assumed 'image_url'[D:\wamp\work\mybk\runtime\temp\dc249e5f79fe156c6fb33e70f1236387.php:129]
[ error ] [8]Use of undefined constant image_url - assumed 'image_url'[D:\wamp\work\mybk\runtime\temp\dc249e5f79fe156c6fb33e70f1236387.php:129]
[ error ] [2]Missing argument 3 for format_datetime(), called in D:\wamp\work\mybk\runtime\temp\dc249e5f79fe156c6fb33e70f1236387.php on line 134 and defined[D:\wamp\work\mybk\application\common.php:101]
[ error ] [8]Use of undefined constant image_url - assumed 'image_url'[D:\wamp\work\mybk\runtime\temp\dc249e5f79fe156c6fb33e70f1236387.php:128]
[ error ] [8]Use of undefined constant image_url - assumed 'image_url'[D:\wamp\work\mybk\runtime\temp\dc249e5f79fe156c6fb33e70f1236387.php:128]
[ error ] [8]Use of undefined constant image_url - assumed 'image_url'[D:\wamp\work\mybk\runtime\temp\dc249e5f79fe156c6fb33e70f1236387.php:129]
[ error ] [8]Use of undefined constant image_url - assumed 'image_url'[D:\wamp\work\mybk\runtime\temp\dc249e5f79fe156c6fb33e70f1236387.php:129]
[ error ] [2]Missing argument 3 for format_datetime(), called in D:\wamp\work\mybk\runtime\temp\dc249e5f79fe156c6fb33e70f1236387.php on line 134 and defined[D:\wamp\work\mybk\application\common.php:101]
[ error ] [8]Use of undefined constant image_url - assumed 'image_url'[D:\wamp\work\mybk\runtime\temp\dc249e5f79fe156c6fb33e70f1236387.php:128]
[ error ] [8]Use of undefined constant image_url - assumed 'image_url'[D:\wamp\work\mybk\runtime\temp\dc249e5f79fe156c6fb33e70f1236387.php:128]
[ error ] [8]Use of undefined constant image_url - assumed 'image_url'[D:\wamp\work\mybk\runtime\temp\dc249e5f79fe156c6fb33e70f1236387.php:129]
[ error ] [8]Use of undefined constant image_url - assumed 'image_url'[D:\wamp\work\mybk\runtime\temp\dc249e5f79fe156c6fb33e70f1236387.php:129]
[ error ] [2]Missing argument 3 for format_datetime(), called in D:\wamp\work\mybk\runtime\temp\dc249e5f79fe156c6fb33e70f1236387.php on line 134 and defined[D:\wamp\work\mybk\application\common.php:101]
[ error ] [8]未定义数组索引: nickname[D:\wamp\work\mybk\runtime\temp\dc249e5f79fe156c6fb33e70f1236387.php:186]

---------------------------------------------------------------
[ 2019-08-06T11:37:33+08:00 ] 127.0.0.1 127.0.0.1 GET /favicon.ico
[ log ] www.mybk.com/favicon.ico [运行时间：0.036003s][吞吐率：27.78req/s] [内存消耗：1,267.86kb] [文件加载：33]
[ info ] [ LANG ] D:\wamp\work\mybk\thinkphp\lang\zh-cn.php
[ info ] [ ROUTE ] array (
  'type' => 'module',
  'module' => 
  array (
    0 => 'favicon.ico',
    1 => NULL,
    2 => NULL,
  ),
)
[ info ] [ HEADER ] array (
  'host' => 'www.mybk.com',
  'connection' => 'keep-alive',
  'user-agent' => 'Mozilla/5.0 (Windows NT 6.1; WOW64) AppleWebKit/537.36 (KHTML, like Gecko) Chrome/73.0.3683.86 Safari/537.36',
  'accept' => 'image/webp,image/apng,image/*,*/*;q=0.8',
  'referer' => 'http://www.mybk.com/',
  'accept-encoding' => 'gzip, deflate',
  'accept-language' => 'zh-CN,zh;q=0.9,en;q=0.8',
  'cookie' => 'PHPSESSID=hmet0jvdg9573bjuaa0la2aqe5',
)
[ info ] [ PARAM ] array (
  '/favicon_ico' => '',
)
[ info ] [ LOG ] INIT File

---------------------------------------------------------------
