[ 2019-08-08T15:14:54+08:00 ] 127.0.0.1 127.0.0.1 GET /
[ log ] www.mybk.com/ [运行时间：0.871050s][吞吐率：1.15req/s] [内存消耗：2,851.82kb] [文件加载：56]
[ info ] [ LANG ] D:\wamp\work\mybk\thinkphp\lang\zh-cn.php
[ info ] [ ROUTE ] array (
  'type' => 'module',
  'module' => 
  array (
    0 => '',
    1 => NULL,
    2 => NULL,
  ),
)
[ info ] [ HEADER ] array (
  'host' => 'www.mybk.com',
  'connection' => 'keep-alive',
  'upgrade-insecure-requests' => '1',
  'user-agent' => 'Mozilla/5.0 (Windows NT 6.1; WOW64) AppleWebKit/537.36 (KHTML, like Gecko) Chrome/73.0.3683.86 Safari/537.36',
  'accept' => 'text/html,application/xhtml+xml,application/xml;q=0.9,image/webp,image/apng,*/*;q=0.8,application/signed-exchange;v=b3',
  'accept-encoding' => 'gzip, deflate',
  'accept-language' => 'zh-CN,zh;q=0.9,en;q=0.8',
  'cookie' => 'PHPSESSID=hmet0jvdg9573bjuaa0la2aqe5',
)
[ info ] [ PARAM ] array (
)
[ info ] [ SESSION ] INIT array (
  'id' => '',
  'var_session_id' => '',
  'prefix' => 'think',
  'type' => '',
  'auto_start' => true,
)
[ info ] [ CACHE ] INIT File
[ info ] [ DB ] INIT mysql
[ info ] [ RUN ] app\index\controller\Index->index[ D:\wamp\work\mybk\application\index\controller\Index.php ]
[ info ] [ VIEW ] ./template/laozhang/index\index.html [ array (
  0 => 'settings',
  1 => 'categorys',
  2 => 'search_model_select',
  3 => 'seo',
  4 => 'links',
  5 => 'recommend_list',
  6 => 'new_list',
  7 => 'hot_list',
) ]
[ info ] [ LOG ] INIT File
[ error ] [8]Use of undefined constant image_url - assumed 'image_url'[D:\wamp\work\mybk\runtime\temp\dc249e5f79fe156c6fb33e70f1236387.php:128]
[ error ] [8]Use of undefined constant image_url - assumed 'image_url'[D:\wamp\work\mybk\runtime\temp\dc249e5f79fe156c6fb33e70f1236387.php:128]
[ error ] [8]Use of undefined constant image_url - assumed 'image_url'[D:\wamp\work\mybk\runtime\temp\dc249e5f79fe156c6fb33e70f1236387.php:129]
[ error ] [8]Use of undefined constant image_url - assumed 'image_url'[D:\wamp\work\mybk\runtime\temp\dc249e5f79fe156c6fb33e70f1236387.php:129]
[ error ] [2]Missing argument 3 for format_datetime(), called in D:\wamp\work\mybk\runtime\temp\dc249e5f79fe156c6fb33e70f1236387.php on line 134 and defined[D:\wamp\work\mybk\application\common.php:101]
[ error ] [8]Use of undefined constant image_url - assumed 'image_url'[D:\wamp\work\mybk\runtime\temp\dc249e5f79fe156c6fb33e70f1236387.php:128]
[ error ] [8]Use of undefined constant image_url - assumed 'image_url'[D:\wamp\work\mybk\runtime\temp\dc249e5f79fe156c6fb33e70f1236387.php:128]
[ error ] [8]Use of undefined constant image_url - assumed 'image_url'[D:\wamp\work\mybk\runtime\temp\dc249e5f79fe156c6fb33e70f1236387.php:129]
[ error ] [8]Use of undefined constant image_url - assumed 'image_url'[D:\wamp\work\mybk\runtime\temp\dc249e5f79fe156c6fb33e70f1236387.php:129]
[ error ] [2]Missing argument 3 for format_datetime(), called in D:\wamp\work\mybk\runtime\temp\dc249e5f79fe156c6fb33e70f1236387.php on line 134 and defined[D:\wamp\work\mybk\application\common.php:101]
[ error ] [8]Use of undefined constant image_url - assumed 'image_url'[D:\wamp\work\mybk\runtime\temp\dc249e5f79fe156c6fb33e70f1236387.php:128]
[ error ] [8]Use of undefined constant image_url - assumed 'image_url'[D:\wamp\work\mybk\runtime\temp\dc249e5f79fe156c6fb33e70f1236387.php:128]
[ error ] [8]Use of undefined constant image_url - assumed 'image_url'[D:\wamp\work\mybk\runtime\temp\dc249e5f79fe156c6fb33e70f1236387.php:129]
[ error ] [8]Use of undefined constant image_url - assumed 'image_url'[D:\wamp\work\mybk\runtime\temp\dc249e5f79fe156c6fb33e70f1236387.php:129]
[ error ] [2]Missing argument 3 for format_datetime(), called in D:\wamp\work\mybk\runtime\temp\dc249e5f79fe156c6fb33e70f1236387.php on line 134 and defined[D:\wamp\work\mybk\application\common.php:101]
[ error ] [8]Use of undefined constant image_url - assumed 'image_url'[D:\wamp\work\mybk\runtime\temp\dc249e5f79fe156c6fb33e70f1236387.php:128]
[ error ] [8]Use of undefined constant image_url - assumed 'image_url'[D:\wamp\work\mybk\runtime\temp\dc249e5f79fe156c6fb33e70f1236387.php:128]
[ error ] [8]Use of undefined constant image_url - assumed 'image_url'[D:\wamp\work\mybk\runtime\temp\dc249e5f79fe156c6fb33e70f1236387.php:129]
[ error ] [8]Use of undefined constant image_url - assumed 'image_url'[D:\wamp\work\mybk\runtime\temp\dc249e5f79fe156c6fb33e70f1236387.php:129]
[ error ] [2]Missing argument 3 for format_datetime(), called in D:\wamp\work\mybk\runtime\temp\dc249e5f79fe156c6fb33e70f1236387.php on line 134 and defined[D:\wamp\work\mybk\application\common.php:101]
[ error ] [8]Use of undefined constant image_url - assumed 'image_url'[D:\wamp\work\mybk\runtime\temp\dc249e5f79fe156c6fb33e70f1236387.php:128]
[ error ] [8]Use of undefined constant image_url - assumed 'image_url'[D:\wamp\work\mybk\runtime\temp\dc249e5f79fe156c6fb33e70f1236387.php:128]
[ error ] [8]Use of undefined constant image_url - assumed 'image_url'[D:\wamp\work\mybk\runtime\temp\dc249e5f79fe156c6fb33e70f1236387.php:129]
[ error ] [8]Use of undefined constant image_url - assumed 'image_url'[D:\wamp\work\mybk\runtime\temp\dc249e5f79fe156c6fb33e70f1236387.php:129]
[ error ] [2]Missing argument 3 for format_datetime(), called in D:\wamp\work\mybk\runtime\temp\dc249e5f79fe156c6fb33e70f1236387.php on line 134 and defined[D:\wamp\work\mybk\application\common.php:101]
[ error ] [8]Use of undefined constant image_url - assumed 'image_url'[D:\wamp\work\mybk\runtime\temp\dc249e5f79fe156c6fb33e70f1236387.php:128]
[ error ] [8]Use of undefined constant image_url - assumed 'image_url'[D:\wamp\work\mybk\runtime\temp\dc249e5f79fe156c6fb33e70f1236387.php:128]
[ error ] [8]Use of undefined constant image_url - assumed 'image_url'[D:\wamp\work\mybk\runtime\temp\dc249e5f79fe156c6fb33e70f1236387.php:129]
[ error ] [8]Use of undefined constant image_url - assumed 'image_url'[D:\wamp\work\mybk\runtime\temp\dc249e5f79fe156c6fb33e70f1236387.php:129]
[ error ] [2]Missing argument 3 for format_datetime(), called in D:\wamp\work\mybk\runtime\temp\dc249e5f79fe156c6fb33e70f1236387.php on line 134 and defined[D:\wamp\work\mybk\application\common.php:101]
[ error ] [8]Use of undefined constant image_url - assumed 'image_url'[D:\wamp\work\mybk\runtime\temp\dc249e5f79fe156c6fb33e70f1236387.php:128]
[ error ] [8]Use of undefined constant image_url - assumed 'image_url'[D:\wamp\work\mybk\runtime\temp\dc249e5f79fe156c6fb33e70f1236387.php:128]
[ error ] [8]Use of undefined constant image_url - assumed 'image_url'[D:\wamp\work\mybk\runtime\temp\dc249e5f79fe156c6fb33e70f1236387.php:129]
[ error ] [8]Use of undefined constant image_url - assumed 'image_url'[D:\wamp\work\mybk\runtime\temp\dc249e5f79fe156c6fb33e70f1236387.php:129]
[ error ] [2]Missing argument 3 for format_datetime(), called in D:\wamp\work\mybk\runtime\temp\dc249e5f79fe156c6fb33e70f1236387.php on line 134 and defined[D:\wamp\work\mybk\application\common.php:101]
[ error ] [8]Use of undefined constant image_url - assumed 'image_url'[D:\wamp\work\mybk\runtime\temp\dc249e5f79fe156c6fb33e70f1236387.php:128]
[ error ] [8]Use of undefined constant image_url - assumed 'image_url'[D:\wamp\work\mybk\runtime\temp\dc249e5f79fe156c6fb33e70f1236387.php:128]
[ error ] [8]Use of undefined constant image_url - assumed 'image_url'[D:\wamp\work\mybk\runtime\temp\dc249e5f79fe156c6fb33e70f1236387.php:129]
[ error ] [8]Use of undefined constant image_url - assumed 'image_url'[D:\wamp\work\mybk\runtime\temp\dc249e5f79fe156c6fb33e70f1236387.php:129]
[ error ] [2]Missing argument 3 for format_datetime(), called in D:\wamp\work\mybk\runtime\temp\dc249e5f79fe156c6fb33e70f1236387.php on line 134 and defined[D:\wamp\work\mybk\application\common.php:101]
[ error ] [8]未定义数组索引: nickname[D:\wamp\work\mybk\runtime\temp\dc249e5f79fe156c6fb33e70f1236387.php:186]

---------------------------------------------------------------
[ 2019-08-08T15:15:05+08:00 ] 127.0.0.1 127.0.0.1 GET /
[ log ] www.mybk.com/ [运行时间：0.080005s][吞吐率：12.50req/s] [内存消耗：2,851.83kb] [文件加载：56]
[ info ] [ LANG ] D:\wamp\work\mybk\thinkphp\lang\zh-cn.php
[ info ] [ ROUTE ] array (
  'type' => 'module',
  'module' => 
  array (
    0 => '',
    1 => NULL,
    2 => NULL,
  ),
)
[ info ] [ HEADER ] array (
  'host' => 'www.mybk.com',
  'connection' => 'keep-alive',
  'upgrade-insecure-requests' => '1',
  'user-agent' => 'Mozilla/5.0 (Windows NT 6.1; WOW64) AppleWebKit/537.36 (KHTML, like Gecko) Chrome/73.0.3683.86 Safari/537.36',
  'accept' => 'text/html,application/xhtml+xml,application/xml;q=0.9,image/webp,image/apng,*/*;q=0.8,application/signed-exchange;v=b3',
  'accept-encoding' => 'gzip, deflate',
  'accept-language' => 'zh-CN,zh;q=0.9,en;q=0.8',
  'cookie' => 'PHPSESSID=hmet0jvdg9573bjuaa0la2aqe5',
)
[ info ] [ PARAM ] array (
)
[ info ] [ SESSION ] INIT array (
  'id' => '',
  'var_session_id' => '',
  'prefix' => 'think',
  'type' => '',
  'auto_start' => true,
)
[ info ] [ CACHE ] INIT File
[ info ] [ DB ] INIT mysql
[ info ] [ RUN ] app\index\controller\Index->index[ D:\wamp\work\mybk\application\index\controller\Index.php ]
[ info ] [ VIEW ] ./template/laozhang/index\index.html [ array (
  0 => 'settings',
  1 => 'categorys',
  2 => 'search_model_select',
  3 => 'seo',
  4 => 'links',
  5 => 'recommend_list',
  6 => 'new_list',
  7 => 'hot_list',
) ]
[ info ] [ LOG ] INIT File
[ error ] [8]Use of undefined constant image_url - assumed 'image_url'[D:\wamp\work\mybk\runtime\temp\dc249e5f79fe156c6fb33e70f1236387.php:128]
[ error ] [8]Use of undefined constant image_url - assumed 'image_url'[D:\wamp\work\mybk\runtime\temp\dc249e5f79fe156c6fb33e70f1236387.php:128]
[ error ] [8]Use of undefined constant image_url - assumed 'image_url'[D:\wamp\work\mybk\runtime\temp\dc249e5f79fe156c6fb33e70f1236387.php:129]
[ error ] [8]Use of undefined constant image_url - assumed 'image_url'[D:\wamp\work\mybk\runtime\temp\dc249e5f79fe156c6fb33e70f1236387.php:129]
[ error ] [2]Missing argument 3 for format_datetime(), called in D:\wamp\work\mybk\runtime\temp\dc249e5f79fe156c6fb33e70f1236387.php on line 134 and defined[D:\wamp\work\mybk\application\common.php:101]
[ error ] [8]Use of undefined constant image_url - assumed 'image_url'[D:\wamp\work\mybk\runtime\temp\dc249e5f79fe156c6fb33e70f1236387.php:128]
[ error ] [8]Use of undefined constant image_url - assumed 'image_url'[D:\wamp\work\mybk\runtime\temp\dc249e5f79fe156c6fb33e70f1236387.php:128]
[ error ] [8]Use of undefined constant image_url - assumed 'image_url'[D:\wamp\work\mybk\runtime\temp\dc249e5f79fe156c6fb33e70f1236387.php:129]
[ error ] [8]Use of undefined constant image_url - assumed 'image_url'[D:\wamp\work\mybk\runtime\temp\dc249e5f79fe156c6fb33e70f1236387.php:129]
[ error ] [2]Missing argument 3 for format_datetime(), called in D:\wamp\work\mybk\runtime\temp\dc249e5f79fe156c6fb33e70f1236387.php on line 134 and defined[D:\wamp\work\mybk\application\common.php:101]
[ error ] [8]Use of undefined constant image_url - assumed 'image_url'[D:\wamp\work\mybk\runtime\temp\dc249e5f79fe156c6fb33e70f1236387.php:128]
[ error ] [8]Use of undefined constant image_url - assumed 'image_url'[D:\wamp\work\mybk\runtime\temp\dc249e5f79fe156c6fb33e70f1236387.php:128]
[ error ] [8]Use of undefined constant image_url - assumed 'image_url'[D:\wamp\work\mybk\runtime\temp\dc249e5f79fe156c6fb33e70f1236387.php:129]
[ error ] [8]Use of undefined constant image_url - assumed 'image_url'[D:\wamp\work\mybk\runtime\temp\dc249e5f79fe156c6fb33e70f1236387.php:129]
[ error ] [2]Missing argument 3 for format_datetime(), called in D:\wamp\work\mybk\runtime\temp\dc249e5f79fe156c6fb33e70f1236387.php on line 134 and defined[D:\wamp\work\mybk\application\common.php:101]
[ error ] [8]Use of undefined constant image_url - assumed 'image_url'[D:\wamp\work\mybk\runtime\temp\dc249e5f79fe156c6fb33e70f1236387.php:128]
[ error ] [8]Use of undefined constant image_url - assumed 'image_url'[D:\wamp\work\mybk\runtime\temp\dc249e5f79fe156c6fb33e70f1236387.php:128]
[ error ] [8]Use of undefined constant image_url - assumed 'image_url'[D:\wamp\work\mybk\runtime\temp\dc249e5f79fe156c6fb33e70f1236387.php:129]
[ error ] [8]Use of undefined constant image_url - assumed 'image_url'[D:\wamp\work\mybk\runtime\temp\dc249e5f79fe156c6fb33e70f1236387.php:129]
[ error ] [2]Missing argument 3 for format_datetime(), called in D:\wamp\work\mybk\runtime\temp\dc249e5f79fe156c6fb33e70f1236387.php on line 134 and defined[D:\wamp\work\mybk\application\common.php:101]
[ error ] [8]Use of undefined constant image_url - assumed 'image_url'[D:\wamp\work\mybk\runtime\temp\dc249e5f79fe156c6fb33e70f1236387.php:128]
[ error ] [8]Use of undefined constant image_url - assumed 'image_url'[D:\wamp\work\mybk\runtime\temp\dc249e5f79fe156c6fb33e70f1236387.php:128]
[ error ] [8]Use of undefined constant image_url - assumed 'image_url'[D:\wamp\work\mybk\runtime\temp\dc249e5f79fe156c6fb33e70f1236387.php:129]
[ error ] [8]Use of undefined constant image_url - assumed 'image_url'[D:\wamp\work\mybk\runtime\temp\dc249e5f79fe156c6fb33e70f1236387.php:129]
[ error ] [2]Missing argument 3 for format_datetime(), called in D:\wamp\work\mybk\runtime\temp\dc249e5f79fe156c6fb33e70f1236387.php on line 134 and defined[D:\wamp\work\mybk\application\common.php:101]
[ error ] [8]Use of undefined constant image_url - assumed 'image_url'[D:\wamp\work\mybk\runtime\temp\dc249e5f79fe156c6fb33e70f1236387.php:128]
[ error ] [8]Use of undefined constant image_url - assumed 'image_url'[D:\wamp\work\mybk\runtime\temp\dc249e5f79fe156c6fb33e70f1236387.php:128]
[ error ] [8]Use of undefined constant image_url - assumed 'image_url'[D:\wamp\work\mybk\runtime\temp\dc249e5f79fe156c6fb33e70f1236387.php:129]
[ error ] [8]Use of undefined constant image_url - assumed 'image_url'[D:\wamp\work\mybk\runtime\temp\dc249e5f79fe156c6fb33e70f1236387.php:129]
[ error ] [2]Missing argument 3 for format_datetime(), called in D:\wamp\work\mybk\runtime\temp\dc249e5f79fe156c6fb33e70f1236387.php on line 134 and defined[D:\wamp\work\mybk\application\common.php:101]
[ error ] [8]Use of undefined constant image_url - assumed 'image_url'[D:\wamp\work\mybk\runtime\temp\dc249e5f79fe156c6fb33e70f1236387.php:128]
[ error ] [8]Use of undefined constant image_url - assumed 'image_url'[D:\wamp\work\mybk\runtime\temp\dc249e5f79fe156c6fb33e70f1236387.php:128]
[ error ] [8]Use of undefined constant image_url - assumed 'image_url'[D:\wamp\work\mybk\runtime\temp\dc249e5f79fe156c6fb33e70f1236387.php:129]
[ error ] [8]Use of undefined constant image_url - assumed 'image_url'[D:\wamp\work\mybk\runtime\temp\dc249e5f79fe156c6fb33e70f1236387.php:129]
[ error ] [2]Missing argument 3 for format_datetime(), called in D:\wamp\work\mybk\runtime\temp\dc249e5f79fe156c6fb33e70f1236387.php on line 134 and defined[D:\wamp\work\mybk\application\common.php:101]
[ error ] [8]Use of undefined constant image_url - assumed 'image_url'[D:\wamp\work\mybk\runtime\temp\dc249e5f79fe156c6fb33e70f1236387.php:128]
[ error ] [8]Use of undefined constant image_url - assumed 'image_url'[D:\wamp\work\mybk\runtime\temp\dc249e5f79fe156c6fb33e70f1236387.php:128]
[ error ] [8]Use of undefined constant image_url - assumed 'image_url'[D:\wamp\work\mybk\runtime\temp\dc249e5f79fe156c6fb33e70f1236387.php:129]
[ error ] [8]Use of undefined constant image_url - assumed 'image_url'[D:\wamp\work\mybk\runtime\temp\dc249e5f79fe156c6fb33e70f1236387.php:129]
[ error ] [2]Missing argument 3 for format_datetime(), called in D:\wamp\work\mybk\runtime\temp\dc249e5f79fe156c6fb33e70f1236387.php on line 134 and defined[D:\wamp\work\mybk\application\common.php:101]
[ error ] [8]未定义数组索引: nickname[D:\wamp\work\mybk\runtime\temp\dc249e5f79fe156c6fb33e70f1236387.php:186]

---------------------------------------------------------------
[ 2019-08-08T15:15:05+08:00 ] 127.0.0.1 127.0.0.1 GET /favicon.ico
[ log ] www.mybk.com/favicon.ico [运行时间：0.119006s][吞吐率：8.40req/s] [内存消耗：1,267.86kb] [文件加载：33]
[ info ] [ LANG ] D:\wamp\work\mybk\thinkphp\lang\zh-cn.php
[ info ] [ ROUTE ] array (
  'type' => 'module',
  'module' => 
  array (
    0 => 'favicon.ico',
    1 => NULL,
    2 => NULL,
  ),
)
[ info ] [ HEADER ] array (
  'host' => 'www.mybk.com',
  'connection' => 'keep-alive',
  'user-agent' => 'Mozilla/5.0 (Windows NT 6.1; WOW64) AppleWebKit/537.36 (KHTML, like Gecko) Chrome/73.0.3683.86 Safari/537.36',
  'accept' => 'image/webp,image/apng,image/*,*/*;q=0.8',
  'referer' => 'http://www.mybk.com/',
  'accept-encoding' => 'gzip, deflate',
  'accept-language' => 'zh-CN,zh;q=0.9,en;q=0.8',
  'cookie' => 'PHPSESSID=hmet0jvdg9573bjuaa0la2aqe5',
)
[ info ] [ PARAM ] array (
  '/favicon_ico' => '',
)
[ info ] [ LOG ] INIT File

---------------------------------------------------------------
[ 2019-08-08T15:51:07+08:00 ] 127.0.0.1 127.0.0.1 GET /
[ log ] www.mybk.com/ [运行时间：0.104006s][吞吐率：9.61req/s] [内存消耗：2,913.55kb] [文件加载：52]
[ info ] [ LANG ] D:\wamp\work\mybk\thinkphp\lang\zh-cn.php
[ info ] [ ROUTE ] array (
  'type' => 'module',
  'module' => 
  array (
    0 => '',
    1 => NULL,
    2 => NULL,
  ),
)
[ info ] [ HEADER ] array (
  'if-modified-since' => 'Tue, 16 Jul 2019 13:34:00 GMT',
  'if-none-match' => '"5d2dd248-1ad9"',
  'cookie' => 'PHPSESSID=hmet0jvdg9573bjuaa0la2aqe5',
  'accept-language' => 'zh-CN,zh;q=0.9,en;q=0.8',
  'accept-encoding' => 'gzip, deflate',
  'accept' => 'text/html,application/xhtml+xml,application/xml;q=0.9,image/webp,image/apng,*/*;q=0.8,application/signed-exchange;v=b3',
  'user-agent' => 'Mozilla/5.0 (Windows NT 6.1; WOW64) AppleWebKit/537.36 (KHTML, like Gecko) Chrome/73.0.3683.86 Safari/537.36',
  'upgrade-insecure-requests' => '1',
  'cache-control' => 'max-age=0',
  'connection' => 'keep-alive',
  'host' => 'www.mybk.com',
  'content-length' => '',
  'content-type' => '',
)
[ info ] [ PARAM ] array (
)
[ info ] [ SESSION ] INIT array (
  'id' => '',
  'var_session_id' => '',
  'prefix' => 'think',
  'type' => '',
  'auto_start' => true,
)
[ info ] [ CACHE ] INIT File
[ info ] [ DB ] INIT mysql
[ info ] [ RUN ] app\index\controller\Index->index[ D:\wamp\work\mybk\application\index\controller\Index.php ]
[ info ] [ LOG ] INIT File
[ error ] [1045]SQLSTATE[HY000] [1045] Access denied for user 'root'@'localhost' (using password: NO)[D:\wamp\work\mybk\thinkphp\library\think\db\Connection.php:282]

---------------------------------------------------------------
[ 2019-08-08T15:51:40+08:00 ] 127.0.0.1 127.0.0.1 GET /
[ log ] www.mybk.com/ [运行时间：0.043003s][吞吐率：23.25req/s] [内存消耗：2,912.96kb] [文件加载：52]
[ info ] [ LANG ] D:\wamp\work\mybk\thinkphp\lang\zh-cn.php
[ info ] [ ROUTE ] array (
  'type' => 'module',
  'module' => 
  array (
    0 => '',
    1 => NULL,
    2 => NULL,
  ),
)
[ info ] [ HEADER ] array (
  'cookie' => 'PHPSESSID=hmet0jvdg9573bjuaa0la2aqe5',
  'accept-language' => 'zh-CN,zh;q=0.9,en;q=0.8',
  'accept-encoding' => 'gzip, deflate',
  'accept' => 'text/html,application/xhtml+xml,application/xml;q=0.9,image/webp,image/apng,*/*;q=0.8,application/signed-exchange;v=b3',
  'user-agent' => 'Mozilla/5.0 (Windows NT 6.1; WOW64) AppleWebKit/537.36 (KHTML, like Gecko) Chrome/73.0.3683.86 Safari/537.36',
  'upgrade-insecure-requests' => '1',
  'connection' => 'keep-alive',
  'host' => 'www.mybk.com',
  'content-length' => '',
  'content-type' => '',
)
[ info ] [ PARAM ] array (
)
[ info ] [ SESSION ] INIT array (
  'id' => '',
  'var_session_id' => '',
  'prefix' => 'think',
  'type' => '',
  'auto_start' => true,
)
[ info ] [ CACHE ] INIT File
[ info ] [ DB ] INIT mysql
[ info ] [ RUN ] app\index\controller\Index->index[ D:\wamp\work\mybk\application\index\controller\Index.php ]
[ info ] [ LOG ] INIT File
[ error ] [1045]SQLSTATE[HY000] [1045] Access denied for user 'root'@'localhost' (using password: NO)[D:\wamp\work\mybk\thinkphp\library\think\db\Connection.php:282]

---------------------------------------------------------------
[ 2019-08-08T15:52:00+08:00 ] 127.0.0.1 127.0.0.1 GET /
[ log ] www.mybk.com/ [运行时间：0.047002s][吞吐率：21.28req/s] [内存消耗：2,913.34kb] [文件加载：52]
[ info ] [ LANG ] D:\wamp\work\mybk\thinkphp\lang\zh-cn.php
[ info ] [ ROUTE ] array (
  'type' => 'module',
  'module' => 
  array (
    0 => '',
    1 => NULL,
    2 => NULL,
  ),
)
[ info ] [ HEADER ] array (
  'cookie' => 'PHPSESSID=hmet0jvdg9573bjuaa0la2aqe5',
  'accept-language' => 'zh-CN,zh;q=0.9,en;q=0.8',
  'accept-encoding' => 'gzip, deflate',
  'accept' => 'text/html,application/xhtml+xml,application/xml;q=0.9,image/webp,image/apng,*/*;q=0.8,application/signed-exchange;v=b3',
  'user-agent' => 'Mozilla/5.0 (Windows NT 6.1; WOW64) AppleWebKit/537.36 (KHTML, like Gecko) Chrome/73.0.3683.86 Safari/537.36',
  'upgrade-insecure-requests' => '1',
  'cache-control' => 'max-age=0',
  'connection' => 'keep-alive',
  'host' => 'www.mybk.com',
  'content-length' => '',
  'content-type' => '',
)
[ info ] [ PARAM ] array (
)
[ info ] [ SESSION ] INIT array (
  'id' => '',
  'var_session_id' => '',
  'prefix' => 'think',
  'type' => '',
  'auto_start' => true,
)
[ info ] [ CACHE ] INIT File
[ info ] [ DB ] INIT mysql
[ info ] [ RUN ] app\index\controller\Index->index[ D:\wamp\work\mybk\application\index\controller\Index.php ]
[ info ] [ LOG ] INIT File
[ error ] [1049]SQLSTATE[HY000] [1049] Unknown database 'mybk'[D:\wamp\work\mybk\thinkphp\library\think\db\Connection.php:282]

---------------------------------------------------------------
[ 2019-08-08T15:52:03+08:00 ] 127.0.0.1 127.0.0.1 GET /
[ log ] www.mybk.com/ [运行时间：0.048002s][吞吐率：20.83req/s] [内存消耗：2,913.34kb] [文件加载：52]
[ info ] [ LANG ] D:\wamp\work\mybk\thinkphp\lang\zh-cn.php
[ info ] [ ROUTE ] array (
  'type' => 'module',
  'module' => 
  array (
    0 => '',
    1 => NULL,
    2 => NULL,
  ),
)
[ info ] [ HEADER ] array (
  'cookie' => 'PHPSESSID=hmet0jvdg9573bjuaa0la2aqe5',
  'accept-language' => 'zh-CN,zh;q=0.9,en;q=0.8',
  'accept-encoding' => 'gzip, deflate',
  'accept' => 'text/html,application/xhtml+xml,application/xml;q=0.9,image/webp,image/apng,*/*;q=0.8,application/signed-exchange;v=b3',
  'user-agent' => 'Mozilla/5.0 (Windows NT 6.1; WOW64) AppleWebKit/537.36 (KHTML, like Gecko) Chrome/73.0.3683.86 Safari/537.36',
  'upgrade-insecure-requests' => '1',
  'cache-control' => 'max-age=0',
  'connection' => 'keep-alive',
  'host' => 'www.mybk.com',
  'content-length' => '',
  'content-type' => '',
)
[ info ] [ PARAM ] array (
)
[ info ] [ SESSION ] INIT array (
  'id' => '',
  'var_session_id' => '',
  'prefix' => 'think',
  'type' => '',
  'auto_start' => true,
)
[ info ] [ CACHE ] INIT File
[ info ] [ DB ] INIT mysql
[ info ] [ RUN ] app\index\controller\Index->index[ D:\wamp\work\mybk\application\index\controller\Index.php ]
[ info ] [ LOG ] INIT File
[ error ] [1049]SQLSTATE[HY000] [1049] Unknown database 'mybk'[D:\wamp\work\mybk\thinkphp\library\think\db\Connection.php:282]

---------------------------------------------------------------
[ 2019-08-08T15:54:45+08:00 ] 127.0.0.1 127.0.0.1 GET /
[ log ] www.mybk.com/ [运行时间：0.051003s][吞吐率：19.61req/s] [内存消耗：2,913.34kb] [文件加载：52]
[ info ] [ LANG ] D:\wamp\work\mybk\thinkphp\lang\zh-cn.php
[ info ] [ ROUTE ] array (
  'type' => 'module',
  'module' => 
  array (
    0 => '',
    1 => NULL,
    2 => NULL,
  ),
)
[ info ] [ HEADER ] array (
  'cookie' => 'PHPSESSID=hmet0jvdg9573bjuaa0la2aqe5',
  'accept-language' => 'zh-CN,zh;q=0.9,en;q=0.8',
  'accept-encoding' => 'gzip, deflate',
  'accept' => 'text/html,application/xhtml+xml,application/xml;q=0.9,image/webp,image/apng,*/*;q=0.8,application/signed-exchange;v=b3',
  'user-agent' => 'Mozilla/5.0 (Windows NT 6.1; WOW64) AppleWebKit/537.36 (KHTML, like Gecko) Chrome/73.0.3683.86 Safari/537.36',
  'upgrade-insecure-requests' => '1',
  'cache-control' => 'max-age=0',
  'connection' => 'keep-alive',
  'host' => 'www.mybk.com',
  'content-length' => '',
  'content-type' => '',
)
[ info ] [ PARAM ] array (
)
[ info ] [ SESSION ] INIT array (
  'id' => '',
  'var_session_id' => '',
  'prefix' => 'think',
  'type' => '',
  'auto_start' => true,
)
[ info ] [ CACHE ] INIT File
[ info ] [ DB ] INIT mysql
[ info ] [ RUN ] app\index\controller\Index->index[ D:\wamp\work\mybk\application\index\controller\Index.php ]
[ info ] [ LOG ] INIT File
[ error ] [1049]SQLSTATE[HY000] [1049] Unknown database 'mybk'[D:\wamp\work\mybk\thinkphp\library\think\db\Connection.php:282]

---------------------------------------------------------------
[ 2019-08-08T15:57:01+08:00 ] 127.0.0.1 127.0.0.1 GET /
[ log ] www.mybk.com/ [运行时间：0.101006s][吞吐率：9.90req/s] [内存消耗：2,851.83kb] [文件加载：56]
[ info ] [ LANG ] D:\wamp\work\mybk\thinkphp\lang\zh-cn.php
[ info ] [ ROUTE ] array (
  'type' => 'module',
  'module' => 
  array (
    0 => '',
    1 => NULL,
    2 => NULL,
  ),
)
[ info ] [ HEADER ] array (
  'host' => 'www.mybk.com',
  'connection' => 'keep-alive',
  'upgrade-insecure-requests' => '1',
  'user-agent' => 'Mozilla/5.0 (Windows NT 6.1; WOW64) AppleWebKit/537.36 (KHTML, like Gecko) Chrome/73.0.3683.86 Safari/537.36',
  'accept' => 'text/html,application/xhtml+xml,application/xml;q=0.9,image/webp,image/apng,*/*;q=0.8,application/signed-exchange;v=b3',
  'accept-encoding' => 'gzip, deflate',
  'accept-language' => 'zh-CN,zh;q=0.9,en;q=0.8',
  'cookie' => 'PHPSESSID=hmet0jvdg9573bjuaa0la2aqe5',
)
[ info ] [ PARAM ] array (
)
[ info ] [ SESSION ] INIT array (
  'id' => '',
  'var_session_id' => '',
  'prefix' => 'think',
  'type' => '',
  'auto_start' => true,
)
[ info ] [ CACHE ] INIT File
[ info ] [ DB ] INIT mysql
[ info ] [ RUN ] app\index\controller\Index->index[ D:\wamp\work\mybk\application\index\controller\Index.php ]
[ info ] [ VIEW ] ./template/laozhang/index\index.html [ array (
  0 => 'settings',
  1 => 'categorys',
  2 => 'search_model_select',
  3 => 'seo',
  4 => 'links',
  5 => 'recommend_list',
  6 => 'new_list',
  7 => 'hot_list',
) ]
[ info ] [ LOG ] INIT File
[ error ] [8]Use of undefined constant image_url - assumed 'image_url'[D:\wamp\work\mybk\runtime\temp\dc249e5f79fe156c6fb33e70f1236387.php:128]
[ error ] [8]Use of undefined constant image_url - assumed 'image_url'[D:\wamp\work\mybk\runtime\temp\dc249e5f79fe156c6fb33e70f1236387.php:128]
[ error ] [8]Use of undefined constant image_url - assumed 'image_url'[D:\wamp\work\mybk\runtime\temp\dc249e5f79fe156c6fb33e70f1236387.php:129]
[ error ] [8]Use of undefined constant image_url - assumed 'image_url'[D:\wamp\work\mybk\runtime\temp\dc249e5f79fe156c6fb33e70f1236387.php:129]
[ error ] [2]Missing argument 3 for format_datetime(), called in D:\wamp\work\mybk\runtime\temp\dc249e5f79fe156c6fb33e70f1236387.php on line 134 and defined[D:\wamp\work\mybk\application\common.php:101]
[ error ] [8]Use of undefined constant image_url - assumed 'image_url'[D:\wamp\work\mybk\runtime\temp\dc249e5f79fe156c6fb33e70f1236387.php:128]
[ error ] [8]Use of undefined constant image_url - assumed 'image_url'[D:\wamp\work\mybk\runtime\temp\dc249e5f79fe156c6fb33e70f1236387.php:128]
[ error ] [8]Use of undefined constant image_url - assumed 'image_url'[D:\wamp\work\mybk\runtime\temp\dc249e5f79fe156c6fb33e70f1236387.php:129]
[ error ] [8]Use of undefined constant image_url - assumed 'image_url'[D:\wamp\work\mybk\runtime\temp\dc249e5f79fe156c6fb33e70f1236387.php:129]
[ error ] [2]Missing argument 3 for format_datetime(), called in D:\wamp\work\mybk\runtime\temp\dc249e5f79fe156c6fb33e70f1236387.php on line 134 and defined[D:\wamp\work\mybk\application\common.php:101]
[ error ] [8]Use of undefined constant image_url - assumed 'image_url'[D:\wamp\work\mybk\runtime\temp\dc249e5f79fe156c6fb33e70f1236387.php:128]
[ error ] [8]Use of undefined constant image_url - assumed 'image_url'[D:\wamp\work\mybk\runtime\temp\dc249e5f79fe156c6fb33e70f1236387.php:128]
[ error ] [8]Use of undefined constant image_url - assumed 'image_url'[D:\wamp\work\mybk\runtime\temp\dc249e5f79fe156c6fb33e70f1236387.php:129]
[ error ] [8]Use of undefined constant image_url - assumed 'image_url'[D:\wamp\work\mybk\runtime\temp\dc249e5f79fe156c6fb33e70f1236387.php:129]
[ error ] [2]Missing argument 3 for format_datetime(), called in D:\wamp\work\mybk\runtime\temp\dc249e5f79fe156c6fb33e70f1236387.php on line 134 and defined[D:\wamp\work\mybk\application\common.php:101]
[ error ] [8]Use of undefined constant image_url - assumed 'image_url'[D:\wamp\work\mybk\runtime\temp\dc249e5f79fe156c6fb33e70f1236387.php:128]
[ error ] [8]Use of undefined constant image_url - assumed 'image_url'[D:\wamp\work\mybk\runtime\temp\dc249e5f79fe156c6fb33e70f1236387.php:128]
[ error ] [8]Use of undefined constant image_url - assumed 'image_url'[D:\wamp\work\mybk\runtime\temp\dc249e5f79fe156c6fb33e70f1236387.php:129]
[ error ] [8]Use of undefined constant image_url - assumed 'image_url'[D:\wamp\work\mybk\runtime\temp\dc249e5f79fe156c6fb33e70f1236387.php:129]
[ error ] [2]Missing argument 3 for format_datetime(), called in D:\wamp\work\mybk\runtime\temp\dc249e5f79fe156c6fb33e70f1236387.php on line 134 and defined[D:\wamp\work\mybk\application\common.php:101]
[ error ] [8]Use of undefined constant image_url - assumed 'image_url'[D:\wamp\work\mybk\runtime\temp\dc249e5f79fe156c6fb33e70f1236387.php:128]
[ error ] [8]Use of undefined constant image_url - assumed 'image_url'[D:\wamp\work\mybk\runtime\temp\dc249e5f79fe156c6fb33e70f1236387.php:128]
[ error ] [8]Use of undefined constant image_url - assumed 'image_url'[D:\wamp\work\mybk\runtime\temp\dc249e5f79fe156c6fb33e70f1236387.php:129]
[ error ] [8]Use of undefined constant image_url - assumed 'image_url'[D:\wamp\work\mybk\runtime\temp\dc249e5f79fe156c6fb33e70f1236387.php:129]
[ error ] [2]Missing argument 3 for format_datetime(), called in D:\wamp\work\mybk\runtime\temp\dc249e5f79fe156c6fb33e70f1236387.php on line 134 and defined[D:\wamp\work\mybk\application\common.php:101]
[ error ] [8]Use of undefined constant image_url - assumed 'image_url'[D:\wamp\work\mybk\runtime\temp\dc249e5f79fe156c6fb33e70f1236387.php:128]
[ error ] [8]Use of undefined constant image_url - assumed 'image_url'[D:\wamp\work\mybk\runtime\temp\dc249e5f79fe156c6fb33e70f1236387.php:128]
[ error ] [8]Use of undefined constant image_url - assumed 'image_url'[D:\wamp\work\mybk\runtime\temp\dc249e5f79fe156c6fb33e70f1236387.php:129]
[ error ] [8]Use of undefined constant image_url - assumed 'image_url'[D:\wamp\work\mybk\runtime\temp\dc249e5f79fe156c6fb33e70f1236387.php:129]
[ error ] [2]Missing argument 3 for format_datetime(), called in D:\wamp\work\mybk\runtime\temp\dc249e5f79fe156c6fb33e70f1236387.php on line 134 and defined[D:\wamp\work\mybk\application\common.php:101]
[ error ] [8]Use of undefined constant image_url - assumed 'image_url'[D:\wamp\work\mybk\runtime\temp\dc249e5f79fe156c6fb33e70f1236387.php:128]
[ error ] [8]Use of undefined constant image_url - assumed 'image_url'[D:\wamp\work\mybk\runtime\temp\dc249e5f79fe156c6fb33e70f1236387.php:128]
[ error ] [8]Use of undefined constant image_url - assumed 'image_url'[D:\wamp\work\mybk\runtime\temp\dc249e5f79fe156c6fb33e70f1236387.php:129]
[ error ] [8]Use of undefined constant image_url - assumed 'image_url'[D:\wamp\work\mybk\runtime\temp\dc249e5f79fe156c6fb33e70f1236387.php:129]
[ error ] [2]Missing argument 3 for format_datetime(), called in D:\wamp\work\mybk\runtime\temp\dc249e5f79fe156c6fb33e70f1236387.php on line 134 and defined[D:\wamp\work\mybk\application\common.php:101]
[ error ] [8]Use of undefined constant image_url - assumed 'image_url'[D:\wamp\work\mybk\runtime\temp\dc249e5f79fe156c6fb33e70f1236387.php:128]
[ error ] [8]Use of undefined constant image_url - assumed 'image_url'[D:\wamp\work\mybk\runtime\temp\dc249e5f79fe156c6fb33e70f1236387.php:128]
[ error ] [8]Use of undefined constant image_url - assumed 'image_url'[D:\wamp\work\mybk\runtime\temp\dc249e5f79fe156c6fb33e70f1236387.php:129]
[ error ] [8]Use of undefined constant image_url - assumed 'image_url'[D:\wamp\work\mybk\runtime\temp\dc249e5f79fe156c6fb33e70f1236387.php:129]
[ error ] [2]Missing argument 3 for format_datetime(), called in D:\wamp\work\mybk\runtime\temp\dc249e5f79fe156c6fb33e70f1236387.php on line 134 and defined[D:\wamp\work\mybk\application\common.php:101]
[ error ] [8]未定义数组索引: nickname[D:\wamp\work\mybk\runtime\temp\dc249e5f79fe156c6fb33e70f1236387.php:186]

---------------------------------------------------------------
[ 2019-08-08T15:57:42+08:00 ] 127.0.0.1 127.0.0.1 GET /
[ log ] www.mybk.com/ [运行时间：0.071004s][吞吐率：14.08req/s] [内存消耗：2,851.83kb] [文件加载：56]
[ info ] [ LANG ] D:\wamp\work\mybk\thinkphp\lang\zh-cn.php
[ info ] [ ROUTE ] array (
  'type' => 'module',
  'module' => 
  array (
    0 => '',
    1 => NULL,
    2 => NULL,
  ),
)
[ info ] [ HEADER ] array (
  'host' => 'www.mybk.com',
  'connection' => 'keep-alive',
  'upgrade-insecure-requests' => '1',
  'user-agent' => 'Mozilla/5.0 (Windows NT 6.1; WOW64) AppleWebKit/537.36 (KHTML, like Gecko) Chrome/73.0.3683.86 Safari/537.36',
  'accept' => 'text/html,application/xhtml+xml,application/xml;q=0.9,image/webp,image/apng,*/*;q=0.8,application/signed-exchange;v=b3',
  'accept-encoding' => 'gzip, deflate',
  'accept-language' => 'zh-CN,zh;q=0.9,en;q=0.8',
  'cookie' => 'PHPSESSID=hmet0jvdg9573bjuaa0la2aqe5',
)
[ info ] [ PARAM ] array (
)
[ info ] [ SESSION ] INIT array (
  'id' => '',
  'var_session_id' => '',
  'prefix' => 'think',
  'type' => '',
  'auto_start' => true,
)
[ info ] [ CACHE ] INIT File
[ info ] [ DB ] INIT mysql
[ info ] [ RUN ] app\index\controller\Index->index[ D:\wamp\work\mybk\application\index\controller\Index.php ]
[ info ] [ VIEW ] ./template/laozhang/index\index.html [ array (
  0 => 'settings',
  1 => 'categorys',
  2 => 'search_model_select',
  3 => 'seo',
  4 => 'links',
  5 => 'recommend_list',
  6 => 'new_list',
  7 => 'hot_list',
) ]
[ info ] [ LOG ] INIT File
[ error ] [8]Use of undefined constant image_url - assumed 'image_url'[D:\wamp\work\mybk\runtime\temp\dc249e5f79fe156c6fb33e70f1236387.php:128]
[ error ] [8]Use of undefined constant image_url - assumed 'image_url'[D:\wamp\work\mybk\runtime\temp\dc249e5f79fe156c6fb33e70f1236387.php:128]
[ error ] [8]Use of undefined constant image_url - assumed 'image_url'[D:\wamp\work\mybk\runtime\temp\dc249e5f79fe156c6fb33e70f1236387.php:129]
[ error ] [8]Use of undefined constant image_url - assumed 'image_url'[D:\wamp\work\mybk\runtime\temp\dc249e5f79fe156c6fb33e70f1236387.php:129]
[ error ] [2]Missing argument 3 for format_datetime(), called in D:\wamp\work\mybk\runtime\temp\dc249e5f79fe156c6fb33e70f1236387.php on line 134 and defined[D:\wamp\work\mybk\application\common.php:101]
[ error ] [8]Use of undefined constant image_url - assumed 'image_url'[D:\wamp\work\mybk\runtime\temp\dc249e5f79fe156c6fb33e70f1236387.php:128]
[ error ] [8]Use of undefined constant image_url - assumed 'image_url'[D:\wamp\work\mybk\runtime\temp\dc249e5f79fe156c6fb33e70f1236387.php:128]
[ error ] [8]Use of undefined constant image_url - assumed 'image_url'[D:\wamp\work\mybk\runtime\temp\dc249e5f79fe156c6fb33e70f1236387.php:129]
[ error ] [8]Use of undefined constant image_url - assumed 'image_url'[D:\wamp\work\mybk\runtime\temp\dc249e5f79fe156c6fb33e70f1236387.php:129]
[ error ] [2]Missing argument 3 for format_datetime(), called in D:\wamp\work\mybk\runtime\temp\dc249e5f79fe156c6fb33e70f1236387.php on line 134 and defined[D:\wamp\work\mybk\application\common.php:101]
[ error ] [8]Use of undefined constant image_url - assumed 'image_url'[D:\wamp\work\mybk\runtime\temp\dc249e5f79fe156c6fb33e70f1236387.php:128]
[ error ] [8]Use of undefined constant image_url - assumed 'image_url'[D:\wamp\work\mybk\runtime\temp\dc249e5f79fe156c6fb33e70f1236387.php:128]
[ error ] [8]Use of undefined constant image_url - assumed 'image_url'[D:\wamp\work\mybk\runtime\temp\dc249e5f79fe156c6fb33e70f1236387.php:129]
[ error ] [8]Use of undefined constant image_url - assumed 'image_url'[D:\wamp\work\mybk\runtime\temp\dc249e5f79fe156c6fb33e70f1236387.php:129]
[ error ] [2]Missing argument 3 for format_datetime(), called in D:\wamp\work\mybk\runtime\temp\dc249e5f79fe156c6fb33e70f1236387.php on line 134 and defined[D:\wamp\work\mybk\application\common.php:101]
[ error ] [8]Use of undefined constant image_url - assumed 'image_url'[D:\wamp\work\mybk\runtime\temp\dc249e5f79fe156c6fb33e70f1236387.php:128]
[ error ] [8]Use of undefined constant image_url - assumed 'image_url'[D:\wamp\work\mybk\runtime\temp\dc249e5f79fe156c6fb33e70f1236387.php:128]
[ error ] [8]Use of undefined constant image_url - assumed 'image_url'[D:\wamp\work\mybk\runtime\temp\dc249e5f79fe156c6fb33e70f1236387.php:129]
[ error ] [8]Use of undefined constant image_url - assumed 'image_url'[D:\wamp\work\mybk\runtime\temp\dc249e5f79fe156c6fb33e70f1236387.php:129]
[ error ] [2]Missing argument 3 for format_datetime(), called in D:\wamp\work\mybk\runtime\temp\dc249e5f79fe156c6fb33e70f1236387.php on line 134 and defined[D:\wamp\work\mybk\application\common.php:101]
[ error ] [8]Use of undefined constant image_url - assumed 'image_url'[D:\wamp\work\mybk\runtime\temp\dc249e5f79fe156c6fb33e70f1236387.php:128]
[ error ] [8]Use of undefined constant image_url - assumed 'image_url'[D:\wamp\work\mybk\runtime\temp\dc249e5f79fe156c6fb33e70f1236387.php:128]
[ error ] [8]Use of undefined constant image_url - assumed 'image_url'[D:\wamp\work\mybk\runtime\temp\dc249e5f79fe156c6fb33e70f1236387.php:129]
[ error ] [8]Use of undefined constant image_url - assumed 'image_url'[D:\wamp\work\mybk\runtime\temp\dc249e5f79fe156c6fb33e70f1236387.php:129]
[ error ] [2]Missing argument 3 for format_datetime(), called in D:\wamp\work\mybk\runtime\temp\dc249e5f79fe156c6fb33e70f1236387.php on line 134 and defined[D:\wamp\work\mybk\application\common.php:101]
[ error ] [8]Use of undefined constant image_url - assumed 'image_url'[D:\wamp\work\mybk\runtime\temp\dc249e5f79fe156c6fb33e70f1236387.php:128]
[ error ] [8]Use of undefined constant image_url - assumed 'image_url'[D:\wamp\work\mybk\runtime\temp\dc249e5f79fe156c6fb33e70f1236387.php:128]
[ error ] [8]Use of undefined constant image_url - assumed 'image_url'[D:\wamp\work\mybk\runtime\temp\dc249e5f79fe156c6fb33e70f1236387.php:129]
[ error ] [8]Use of undefined constant image_url - assumed 'image_url'[D:\wamp\work\mybk\runtime\temp\dc249e5f79fe156c6fb33e70f1236387.php:129]
[ error ] [2]Missing argument 3 for format_datetime(), called in D:\wamp\work\mybk\runtime\temp\dc249e5f79fe156c6fb33e70f1236387.php on line 134 and defined[D:\wamp\work\mybk\application\common.php:101]
[ error ] [8]Use of undefined constant image_url - assumed 'image_url'[D:\wamp\work\mybk\runtime\temp\dc249e5f79fe156c6fb33e70f1236387.php:128]
[ error ] [8]Use of undefined constant image_url - assumed 'image_url'[D:\wamp\work\mybk\runtime\temp\dc249e5f79fe156c6fb33e70f1236387.php:128]
[ error ] [8]Use of undefined constant image_url - assumed 'image_url'[D:\wamp\work\mybk\runtime\temp\dc249e5f79fe156c6fb33e70f1236387.php:129]
[ error ] [8]Use of undefined constant image_url - assumed 'image_url'[D:\wamp\work\mybk\runtime\temp\dc249e5f79fe156c6fb33e70f1236387.php:129]
[ error ] [2]Missing argument 3 for format_datetime(), called in D:\wamp\work\mybk\runtime\temp\dc249e5f79fe156c6fb33e70f1236387.php on line 134 and defined[D:\wamp\work\mybk\application\common.php:101]
[ error ] [8]Use of undefined constant image_url - assumed 'image_url'[D:\wamp\work\mybk\runtime\temp\dc249e5f79fe156c6fb33e70f1236387.php:128]
[ error ] [8]Use of undefined constant image_url - assumed 'image_url'[D:\wamp\work\mybk\runtime\temp\dc249e5f79fe156c6fb33e70f1236387.php:128]
[ error ] [8]Use of undefined constant image_url - assumed 'image_url'[D:\wamp\work\mybk\runtime\temp\dc249e5f79fe156c6fb33e70f1236387.php:129]
[ error ] [8]Use of undefined constant image_url - assumed 'image_url'[D:\wamp\work\mybk\runtime\temp\dc249e5f79fe156c6fb33e70f1236387.php:129]
[ error ] [2]Missing argument 3 for format_datetime(), called in D:\wamp\work\mybk\runtime\temp\dc249e5f79fe156c6fb33e70f1236387.php on line 134 and defined[D:\wamp\work\mybk\application\common.php:101]
[ error ] [8]未定义数组索引: nickname[D:\wamp\work\mybk\runtime\temp\dc249e5f79fe156c6fb33e70f1236387.php:186]

---------------------------------------------------------------
[ 2019-08-08T15:57:44+08:00 ] 127.0.0.1 127.0.0.1 GET /
[ log ] www.mybk.com/ [运行时间：0.064004s][吞吐率：15.62req/s] [内存消耗：2,852.11kb] [文件加载：56]
[ info ] [ LANG ] D:\wamp\work\mybk\thinkphp\lang\zh-cn.php
[ info ] [ ROUTE ] array (
  'type' => 'module',
  'module' => 
  array (
    0 => '',
    1 => NULL,
    2 => NULL,
  ),
)
[ info ] [ HEADER ] array (
  'host' => 'www.mybk.com',
  'connection' => 'keep-alive',
  'upgrade-insecure-requests' => '1',
  'user-agent' => 'Mozilla/5.0 (Windows NT 6.1; WOW64) AppleWebKit/537.36 (KHTML, like Gecko) Chrome/73.0.3683.86 Safari/537.36',
  'accept' => 'text/html,application/xhtml+xml,application/xml;q=0.9,image/webp,image/apng,*/*;q=0.8,application/signed-exchange;v=b3',
  'referer' => 'http://www.mybk.com/',
  'accept-encoding' => 'gzip, deflate',
  'accept-language' => 'zh-CN,zh;q=0.9,en;q=0.8',
  'cookie' => 'PHPSESSID=hmet0jvdg9573bjuaa0la2aqe5',
)
[ info ] [ PARAM ] array (
)
[ info ] [ SESSION ] INIT array (
  'id' => '',
  'var_session_id' => '',
  'prefix' => 'think',
  'type' => '',
  'auto_start' => true,
)
[ info ] [ CACHE ] INIT File
[ info ] [ DB ] INIT mysql
[ info ] [ RUN ] app\index\controller\Index->index[ D:\wamp\work\mybk\application\index\controller\Index.php ]
[ info ] [ VIEW ] ./template/laozhang/index\index.html [ array (
  0 => 'settings',
  1 => 'categorys',
  2 => 'search_model_select',
  3 => 'seo',
  4 => 'links',
  5 => 'recommend_list',
  6 => 'new_list',
  7 => 'hot_list',
) ]
[ info ] [ LOG ] INIT File
[ error ] [8]Use of undefined constant image_url - assumed 'image_url'[D:\wamp\work\mybk\runtime\temp\dc249e5f79fe156c6fb33e70f1236387.php:128]
[ error ] [8]Use of undefined constant image_url - assumed 'image_url'[D:\wamp\work\mybk\runtime\temp\dc249e5f79fe156c6fb33e70f1236387.php:128]
[ error ] [8]Use of undefined constant image_url - assumed 'image_url'[D:\wamp\work\mybk\runtime\temp\dc249e5f79fe156c6fb33e70f1236387.php:129]
[ error ] [8]Use of undefined constant image_url - assumed 'image_url'[D:\wamp\work\mybk\runtime\temp\dc249e5f79fe156c6fb33e70f1236387.php:129]
[ error ] [2]Missing argument 3 for format_datetime(), called in D:\wamp\work\mybk\runtime\temp\dc249e5f79fe156c6fb33e70f1236387.php on line 134 and defined[D:\wamp\work\mybk\application\common.php:101]
[ error ] [8]Use of undefined constant image_url - assumed 'image_url'[D:\wamp\work\mybk\runtime\temp\dc249e5f79fe156c6fb33e70f1236387.php:128]
[ error ] [8]Use of undefined constant image_url - assumed 'image_url'[D:\wamp\work\mybk\runtime\temp\dc249e5f79fe156c6fb33e70f1236387.php:128]
[ error ] [8]Use of undefined constant image_url - assumed 'image_url'[D:\wamp\work\mybk\runtime\temp\dc249e5f79fe156c6fb33e70f1236387.php:129]
[ error ] [8]Use of undefined constant image_url - assumed 'image_url'[D:\wamp\work\mybk\runtime\temp\dc249e5f79fe156c6fb33e70f1236387.php:129]
[ error ] [2]Missing argument 3 for format_datetime(), called in D:\wamp\work\mybk\runtime\temp\dc249e5f79fe156c6fb33e70f1236387.php on line 134 and defined[D:\wamp\work\mybk\application\common.php:101]
[ error ] [8]Use of undefined constant image_url - assumed 'image_url'[D:\wamp\work\mybk\runtime\temp\dc249e5f79fe156c6fb33e70f1236387.php:128]
[ error ] [8]Use of undefined constant image_url - assumed 'image_url'[D:\wamp\work\mybk\runtime\temp\dc249e5f79fe156c6fb33e70f1236387.php:128]
[ error ] [8]Use of undefined constant image_url - assumed 'image_url'[D:\wamp\work\mybk\runtime\temp\dc249e5f79fe156c6fb33e70f1236387.php:129]
[ error ] [8]Use of undefined constant image_url - assumed 'image_url'[D:\wamp\work\mybk\runtime\temp\dc249e5f79fe156c6fb33e70f1236387.php:129]
[ error ] [2]Missing argument 3 for format_datetime(), called in D:\wamp\work\mybk\runtime\temp\dc249e5f79fe156c6fb33e70f1236387.php on line 134 and defined[D:\wamp\work\mybk\application\common.php:101]
[ error ] [8]Use of undefined constant image_url - assumed 'image_url'[D:\wamp\work\mybk\runtime\temp\dc249e5f79fe156c6fb33e70f1236387.php:128]
[ error ] [8]Use of undefined constant image_url - assumed 'image_url'[D:\wamp\work\mybk\runtime\temp\dc249e5f79fe156c6fb33e70f1236387.php:128]
[ error ] [8]Use of undefined constant image_url - assumed 'image_url'[D:\wamp\work\mybk\runtime\temp\dc249e5f79fe156c6fb33e70f1236387.php:129]
[ error ] [8]Use of undefined constant image_url - assumed 'image_url'[D:\wamp\work\mybk\runtime\temp\dc249e5f79fe156c6fb33e70f1236387.php:129]
[ error ] [2]Missing argument 3 for format_datetime(), called in D:\wamp\work\mybk\runtime\temp\dc249e5f79fe156c6fb33e70f1236387.php on line 134 and defined[D:\wamp\work\mybk\application\common.php:101]
[ error ] [8]Use of undefined constant image_url - assumed 'image_url'[D:\wamp\work\mybk\runtime\temp\dc249e5f79fe156c6fb33e70f1236387.php:128]
[ error ] [8]Use of undefined constant image_url - assumed 'image_url'[D:\wamp\work\mybk\runtime\temp\dc249e5f79fe156c6fb33e70f1236387.php:128]
[ error ] [8]Use of undefined constant image_url - assumed 'image_url'[D:\wamp\work\mybk\runtime\temp\dc249e5f79fe156c6fb33e70f1236387.php:129]
[ error ] [8]Use of undefined constant image_url - assumed 'image_url'[D:\wamp\work\mybk\runtime\temp\dc249e5f79fe156c6fb33e70f1236387.php:129]
[ error ] [2]Missing argument 3 for format_datetime(), called in D:\wamp\work\mybk\runtime\temp\dc249e5f79fe156c6fb33e70f1236387.php on line 134 and defined[D:\wamp\work\mybk\application\common.php:101]
[ error ] [8]Use of undefined constant image_url - assumed 'image_url'[D:\wamp\work\mybk\runtime\temp\dc249e5f79fe156c6fb33e70f1236387.php:128]
[ error ] [8]Use of undefined constant image_url - assumed 'image_url'[D:\wamp\work\mybk\runtime\temp\dc249e5f79fe156c6fb33e70f1236387.php:128]
[ error ] [8]Use of undefined constant image_url - assumed 'image_url'[D:\wamp\work\mybk\runtime\temp\dc249e5f79fe156c6fb33e70f1236387.php:129]
[ error ] [8]Use of undefined constant image_url - assumed 'image_url'[D:\wamp\work\mybk\runtime\temp\dc249e5f79fe156c6fb33e70f1236387.php:129]
[ error ] [2]Missing argument 3 for format_datetime(), called in D:\wamp\work\mybk\runtime\temp\dc249e5f79fe156c6fb33e70f1236387.php on line 134 and defined[D:\wamp\work\mybk\application\common.php:101]
[ error ] [8]Use of undefined constant image_url - assumed 'image_url'[D:\wamp\work\mybk\runtime\temp\dc249e5f79fe156c6fb33e70f1236387.php:128]
[ error ] [8]Use of undefined constant image_url - assumed 'image_url'[D:\wamp\work\mybk\runtime\temp\dc249e5f79fe156c6fb33e70f1236387.php:128]
[ error ] [8]Use of undefined constant image_url - assumed 'image_url'[D:\wamp\work\mybk\runtime\temp\dc249e5f79fe156c6fb33e70f1236387.php:129]
[ error ] [8]Use of undefined constant image_url - assumed 'image_url'[D:\wamp\work\mybk\runtime\temp\dc249e5f79fe156c6fb33e70f1236387.php:129]
[ error ] [2]Missing argument 3 for format_datetime(), called in D:\wamp\work\mybk\runtime\temp\dc249e5f79fe156c6fb33e70f1236387.php on line 134 and defined[D:\wamp\work\mybk\application\common.php:101]
[ error ] [8]Use of undefined constant image_url - assumed 'image_url'[D:\wamp\work\mybk\runtime\temp\dc249e5f79fe156c6fb33e70f1236387.php:128]
[ error ] [8]Use of undefined constant image_url - assumed 'image_url'[D:\wamp\work\mybk\runtime\temp\dc249e5f79fe156c6fb33e70f1236387.php:128]
[ error ] [8]Use of undefined constant image_url - assumed 'image_url'[D:\wamp\work\mybk\runtime\temp\dc249e5f79fe156c6fb33e70f1236387.php:129]
[ error ] [8]Use of undefined constant image_url - assumed 'image_url'[D:\wamp\work\mybk\runtime\temp\dc249e5f79fe156c6fb33e70f1236387.php:129]
[ error ] [2]Missing argument 3 for format_datetime(), called in D:\wamp\work\mybk\runtime\temp\dc249e5f79fe156c6fb33e70f1236387.php on line 134 and defined[D:\wamp\work\mybk\application\common.php:101]
[ error ] [8]未定义数组索引: nickname[D:\wamp\work\mybk\runtime\temp\dc249e5f79fe156c6fb33e70f1236387.php:186]

---------------------------------------------------------------
[ 2019-08-08T15:57:46+08:00 ] 127.0.0.1 127.0.0.1 GET /index/article/index/category_id/1.html
[ log ] www.mybk.com/index/article/index/category_id/1.html [运行时间：0.643037s][吞吐率：1.56req/s] [内存消耗：3,275.80kb] [文件加载：63]
[ info ] [ LANG ] D:\wamp\work\mybk\thinkphp\lang\zh-cn.php
[ info ] [ ROUTE ] array (
  'type' => 'module',
  'module' => 
  array (
    0 => 'index',
    1 => 'article',
    2 => 'index',
  ),
)
[ info ] [ HEADER ] array (
  'host' => 'www.mybk.com',
  'connection' => 'keep-alive',
  'upgrade-insecure-requests' => '1',
  'user-agent' => 'Mozilla/5.0 (Windows NT 6.1; WOW64) AppleWebKit/537.36 (KHTML, like Gecko) Chrome/73.0.3683.86 Safari/537.36',
  'accept' => 'text/html,application/xhtml+xml,application/xml;q=0.9,image/webp,image/apng,*/*;q=0.8,application/signed-exchange;v=b3',
  'referer' => 'http://www.mybk.com/',
  'accept-encoding' => 'gzip, deflate',
  'accept-language' => 'zh-CN,zh;q=0.9,en;q=0.8',
  'cookie' => 'PHPSESSID=hmet0jvdg9573bjuaa0la2aqe5',
)
[ info ] [ PARAM ] array (
  '/index/article/index/category_id/1_html' => '',
  'category_id' => '1',
)
[ info ] [ SESSION ] INIT array (
  'id' => '',
  'var_session_id' => '',
  'prefix' => 'think',
  'type' => '',
  'auto_start' => true,
)
[ info ] [ CACHE ] INIT File
[ info ] [ DB ] INIT mysql
[ info ] [ RUN ] app\index\controller\Article->index[ D:\wamp\work\mybk\application\index\controller\Article.php ]
[ info ] [ VIEW ] ./template/laozhang/article\index.html [ array (
  0 => 'settings',
  1 => 'categorys',
  2 => 'search_model_select',
  3 => 'seo',
  4 => 'lists',
  5 => 'page',
  6 => 'recommend_list',
  7 => 'new_list',
  8 => 'hot_list',
  9 => 'breadcrumb',
  10 => 'second_categorys',
) ]
[ info ] [ LOG ] INIT File
[ error ] [8]未定义数组下标: 8[D:\wamp\work\mybk\application\common\model\Category.php:194]
[ error ] [2]Invalid argument supplied for foreach()[D:\wamp\work\mybk\application\common\model\Category.php:194]
[ error ] [8]未定义变量: category_ids[D:\wamp\work\mybk\application\common\model\Category.php:201]
[ error ] [8]未定义数组下标: 9[D:\wamp\work\mybk\application\common\model\Category.php:194]
[ error ] [2]Invalid argument supplied for foreach()[D:\wamp\work\mybk\application\common\model\Category.php:194]
[ error ] [8]未定义变量: category_ids[D:\wamp\work\mybk\application\common\model\Category.php:201]
[ error ] [8]未定义数组下标: 10[D:\wamp\work\mybk\application\common\model\Category.php:194]
[ error ] [2]Invalid argument supplied for foreach()[D:\wamp\work\mybk\application\common\model\Category.php:194]
[ error ] [8]未定义变量: category_ids[D:\wamp\work\mybk\application\common\model\Category.php:201]
[ error ] [8]未定义数组下标: 11[D:\wamp\work\mybk\application\common\model\Category.php:194]
[ error ] [2]Invalid argument supplied for foreach()[D:\wamp\work\mybk\application\common\model\Category.php:194]
[ error ] [8]未定义变量: category_ids[D:\wamp\work\mybk\application\common\model\Category.php:201]
[ error ] [2]Missing argument 2 for app\common\model\Category::get_category_url_by_id(), called in D:\wamp\work\mybk\application\common\model\Category.php on line 235 and defined[D:\wamp\work\mybk\application\common\model\Category.php:179]
[ error ] [8]未定义变量: categorys[D:\wamp\work\mybk\application\common\model\Category.php:180]
[ error ] [8]Use of undefined constant image_url - assumed 'image_url'[D:\wamp\work\mybk\runtime\temp\e0089da1fff80dfe2dd8f55366a1a59c.php:97]
[ error ] [8]Use of undefined constant image_url - assumed 'image_url'[D:\wamp\work\mybk\runtime\temp\e0089da1fff80dfe2dd8f55366a1a59c.php:97]
[ error ] [8]Use of undefined constant image_url - assumed 'image_url'[D:\wamp\work\mybk\runtime\temp\e0089da1fff80dfe2dd8f55366a1a59c.php:98]
[ error ] [8]Use of undefined constant image_url - assumed 'image_url'[D:\wamp\work\mybk\runtime\temp\e0089da1fff80dfe2dd8f55366a1a59c.php:98]
[ error ] [2]Missing argument 3 for format_datetime(), called in D:\wamp\work\mybk\runtime\temp\e0089da1fff80dfe2dd8f55366a1a59c.php on line 103 and defined[D:\wamp\work\mybk\application\common.php:101]
[ error ] [8]Use of undefined constant image_url - assumed 'image_url'[D:\wamp\work\mybk\runtime\temp\e0089da1fff80dfe2dd8f55366a1a59c.php:97]
[ error ] [8]Use of undefined constant image_url - assumed 'image_url'[D:\wamp\work\mybk\runtime\temp\e0089da1fff80dfe2dd8f55366a1a59c.php:97]
[ error ] [8]Use of undefined constant image_url - assumed 'image_url'[D:\wamp\work\mybk\runtime\temp\e0089da1fff80dfe2dd8f55366a1a59c.php:98]
[ error ] [8]Use of undefined constant image_url - assumed 'image_url'[D:\wamp\work\mybk\runtime\temp\e0089da1fff80dfe2dd8f55366a1a59c.php:98]
[ error ] [2]Missing argument 3 for format_datetime(), called in D:\wamp\work\mybk\runtime\temp\e0089da1fff80dfe2dd8f55366a1a59c.php on line 103 and defined[D:\wamp\work\mybk\application\common.php:101]
[ error ] [8]Use of undefined constant image_url - assumed 'image_url'[D:\wamp\work\mybk\runtime\temp\e0089da1fff80dfe2dd8f55366a1a59c.php:97]
[ error ] [8]Use of undefined constant image_url - assumed 'image_url'[D:\wamp\work\mybk\runtime\temp\e0089da1fff80dfe2dd8f55366a1a59c.php:97]
[ error ] [8]Use of undefined constant image_url - assumed 'image_url'[D:\wamp\work\mybk\runtime\temp\e0089da1fff80dfe2dd8f55366a1a59c.php:98]
[ error ] [8]Use of undefined constant image_url - assumed 'image_url'[D:\wamp\work\mybk\runtime\temp\e0089da1fff80dfe2dd8f55366a1a59c.php:98]
[ error ] [2]Missing argument 3 for format_datetime(), called in D:\wamp\work\mybk\runtime\temp\e0089da1fff80dfe2dd8f55366a1a59c.php on line 103 and defined[D:\wamp\work\mybk\application\common.php:101]
[ error ] [8]Use of undefined constant image_url - assumed 'image_url'[D:\wamp\work\mybk\runtime\temp\e0089da1fff80dfe2dd8f55366a1a59c.php:97]
[ error ] [8]Use of undefined constant image_url - assumed 'image_url'[D:\wamp\work\mybk\runtime\temp\e0089da1fff80dfe2dd8f55366a1a59c.php:97]
[ error ] [8]Use of undefined constant image_url - assumed 'image_url'[D:\wamp\work\mybk\runtime\temp\e0089da1fff80dfe2dd8f55366a1a59c.php:98]
[ error ] [8]Use of undefined constant image_url - assumed 'image_url'[D:\wamp\work\mybk\runtime\temp\e0089da1fff80dfe2dd8f55366a1a59c.php:98]
[ error ] [2]Missing argument 3 for format_datetime(), called in D:\wamp\work\mybk\runtime\temp\e0089da1fff80dfe2dd8f55366a1a59c.php on line 103 and defined[D:\wamp\work\mybk\application\common.php:101]
[ error ] [8]Use of undefined constant image_url - assumed 'image_url'[D:\wamp\work\mybk\runtime\temp\e0089da1fff80dfe2dd8f55366a1a59c.php:97]
[ error ] [8]Use of undefined constant image_url - assumed 'image_url'[D:\wamp\work\mybk\runtime\temp\e0089da1fff80dfe2dd8f55366a1a59c.php:97]
[ error ] [8]Use of undefined constant image_url - assumed 'image_url'[D:\wamp\work\mybk\runtime\temp\e0089da1fff80dfe2dd8f55366a1a59c.php:98]
[ error ] [8]Use of undefined constant image_url - assumed 'image_url'[D:\wamp\work\mybk\runtime\temp\e0089da1fff80dfe2dd8f55366a1a59c.php:98]
[ error ] [2]Missing argument 3 for format_datetime(), called in D:\wamp\work\mybk\runtime\temp\e0089da1fff80dfe2dd8f55366a1a59c.php on line 103 and defined[D:\wamp\work\mybk\application\common.php:101]
[ error ] [8]Use of undefined constant image_url - assumed 'image_url'[D:\wamp\work\mybk\runtime\temp\e0089da1fff80dfe2dd8f55366a1a59c.php:97]
[ error ] [8]Use of undefined constant image_url - assumed 'image_url'[D:\wamp\work\mybk\runtime\temp\e0089da1fff80dfe2dd8f55366a1a59c.php:97]
[ error ] [8]Use of undefined constant image_url - assumed 'image_url'[D:\wamp\work\mybk\runtime\temp\e0089da1fff80dfe2dd8f55366a1a59c.php:98]
[ error ] [8]Use of undefined constant image_url - assumed 'image_url'[D:\wamp\work\mybk\runtime\temp\e0089da1fff80dfe2dd8f55366a1a59c.php:98]
[ error ] [2]Missing argument 3 for format_datetime(), called in D:\wamp\work\mybk\runtime\temp\e0089da1fff80dfe2dd8f55366a1a59c.php on line 103 and defined[D:\wamp\work\mybk\application\common.php:101]
[ error ] [8]Use of undefined constant image_url - assumed 'image_url'[D:\wamp\work\mybk\runtime\temp\e0089da1fff80dfe2dd8f55366a1a59c.php:97]
[ error ] [8]Use of undefined constant image_url - assumed 'image_url'[D:\wamp\work\mybk\runtime\temp\e0089da1fff80dfe2dd8f55366a1a59c.php:97]
[ error ] [8]Use of undefined constant image_url - assumed 'image_url'[D:\wamp\work\mybk\runtime\temp\e0089da1fff80dfe2dd8f55366a1a59c.php:98]
[ error ] [8]Use of undefined constant image_url - assumed 'image_url'[D:\wamp\work\mybk\runtime\temp\e0089da1fff80dfe2dd8f55366a1a59c.php:98]
[ error ] [2]Missing argument 3 for format_datetime(), called in D:\wamp\work\mybk\runtime\temp\e0089da1fff80dfe2dd8f55366a1a59c.php on line 103 and defined[D:\wamp\work\mybk\application\common.php:101]
[ error ] [8]Use of undefined constant image_url - assumed 'image_url'[D:\wamp\work\mybk\runtime\temp\e0089da1fff80dfe2dd8f55366a1a59c.php:97]
[ error ] [8]Use of undefined constant image_url - assumed 'image_url'[D:\wamp\work\mybk\runtime\temp\e0089da1fff80dfe2dd8f55366a1a59c.php:98]
[ error ] [2]Missing argument 3 for format_datetime(), called in D:\wamp\work\mybk\runtime\temp\e0089da1fff80dfe2dd8f55366a1a59c.php on line 103 and defined[D:\wamp\work\mybk\application\common.php:101]
[ error ] [8]Use of undefined constant image_url - assumed 'image_url'[D:\wamp\work\mybk\runtime\temp\e0089da1fff80dfe2dd8f55366a1a59c.php:97]
[ error ] [8]Use of undefined constant image_url - assumed 'image_url'[D:\wamp\work\mybk\runtime\temp\e0089da1fff80dfe2dd8f55366a1a59c.php:97]
[ error ] [8]Use of undefined constant image_url - assumed 'image_url'[D:\wamp\work\mybk\runtime\temp\e0089da1fff80dfe2dd8f55366a1a59c.php:98]
[ error ] [8]Use of undefined constant image_url - assumed 'image_url'[D:\wamp\work\mybk\runtime\temp\e0089da1fff80dfe2dd8f55366a1a59c.php:98]
[ error ] [2]Missing argument 3 for format_datetime(), called in D:\wamp\work\mybk\runtime\temp\e0089da1fff80dfe2dd8f55366a1a59c.php on line 103 and defined[D:\wamp\work\mybk\application\common.php:101]
[ error ] [8]Use of undefined constant image_url - assumed 'image_url'[D:\wamp\work\mybk\runtime\temp\e0089da1fff80dfe2dd8f55366a1a59c.php:97]
[ error ] [8]Use of undefined constant image_url - assumed 'image_url'[D:\wamp\work\mybk\runtime\temp\e0089da1fff80dfe2dd8f55366a1a59c.php:97]
[ error ] [8]Use of undefined constant image_url - assumed 'image_url'[D:\wamp\work\mybk\runtime\temp\e0089da1fff80dfe2dd8f55366a1a59c.php:98]
[ error ] [8]Use of undefined constant image_url - assumed 'image_url'[D:\wamp\work\mybk\runtime\temp\e0089da1fff80dfe2dd8f55366a1a59c.php:98]
[ error ] [2]Missing argument 3 for format_datetime(), called in D:\wamp\work\mybk\runtime\temp\e0089da1fff80dfe2dd8f55366a1a59c.php on line 103 and defined[D:\wamp\work\mybk\application\common.php:101]
[ error ] [8]Use of undefined constant image_url - assumed 'image_url'[D:\wamp\work\mybk\runtime\temp\e0089da1fff80dfe2dd8f55366a1a59c.php:97]
[ error ] [8]Use of undefined constant image_url - assumed 'image_url'[D:\wamp\work\mybk\runtime\temp\e0089da1fff80dfe2dd8f55366a1a59c.php:97]
[ error ] [8]Use of undefined constant image_url - assumed 'image_url'[D:\wamp\work\mybk\runtime\temp\e0089da1fff80dfe2dd8f55366a1a59c.php:98]
[ error ] [8]Use of undefined constant image_url - assumed 'image_url'[D:\wamp\work\mybk\runtime\temp\e0089da1fff80dfe2dd8f55366a1a59c.php:98]
[ error ] [2]Missing argument 3 for format_datetime(), called in D:\wamp\work\mybk\runtime\temp\e0089da1fff80dfe2dd8f55366a1a59c.php on line 103 and defined[D:\wamp\work\mybk\application\common.php:101]
[ error ] [8]Use of undefined constant image_url - assumed 'image_url'[D:\wamp\work\mybk\runtime\temp\e0089da1fff80dfe2dd8f55366a1a59c.php:97]
[ error ] [8]Use of undefined constant image_url - assumed 'image_url'[D:\wamp\work\mybk\runtime\temp\e0089da1fff80dfe2dd8f55366a1a59c.php:97]
[ error ] [8]Use of undefined constant image_url - assumed 'image_url'[D:\wamp\work\mybk\runtime\temp\e0089da1fff80dfe2dd8f55366a1a59c.php:98]
[ error ] [8]Use of undefined constant image_url - assumed 'image_url'[D:\wamp\work\mybk\runtime\temp\e0089da1fff80dfe2dd8f55366a1a59c.php:98]
[ error ] [2]Missing argument 3 for format_datetime(), called in D:\wamp\work\mybk\runtime\temp\e0089da1fff80dfe2dd8f55366a1a59c.php on line 103 and defined[D:\wamp\work\mybk\application\common.php:101]
[ error ] [8]Use of undefined constant image_url - assumed 'image_url'[D:\wamp\work\mybk\runtime\temp\e0089da1fff80dfe2dd8f55366a1a59c.php:97]
[ error ] [8]Use of undefined constant image_url - assumed 'image_url'[D:\wamp\work\mybk\runtime\temp\e0089da1fff80dfe2dd8f55366a1a59c.php:97]
[ error ] [8]Use of undefined constant image_url - assumed 'image_url'[D:\wamp\work\mybk\runtime\temp\e0089da1fff80dfe2dd8f55366a1a59c.php:98]
[ error ] [8]Use of undefined constant image_url - assumed 'image_url'[D:\wamp\work\mybk\runtime\temp\e0089da1fff80dfe2dd8f55366a1a59c.php:98]
[ error ] [2]Missing argument 3 for format_datetime(), called in D:\wamp\work\mybk\runtime\temp\e0089da1fff80dfe2dd8f55366a1a59c.php on line 103 and defined[D:\wamp\work\mybk\application\common.php:101]
[ error ] [8]Use of undefined constant image_url - assumed 'image_url'[D:\wamp\work\mybk\runtime\temp\e0089da1fff80dfe2dd8f55366a1a59c.php:97]
[ error ] [8]Use of undefined constant image_url - assumed 'image_url'[D:\wamp\work\mybk\runtime\temp\e0089da1fff80dfe2dd8f55366a1a59c.php:97]
[ error ] [8]Use of undefined constant image_url - assumed 'image_url'[D:\wamp\work\mybk\runtime\temp\e0089da1fff80dfe2dd8f55366a1a59c.php:98]
[ error ] [8]Use of undefined constant image_url - assumed 'image_url'[D:\wamp\work\mybk\runtime\temp\e0089da1fff80dfe2dd8f55366a1a59c.php:98]
[ error ] [2]Missing argument 3 for format_datetime(), called in D:\wamp\work\mybk\runtime\temp\e0089da1fff80dfe2dd8f55366a1a59c.php on line 103 and defined[D:\wamp\work\mybk\application\common.php:101]
[ error ] [8]Use of undefined constant image_url - assumed 'image_url'[D:\wamp\work\mybk\runtime\temp\e0089da1fff80dfe2dd8f55366a1a59c.php:97]
[ error ] [8]Use of undefined constant image_url - assumed 'image_url'[D:\wamp\work\mybk\runtime\temp\e0089da1fff80dfe2dd8f55366a1a59c.php:97]
[ error ] [8]Use of undefined constant image_url - assumed 'image_url'[D:\wamp\work\mybk\runtime\temp\e0089da1fff80dfe2dd8f55366a1a59c.php:98]
[ error ] [8]Use of undefined constant image_url - assumed 'image_url'[D:\wamp\work\mybk\runtime\temp\e0089da1fff80dfe2dd8f55366a1a59c.php:98]
[ error ] [2]Missing argument 3 for format_datetime(), called in D:\wamp\work\mybk\runtime\temp\e0089da1fff80dfe2dd8f55366a1a59c.php on line 103 and defined[D:\wamp\work\mybk\application\common.php:101]
[ error ] [8]未定义数组索引: nickname[D:\wamp\work\mybk\runtime\temp\e0089da1fff80dfe2dd8f55366a1a59c.php:156]

---------------------------------------------------------------
[ 2019-08-08T15:58:55+08:00 ] 127.0.0.1 127.0.0.1 GET /index/article/index/category_id/1.html
[ log ] www.mybk.com/index/article/index/category_id/1.html [运行时间：0.099006s][吞吐率：10.10req/s] [内存消耗：3,094.71kb] [文件加载：61]
[ info ] [ LANG ] D:\wamp\work\mybk\thinkphp\lang\zh-cn.php
[ info ] [ ROUTE ] array (
  'type' => 'module',
  'module' => 
  array (
    0 => 'index',
    1 => 'article',
    2 => 'index',
  ),
)
[ info ] [ HEADER ] array (
  'host' => 'www.mybk.com',
  'connection' => 'keep-alive',
  'upgrade-insecure-requests' => '1',
  'user-agent' => 'Mozilla/5.0 (Windows NT 6.1; WOW64) AppleWebKit/537.36 (KHTML, like Gecko) Chrome/73.0.3683.86 Safari/537.36',
  'accept' => 'text/html,application/xhtml+xml,application/xml;q=0.9,image/webp,image/apng,*/*;q=0.8,application/signed-exchange;v=b3',
  'referer' => 'http://www.mybk.com/index/article/index/category_id/1.html',
  'accept-encoding' => 'gzip, deflate',
  'accept-language' => 'zh-CN,zh;q=0.9,en;q=0.8',
  'cookie' => 'PHPSESSID=hmet0jvdg9573bjuaa0la2aqe5',
)
[ info ] [ PARAM ] array (
  '/index/article/index/category_id/1_html' => '',
  'category_id' => '1',
)
[ info ] [ SESSION ] INIT array (
  'id' => '',
  'var_session_id' => '',
  'prefix' => 'think',
  'type' => '',
  'auto_start' => true,
)
[ info ] [ CACHE ] INIT File
[ info ] [ DB ] INIT mysql
[ info ] [ RUN ] app\index\controller\Article->index[ D:\wamp\work\mybk\application\index\controller\Article.php ]
[ info ] [ VIEW ] ./template/laozhang/article\index.html [ array (
  0 => 'settings',
  1 => 'categorys',
  2 => 'search_model_select',
  3 => 'seo',
  4 => 'lists',
  5 => 'page',
  6 => 'recommend_list',
  7 => 'new_list',
  8 => 'hot_list',
  9 => 'breadcrumb',
  10 => 'second_categorys',
) ]
[ info ] [ LOG ] INIT File
[ error ] [8]未定义数组下标: 8[D:\wamp\work\mybk\application\common\model\Category.php:194]
[ error ] [2]Invalid argument supplied for foreach()[D:\wamp\work\mybk\application\common\model\Category.php:194]
[ error ] [8]未定义变量: category_ids[D:\wamp\work\mybk\application\common\model\Category.php:201]
[ error ] [8]未定义数组下标: 9[D:\wamp\work\mybk\application\common\model\Category.php:194]
[ error ] [2]Invalid argument supplied for foreach()[D:\wamp\work\mybk\application\common\model\Category.php:194]
[ error ] [8]未定义变量: category_ids[D:\wamp\work\mybk\application\common\model\Category.php:201]
[ error ] [8]未定义数组下标: 10[D:\wamp\work\mybk\application\common\model\Category.php:194]
[ error ] [2]Invalid argument supplied for foreach()[D:\wamp\work\mybk\application\common\model\Category.php:194]
[ error ] [8]未定义变量: category_ids[D:\wamp\work\mybk\application\common\model\Category.php:201]
[ error ] [8]未定义数组下标: 11[D:\wamp\work\mybk\application\common\model\Category.php:194]
[ error ] [2]Invalid argument supplied for foreach()[D:\wamp\work\mybk\application\common\model\Category.php:194]
[ error ] [8]未定义变量: category_ids[D:\wamp\work\mybk\application\common\model\Category.php:201]
[ error ] [2]Missing argument 2 for app\common\model\Category::get_category_url_by_id(), called in D:\wamp\work\mybk\application\common\model\Category.php on line 235 and defined[D:\wamp\work\mybk\application\common\model\Category.php:179]
[ error ] [8]未定义变量: categorys[D:\wamp\work\mybk\application\common\model\Category.php:180]
[ error ] [8]Use of undefined constant image_url - assumed 'image_url'[D:\wamp\work\mybk\runtime\temp\e0089da1fff80dfe2dd8f55366a1a59c.php:97]
[ error ] [8]Use of undefined constant image_url - assumed 'image_url'[D:\wamp\work\mybk\runtime\temp\e0089da1fff80dfe2dd8f55366a1a59c.php:97]
[ error ] [8]Use of undefined constant image_url - assumed 'image_url'[D:\wamp\work\mybk\runtime\temp\e0089da1fff80dfe2dd8f55366a1a59c.php:98]
[ error ] [8]Use of undefined constant image_url - assumed 'image_url'[D:\wamp\work\mybk\runtime\temp\e0089da1fff80dfe2dd8f55366a1a59c.php:98]
[ error ] [2]Missing argument 3 for format_datetime(), called in D:\wamp\work\mybk\runtime\temp\e0089da1fff80dfe2dd8f55366a1a59c.php on line 103 and defined[D:\wamp\work\mybk\application\common.php:101]
[ error ] [8]Use of undefined constant image_url - assumed 'image_url'[D:\wamp\work\mybk\runtime\temp\e0089da1fff80dfe2dd8f55366a1a59c.php:97]
[ error ] [8]Use of undefined constant image_url - assumed 'image_url'[D:\wamp\work\mybk\runtime\temp\e0089da1fff80dfe2dd8f55366a1a59c.php:97]
[ error ] [8]Use of undefined constant image_url - assumed 'image_url'[D:\wamp\work\mybk\runtime\temp\e0089da1fff80dfe2dd8f55366a1a59c.php:98]
[ error ] [8]Use of undefined constant image_url - assumed 'image_url'[D:\wamp\work\mybk\runtime\temp\e0089da1fff80dfe2dd8f55366a1a59c.php:98]
[ error ] [2]Missing argument 3 for format_datetime(), called in D:\wamp\work\mybk\runtime\temp\e0089da1fff80dfe2dd8f55366a1a59c.php on line 103 and defined[D:\wamp\work\mybk\application\common.php:101]
[ error ] [8]Use of undefined constant image_url - assumed 'image_url'[D:\wamp\work\mybk\runtime\temp\e0089da1fff80dfe2dd8f55366a1a59c.php:97]
[ error ] [8]Use of undefined constant image_url - assumed 'image_url'[D:\wamp\work\mybk\runtime\temp\e0089da1fff80dfe2dd8f55366a1a59c.php:97]
[ error ] [8]Use of undefined constant image_url - assumed 'image_url'[D:\wamp\work\mybk\runtime\temp\e0089da1fff80dfe2dd8f55366a1a59c.php:98]
[ error ] [8]Use of undefined constant image_url - assumed 'image_url'[D:\wamp\work\mybk\runtime\temp\e0089da1fff80dfe2dd8f55366a1a59c.php:98]
[ error ] [2]Missing argument 3 for format_datetime(), called in D:\wamp\work\mybk\runtime\temp\e0089da1fff80dfe2dd8f55366a1a59c.php on line 103 and defined[D:\wamp\work\mybk\application\common.php:101]
[ error ] [8]Use of undefined constant image_url - assumed 'image_url'[D:\wamp\work\mybk\runtime\temp\e0089da1fff80dfe2dd8f55366a1a59c.php:97]
[ error ] [8]Use of undefined constant image_url - assumed 'image_url'[D:\wamp\work\mybk\runtime\temp\e0089da1fff80dfe2dd8f55366a1a59c.php:97]
[ error ] [8]Use of undefined constant image_url - assumed 'image_url'[D:\wamp\work\mybk\runtime\temp\e0089da1fff80dfe2dd8f55366a1a59c.php:98]
[ error ] [8]Use of undefined constant image_url - assumed 'image_url'[D:\wamp\work\mybk\runtime\temp\e0089da1fff80dfe2dd8f55366a1a59c.php:98]
[ error ] [2]Missing argument 3 for format_datetime(), called in D:\wamp\work\mybk\runtime\temp\e0089da1fff80dfe2dd8f55366a1a59c.php on line 103 and defined[D:\wamp\work\mybk\application\common.php:101]
[ error ] [8]Use of undefined constant image_url - assumed 'image_url'[D:\wamp\work\mybk\runtime\temp\e0089da1fff80dfe2dd8f55366a1a59c.php:97]
[ error ] [8]Use of undefined constant image_url - assumed 'image_url'[D:\wamp\work\mybk\runtime\temp\e0089da1fff80dfe2dd8f55366a1a59c.php:97]
[ error ] [8]Use of undefined constant image_url - assumed 'image_url'[D:\wamp\work\mybk\runtime\temp\e0089da1fff80dfe2dd8f55366a1a59c.php:98]
[ error ] [8]Use of undefined constant image_url - assumed 'image_url'[D:\wamp\work\mybk\runtime\temp\e0089da1fff80dfe2dd8f55366a1a59c.php:98]
[ error ] [2]Missing argument 3 for format_datetime(), called in D:\wamp\work\mybk\runtime\temp\e0089da1fff80dfe2dd8f55366a1a59c.php on line 103 and defined[D:\wamp\work\mybk\application\common.php:101]
[ error ] [8]Use of undefined constant image_url - assumed 'image_url'[D:\wamp\work\mybk\runtime\temp\e0089da1fff80dfe2dd8f55366a1a59c.php:97]
[ error ] [8]Use of undefined constant image_url - assumed 'image_url'[D:\wamp\work\mybk\runtime\temp\e0089da1fff80dfe2dd8f55366a1a59c.php:97]
[ error ] [8]Use of undefined constant image_url - assumed 'image_url'[D:\wamp\work\mybk\runtime\temp\e0089da1fff80dfe2dd8f55366a1a59c.php:98]
[ error ] [8]Use of undefined constant image_url - assumed 'image_url'[D:\wamp\work\mybk\runtime\temp\e0089da1fff80dfe2dd8f55366a1a59c.php:98]
[ error ] [2]Missing argument 3 for format_datetime(), called in D:\wamp\work\mybk\runtime\temp\e0089da1fff80dfe2dd8f55366a1a59c.php on line 103 and defined[D:\wamp\work\mybk\application\common.php:101]
[ error ] [8]Use of undefined constant image_url - assumed 'image_url'[D:\wamp\work\mybk\runtime\temp\e0089da1fff80dfe2dd8f55366a1a59c.php:97]
[ error ] [8]Use of undefined constant image_url - assumed 'image_url'[D:\wamp\work\mybk\runtime\temp\e0089da1fff80dfe2dd8f55366a1a59c.php:97]
[ error ] [8]Use of undefined constant image_url - assumed 'image_url'[D:\wamp\work\mybk\runtime\temp\e0089da1fff80dfe2dd8f55366a1a59c.php:98]
[ error ] [8]Use of undefined constant image_url - assumed 'image_url'[D:\wamp\work\mybk\runtime\temp\e0089da1fff80dfe2dd8f55366a1a59c.php:98]
[ error ] [2]Missing argument 3 for format_datetime(), called in D:\wamp\work\mybk\runtime\temp\e0089da1fff80dfe2dd8f55366a1a59c.php on line 103 and defined[D:\wamp\work\mybk\application\common.php:101]
[ error ] [8]Use of undefined constant image_url - assumed 'image_url'[D:\wamp\work\mybk\runtime\temp\e0089da1fff80dfe2dd8f55366a1a59c.php:97]
[ error ] [8]Use of undefined constant image_url - assumed 'image_url'[D:\wamp\work\mybk\runtime\temp\e0089da1fff80dfe2dd8f55366a1a59c.php:98]
[ error ] [2]Missing argument 3 for format_datetime(), called in D:\wamp\work\mybk\runtime\temp\e0089da1fff80dfe2dd8f55366a1a59c.php on line 103 and defined[D:\wamp\work\mybk\application\common.php:101]
[ error ] [8]Use of undefined constant image_url - assumed 'image_url'[D:\wamp\work\mybk\runtime\temp\e0089da1fff80dfe2dd8f55366a1a59c.php:97]
[ error ] [8]Use of undefined constant image_url - assumed 'image_url'[D:\wamp\work\mybk\runtime\temp\e0089da1fff80dfe2dd8f55366a1a59c.php:97]
[ error ] [8]Use of undefined constant image_url - assumed 'image_url'[D:\wamp\work\mybk\runtime\temp\e0089da1fff80dfe2dd8f55366a1a59c.php:98]
[ error ] [8]Use of undefined constant image_url - assumed 'image_url'[D:\wamp\work\mybk\runtime\temp\e0089da1fff80dfe2dd8f55366a1a59c.php:98]
[ error ] [2]Missing argument 3 for format_datetime(), called in D:\wamp\work\mybk\runtime\temp\e0089da1fff80dfe2dd8f55366a1a59c.php on line 103 and defined[D:\wamp\work\mybk\application\common.php:101]
[ error ] [8]Use of undefined constant image_url - assumed 'image_url'[D:\wamp\work\mybk\runtime\temp\e0089da1fff80dfe2dd8f55366a1a59c.php:97]
[ error ] [8]Use of undefined constant image_url - assumed 'image_url'[D:\wamp\work\mybk\runtime\temp\e0089da1fff80dfe2dd8f55366a1a59c.php:97]
[ error ] [8]Use of undefined constant image_url - assumed 'image_url'[D:\wamp\work\mybk\runtime\temp\e0089da1fff80dfe2dd8f55366a1a59c.php:98]
[ error ] [8]Use of undefined constant image_url - assumed 'image_url'[D:\wamp\work\mybk\runtime\temp\e0089da1fff80dfe2dd8f55366a1a59c.php:98]
[ error ] [2]Missing argument 3 for format_datetime(), called in D:\wamp\work\mybk\runtime\temp\e0089da1fff80dfe2dd8f55366a1a59c.php on line 103 and defined[D:\wamp\work\mybk\application\common.php:101]
[ error ] [8]Use of undefined constant image_url - assumed 'image_url'[D:\wamp\work\mybk\runtime\temp\e0089da1fff80dfe2dd8f55366a1a59c.php:97]
[ error ] [8]Use of undefined constant image_url - assumed 'image_url'[D:\wamp\work\mybk\runtime\temp\e0089da1fff80dfe2dd8f55366a1a59c.php:97]
[ error ] [8]Use of undefined constant image_url - assumed 'image_url'[D:\wamp\work\mybk\runtime\temp\e0089da1fff80dfe2dd8f55366a1a59c.php:98]
[ error ] [8]Use of undefined constant image_url - assumed 'image_url'[D:\wamp\work\mybk\runtime\temp\e0089da1fff80dfe2dd8f55366a1a59c.php:98]
[ error ] [2]Missing argument 3 for format_datetime(), called in D:\wamp\work\mybk\runtime\temp\e0089da1fff80dfe2dd8f55366a1a59c.php on line 103 and defined[D:\wamp\work\mybk\application\common.php:101]
[ error ] [8]Use of undefined constant image_url - assumed 'image_url'[D:\wamp\work\mybk\runtime\temp\e0089da1fff80dfe2dd8f55366a1a59c.php:97]
[ error ] [8]Use of undefined constant image_url - assumed 'image_url'[D:\wamp\work\mybk\runtime\temp\e0089da1fff80dfe2dd8f55366a1a59c.php:97]
[ error ] [8]Use of undefined constant image_url - assumed 'image_url'[D:\wamp\work\mybk\runtime\temp\e0089da1fff80dfe2dd8f55366a1a59c.php:98]
[ error ] [8]Use of undefined constant image_url - assumed 'image_url'[D:\wamp\work\mybk\runtime\temp\e0089da1fff80dfe2dd8f55366a1a59c.php:98]
[ error ] [2]Missing argument 3 for format_datetime(), called in D:\wamp\work\mybk\runtime\temp\e0089da1fff80dfe2dd8f55366a1a59c.php on line 103 and defined[D:\wamp\work\mybk\application\common.php:101]
[ error ] [8]Use of undefined constant image_url - assumed 'image_url'[D:\wamp\work\mybk\runtime\temp\e0089da1fff80dfe2dd8f55366a1a59c.php:97]
[ error ] [8]Use of undefined constant image_url - assumed 'image_url'[D:\wamp\work\mybk\runtime\temp\e0089da1fff80dfe2dd8f55366a1a59c.php:97]
[ error ] [8]Use of undefined constant image_url - assumed 'image_url'[D:\wamp\work\mybk\runtime\temp\e0089da1fff80dfe2dd8f55366a1a59c.php:98]
[ error ] [8]Use of undefined constant image_url - assumed 'image_url'[D:\wamp\work\mybk\runtime\temp\e0089da1fff80dfe2dd8f55366a1a59c.php:98]
[ error ] [2]Missing argument 3 for format_datetime(), called in D:\wamp\work\mybk\runtime\temp\e0089da1fff80dfe2dd8f55366a1a59c.php on line 103 and defined[D:\wamp\work\mybk\application\common.php:101]
[ error ] [8]Use of undefined constant image_url - assumed 'image_url'[D:\wamp\work\mybk\runtime\temp\e0089da1fff80dfe2dd8f55366a1a59c.php:97]
[ error ] [8]Use of undefined constant image_url - assumed 'image_url'[D:\wamp\work\mybk\runtime\temp\e0089da1fff80dfe2dd8f55366a1a59c.php:97]
[ error ] [8]Use of undefined constant image_url - assumed 'image_url'[D:\wamp\work\mybk\runtime\temp\e0089da1fff80dfe2dd8f55366a1a59c.php:98]
[ error ] [8]Use of undefined constant image_url - assumed 'image_url'[D:\wamp\work\mybk\runtime\temp\e0089da1fff80dfe2dd8f55366a1a59c.php:98]
[ error ] [2]Missing argument 3 for format_datetime(), called in D:\wamp\work\mybk\runtime\temp\e0089da1fff80dfe2dd8f55366a1a59c.php on line 103 and defined[D:\wamp\work\mybk\application\common.php:101]
[ error ] [8]Use of undefined constant image_url - assumed 'image_url'[D:\wamp\work\mybk\runtime\temp\e0089da1fff80dfe2dd8f55366a1a59c.php:97]
[ error ] [8]Use of undefined constant image_url - assumed 'image_url'[D:\wamp\work\mybk\runtime\temp\e0089da1fff80dfe2dd8f55366a1a59c.php:97]
[ error ] [8]Use of undefined constant image_url - assumed 'image_url'[D:\wamp\work\mybk\runtime\temp\e0089da1fff80dfe2dd8f55366a1a59c.php:98]
[ error ] [8]Use of undefined constant image_url - assumed 'image_url'[D:\wamp\work\mybk\runtime\temp\e0089da1fff80dfe2dd8f55366a1a59c.php:98]
[ error ] [2]Missing argument 3 for format_datetime(), called in D:\wamp\work\mybk\runtime\temp\e0089da1fff80dfe2dd8f55366a1a59c.php on line 103 and defined[D:\wamp\work\mybk\application\common.php:101]
[ error ] [8]未定义数组索引: nickname[D:\wamp\work\mybk\runtime\temp\e0089da1fff80dfe2dd8f55366a1a59c.php:156]

---------------------------------------------------------------
[ 2019-08-08T15:58:56+08:00 ] 127.0.0.1 127.0.0.1 GET /index/download/lists/category_id/13.html
[ log ] www.mybk.com/index/download/lists/category_id/13.html [运行时间：0.193011s][吞吐率：5.18req/s] [内存消耗：3,095.19kb] [文件加载：63]
[ info ] [ LANG ] D:\wamp\work\mybk\thinkphp\lang\zh-cn.php
[ info ] [ ROUTE ] array (
  'type' => 'module',
  'module' => 
  array (
    0 => 'index',
    1 => 'download',
    2 => 'lists',
  ),
)
[ info ] [ HEADER ] array (
  'host' => 'www.mybk.com',
  'connection' => 'keep-alive',
  'upgrade-insecure-requests' => '1',
  'user-agent' => 'Mozilla/5.0 (Windows NT 6.1; WOW64) AppleWebKit/537.36 (KHTML, like Gecko) Chrome/73.0.3683.86 Safari/537.36',
  'accept' => 'text/html,application/xhtml+xml,application/xml;q=0.9,image/webp,image/apng,*/*;q=0.8,application/signed-exchange;v=b3',
  'referer' => 'http://www.mybk.com/index/article/index/category_id/1.html',
  'accept-encoding' => 'gzip, deflate',
  'accept-language' => 'zh-CN,zh;q=0.9,en;q=0.8',
  'cookie' => 'PHPSESSID=hmet0jvdg9573bjuaa0la2aqe5',
)
[ info ] [ PARAM ] array (
  '/index/download/lists/category_id/13_html' => '',
  'category_id' => '13',
)
[ info ] [ SESSION ] INIT array (
  'id' => '',
  'var_session_id' => '',
  'prefix' => 'think',
  'type' => '',
  'auto_start' => true,
)
[ info ] [ CACHE ] INIT File
[ info ] [ DB ] INIT mysql
[ info ] [ RUN ] app\index\controller\Download->lists[ D:\wamp\work\mybk\application\index\controller\Download.php ]
[ info ] [ VIEW ] ./template/laozhang/download\list.html [ array (
  0 => 'settings',
  1 => 'categorys',
  2 => 'search_model_select',
  3 => 'seo',
  4 => 'lists',
  5 => 'page',
  6 => 'breadcrumb',
  7 => 'second_categorys',
) ]
[ info ] [ LOG ] INIT File
[ error ] [2]Missing argument 2 for app\common\model\Category::get_category_url_by_id(), called in D:\wamp\work\mybk\application\common\model\Category.php on line 233 and defined[D:\wamp\work\mybk\application\common\model\Category.php:179]
[ error ] [8]未定义变量: categorys[D:\wamp\work\mybk\application\common\model\Category.php:180]
[ error ] [2]Missing argument 2 for app\common\model\Category::get_category_url_by_id(), called in D:\wamp\work\mybk\application\common\model\Category.php on line 235 and defined[D:\wamp\work\mybk\application\common\model\Category.php:179]
[ error ] [8]未定义变量: categorys[D:\wamp\work\mybk\application\common\model\Category.php:180]
[ error ] [8]未定义数组下标: 13[D:\wamp\work\mybk\application\common\model\Category.php:205]
[ error ] [2]Missing argument 3 for format_datetime(), called in D:\wamp\work\mybk\runtime\temp\9b976479ffaa99399bedf2ceb9d65a53.php on line 102 and defined[D:\wamp\work\mybk\application\common.php:101]
[ error ] [2]Missing argument 3 for format_datetime(), called in D:\wamp\work\mybk\runtime\temp\9b976479ffaa99399bedf2ceb9d65a53.php on line 102 and defined[D:\wamp\work\mybk\application\common.php:101]
[ error ] [2]Missing argument 3 for format_datetime(), called in D:\wamp\work\mybk\runtime\temp\9b976479ffaa99399bedf2ceb9d65a53.php on line 102 and defined[D:\wamp\work\mybk\application\common.php:101]
[ error ] [2]Missing argument 3 for format_datetime(), called in D:\wamp\work\mybk\runtime\temp\9b976479ffaa99399bedf2ceb9d65a53.php on line 102 and defined[D:\wamp\work\mybk\application\common.php:101]
[ error ] [2]Missing argument 3 for format_datetime(), called in D:\wamp\work\mybk\runtime\temp\9b976479ffaa99399bedf2ceb9d65a53.php on line 102 and defined[D:\wamp\work\mybk\application\common.php:101]
[ error ] [2]Missing argument 3 for format_datetime(), called in D:\wamp\work\mybk\runtime\temp\9b976479ffaa99399bedf2ceb9d65a53.php on line 102 and defined[D:\wamp\work\mybk\application\common.php:101]
[ error ] [2]Missing argument 3 for format_datetime(), called in D:\wamp\work\mybk\runtime\temp\9b976479ffaa99399bedf2ceb9d65a53.php on line 102 and defined[D:\wamp\work\mybk\application\common.php:101]
[ error ] [2]Missing argument 3 for format_datetime(), called in D:\wamp\work\mybk\runtime\temp\9b976479ffaa99399bedf2ceb9d65a53.php on line 102 and defined[D:\wamp\work\mybk\application\common.php:101]
[ error ] [2]Missing argument 3 for format_datetime(), called in D:\wamp\work\mybk\runtime\temp\9b976479ffaa99399bedf2ceb9d65a53.php on line 102 and defined[D:\wamp\work\mybk\application\common.php:101]
[ error ] [8]未定义数组索引: nickname[D:\wamp\work\mybk\runtime\temp\9b976479ffaa99399bedf2ceb9d65a53.php:117]

---------------------------------------------------------------
[ 2019-08-08T15:59:28+08:00 ] 127.0.0.1 127.0.0.1 GET /
[ log ] www.mybk.com/ [运行时间：0.063004s][吞吐率：15.87req/s] [内存消耗：2,912.77kb] [文件加载：52]
[ info ] [ LANG ] D:\wamp\work\mybk\thinkphp\lang\zh-cn.php
[ info ] [ ROUTE ] array (
  'type' => 'module',
  'module' => 
  array (
    0 => '',
    1 => NULL,
    2 => NULL,
  ),
)
[ info ] [ HEADER ] array (
  'cookie' => 'PHPSESSID=hmet0jvdg9573bjuaa0la2aqe5',
  'accept-language' => 'zh-CN,zh;q=0.9,en;q=0.8',
  'accept-encoding' => 'gzip, deflate',
  'accept' => 'text/html,application/xhtml+xml,application/xml;q=0.9,image/webp,image/apng,*/*;q=0.8,application/signed-exchange;v=b3',
  'user-agent' => 'Mozilla/5.0 (Windows NT 6.1; WOW64) AppleWebKit/537.36 (KHTML, like Gecko) Chrome/73.0.3683.86 Safari/537.36',
  'upgrade-insecure-requests' => '1',
  'connection' => 'keep-alive',
  'host' => 'www.mybk.com',
  'content-length' => '',
  'content-type' => '',
)
[ info ] [ PARAM ] array (
)
[ info ] [ SESSION ] INIT array (
  'id' => '',
  'var_session_id' => '',
  'prefix' => 'think',
  'type' => '',
  'auto_start' => true,
)
[ info ] [ CACHE ] INIT File
[ info ] [ DB ] INIT mysql
[ info ] [ RUN ] app\index\controller\Index->index[ D:\wamp\work\mybk\application\index\controller\Index.php ]
[ info ] [ LOG ] INIT File
[ error ] [1049]SQLSTATE[HY000] [1049] Unknown database 'mybk'[D:\wamp\work\mybk\thinkphp\library\think\db\Connection.php:282]

---------------------------------------------------------------
