[ 2019-08-12T15:19:02+08:00 ] 127.0.0.1 127.0.0.1 GET /
[ log ] www.mybk.com/ [è¿è¡Œæ—¶é—´ï¼š4.573261s][åžåçŽ‡ï¼š0.22req/s] [å†…å­˜æ¶ˆè€—ï¼š3,042.23kb] [æ–‡ä»¶åŠ è½½ï¼š52]
[ info ] [ LANG ] D:\wamp\work\mybk\thinkphp\lang\zh-cn.php
[ info ] [ ROUTE ] array (
  'type' => 'module',
  'module' => 
  array (
    0 => '',
    1 => NULL,
    2 => NULL,
  ),
)
[ info ] [ HEADER ] array (
  'accept-language' => 'zh-CN,zh;q=0.9,en;q=0.8',
  'accept-encoding' => 'gzip, deflate',
  'accept' => 'text/html,application/xhtml+xml,application/xml;q=0.9,image/webp,image/apng,*/*;q=0.8,application/signed-exchange;v=b3',
  'user-agent' => 'Mozilla/5.0 (Windows NT 6.1; WOW64) AppleWebKit/537.36 (KHTML, like Gecko) Chrome/73.0.3683.86 Safari/537.36',
  'upgrade-insecure-requests' => '1',
  'connection' => 'keep-alive',
  'host' => 'www.mybk.com',
  'content-length' => '',
  'content-type' => '',
)
[ info ] [ PARAM ] array (
)
[ info ] [ SESSION ] INIT array (
  'id' => '',
  'var_session_id' => '',
  'prefix' => 'think',
  'type' => '',
  'auto_start' => true,
)
[ info ] [ CACHE ] INIT File
[ info ] [ DB ] INIT mysql
[ info ] [ RUN ] app\index\controller\Index->index[ D:\wamp\work\mybk\application\index\controller\Index.php ]
[ info ] [ LOG ] INIT File
[ error ] [2002]SQLSTATE[HY000] [2002] ÓÉÓÚÄ¿±ê¼ÆËã»ú»ý¼«¾Ü¾ø£¬ÎÞ·¨Á¬½Ó¡£
[D:\wamp\work\mybk\thinkphp\library\think\db\Connection.php:282]

---------------------------------------------------------------
[ 2019-08-12T15:55:03+08:00 ] 127.0.0.1 127.0.0.1 GET /
[ log ] www.mybk.com/ [è¿è¡Œæ—¶é—´ï¼š0.834048s][åžåçŽ‡ï¼š1.20req/s] [å†…å­˜æ¶ˆè€—ï¼š2,912.70kb] [æ–‡ä»¶åŠ è½½ï¼š52]
[ info ] [ LANG ] D:\wamp\work\mybk\thinkphp\lang\zh-cn.php
[ info ] [ ROUTE ] array (
  'type' => 'module',
  'module' => 
  array (
    0 => '',
    1 => NULL,
    2 => NULL,
  ),
)
[ info ] [ HEADER ] array (
  'accept-language' => 'zh-CN,zh;q=0.9,en;q=0.8',
  'accept-encoding' => 'gzip, deflate',
  'accept' => 'text/html,application/xhtml+xml,application/xml;q=0.9,image/webp,image/apng,*/*;q=0.8,application/signed-exchange;v=b3',
  'user-agent' => 'Mozilla/5.0 (Windows NT 6.1; WOW64) AppleWebKit/537.36 (KHTML, like Gecko) Chrome/73.0.3683.86 Safari/537.36',
  'upgrade-insecure-requests' => '1',
  'connection' => 'keep-alive',
  'host' => 'www.mybk.com',
  'content-length' => '',
  'content-type' => '',
)
[ info ] [ PARAM ] array (
)
[ info ] [ SESSION ] INIT array (
  'id' => '',
  'var_session_id' => '',
  'prefix' => 'think',
  'type' => '',
  'auto_start' => true,
)
[ info ] [ CACHE ] INIT File
[ info ] [ DB ] INIT mysql
[ info ] [ RUN ] app\index\controller\Index->index[ D:\wamp\work\mybk\application\index\controller\Index.php ]
[ info ] [ LOG ] INIT File
[ error ] [1049]SQLSTATE[HY000] [1049] Unknown database 'mybk'[D:\wamp\work\mybk\thinkphp\library\think\db\Connection.php:282]

---------------------------------------------------------------
[ 2019-08-12T16:02:45+08:00 ] 127.0.0.1 127.0.0.1 GET /
[ log ] www.mybk.com/ [è¿è¡Œæ—¶é—´ï¼š0.083005s][åžåçŽ‡ï¼š12.05req/s] [å†…å­˜æ¶ˆè€—ï¼š2,912.77kb] [æ–‡ä»¶åŠ è½½ï¼š52]
[ info ] [ LANG ] D:\wamp\work\mybk\thinkphp\lang\zh-cn.php
[ info ] [ ROUTE ] array (
  'type' => 'module',
  'module' => 
  array (
    0 => '',
    1 => NULL,
    2 => NULL,
  ),
)
[ info ] [ HEADER ] array (
  'cookie' => 'PHPSESSID=2agg4pa5eimsliq3kqv4cvfrv6',
  'accept-language' => 'zh-CN,zh;q=0.9,en;q=0.8',
  'accept-encoding' => 'gzip, deflate',
  'accept' => 'text/html,application/xhtml+xml,application/xml;q=0.9,image/webp,image/apng,*/*;q=0.8,application/signed-exchange;v=b3',
  'user-agent' => 'Mozilla/5.0 (Windows NT 6.1; WOW64) AppleWebKit/537.36 (KHTML, like Gecko) Chrome/73.0.3683.86 Safari/537.36',
  'upgrade-insecure-requests' => '1',
  'connection' => 'keep-alive',
  'host' => 'www.mybk.com',
  'content-length' => '',
  'content-type' => '',
)
[ info ] [ PARAM ] array (
)
[ info ] [ SESSION ] INIT array (
  'id' => '',
  'var_session_id' => '',
  'prefix' => 'think',
  'type' => '',
  'auto_start' => true,
)
[ info ] [ CACHE ] INIT File
[ info ] [ DB ] INIT mysql
[ info ] [ RUN ] app\index\controller\Index->index[ D:\wamp\work\mybk\application\index\controller\Index.php ]
[ info ] [ LOG ] INIT File
[ error ] [1049]SQLSTATE[HY000] [1049] Unknown database 'mybk'[D:\wamp\work\mybk\thinkphp\library\think\db\Connection.php:282]

---------------------------------------------------------------
